running egg_info
writing ../../build/gesture_control/gesture_control.egg-info/PKG-INFO
writing dependency_links to ../../build/gesture_control/gesture_control.egg-info/dependency_links.txt
writing entry points to ../../build/gesture_control/gesture_control.egg-info/entry_points.txt
writing requirements to ../../build/gesture_control/gesture_control.egg-info/requires.txt
writing top-level names to ../../build/gesture_control/gesture_control.egg-info/top_level.txt
reading manifest file '../../build/gesture_control/gesture_control.egg-info/SOURCES.txt'
writing manifest file '../../build/gesture_control/gesture_control.egg-info/SOURCES.txt'
running build
running build_py
copying gesture_control/gesture_subscriber.py -> /home/james/Desktop/SME-Lab/Final_Project/ros2_ws/build/gesture_control/build/lib/gesture_control
copying gesture_control/gesture_detector.py -> /home/james/Desktop/SME-Lab/Final_Project/ros2_ws/build/gesture_control/build/lib/gesture_control
copying gesture_control/gesture_publisher.py -> /home/james/Desktop/SME-Lab/Final_Project/ros2_ws/build/gesture_control/build/lib/gesture_control
running install
running install_lib
copying /home/james/Desktop/SME-Lab/Final_Project/ros2_ws/build/gesture_control/build/lib/gesture_control/gesture_subscriber.py -> /home/james/Desktop/SME-Lab/Final_Project/ros2_ws/install/gesture_control/lib/python3.8/site-packages/gesture_control
copying /home/james/Desktop/SME-Lab/Final_Project/ros2_ws/build/gesture_control/build/lib/gesture_control/gesture_detector.py -> /home/james/Desktop/SME-Lab/Final_Project/ros2_ws/install/gesture_control/lib/python3.8/site-packages/gesture_control
copying /home/james/Desktop/SME-Lab/Final_Project/ros2_ws/build/gesture_control/build/lib/gesture_control/gesture_publisher.py -> /home/james/Desktop/SME-Lab/Final_Project/ros2_ws/install/gesture_control/lib/python3.8/site-packages/gesture_control
byte-compiling /home/james/Desktop/SME-Lab/Final_Project/ros2_ws/install/gesture_control/lib/python3.8/site-packages/gesture_control/gesture_subscriber.py to gesture_subscriber.cpython-38.pyc
byte-compiling /home/james/Desktop/SME-Lab/Final_Project/ros2_ws/install/gesture_control/lib/python3.8/site-packages/gesture_control/gesture_detector.py to gesture_detector.cpython-38.pyc
byte-compiling /home/james/Desktop/SME-Lab/Final_Project/ros2_ws/install/gesture_control/lib/python3.8/site-packages/gesture_control/gesture_publisher.py to gesture_publisher.cpython-38.pyc
running install_data
copying package.xml -> /home/james/Desktop/SME-Lab/Final_Project/ros2_ws/install/gesture_control/share/gesture_control
running install_egg_info
removing '/home/james/Desktop/SME-Lab/Final_Project/ros2_ws/install/gesture_control/lib/python3.8/site-packages/gesture_control-0.0.0-py3.8.egg-info' (and everything under it)
Copying ../../build/gesture_control/gesture_control.egg-info to /home/james/Desktop/SME-Lab/Final_Project/ros2_ws/install/gesture_control/lib/python3.8/site-packages/gesture_control-0.0.0-py3.8.egg-info
running install_scripts
Installing gesture_publisher script to /home/james/Desktop/SME-Lab/Final_Project/ros2_ws/install/gesture_control/lib/gesture_control
Installing gesture_subscriber script to /home/james/Desktop/SME-Lab/Final_Project/ros2_ws/install/gesture_control/lib/gesture_control
writing list of installed files to '/home/james/Desktop/SME-Lab/Final_Project/ros2_ws/build/gesture_control/install.log'
