[1.634s] Invoking command in '/home/james/Desktop/SME-Lab/Final_Project/ros2_ws/src/gesture_control': PYTHONPATH=/home/james/Desktop/SME-Lab/Final_Project/ros2_ws/build/gesture_control/prefix_override:/home/james/Desktop/SME-Lab/Final_Project/ros2_ws/install/gesture_control/lib/python3.8/site-packages:${PYTHONPATH} /usr/bin/python3 setup.py egg_info --egg-base ../../build/gesture_control build --build-base /home/james/Desktop/SME-Lab/Final_Project/ros2_ws/build/gesture_control/build install --record /home/james/Desktop/SME-Lab/Final_Project/ros2_ws/build/gesture_control/install.log --install-scripts $base/lib/gesture_control --single-version-externally-managed
[1.975s] running egg_info
[1.977s] writing ../../build/gesture_control/gesture_control.egg-info/PKG-INFO
[1.978s] writing dependency_links to ../../build/gesture_control/gesture_control.egg-info/dependency_links.txt
[1.980s] writing entry points to ../../build/gesture_control/gesture_control.egg-info/entry_points.txt
[1.981s] writing requirements to ../../build/gesture_control/gesture_control.egg-info/requires.txt
[1.982s] writing top-level names to ../../build/gesture_control/gesture_control.egg-info/top_level.txt
[2.077s] reading manifest file '../../build/gesture_control/gesture_control.egg-info/SOURCES.txt'
[2.079s] writing manifest file '../../build/gesture_control/gesture_control.egg-info/SOURCES.txt'
[2.079s] running build
[2.080s] running build_py
[2.089s] copying gesture_control/gesture_subscriber.py -> /home/james/Desktop/SME-Lab/Final_Project/ros2_ws/build/gesture_control/build/lib/gesture_control
[2.091s] copying gesture_control/gesture_detector.py -> /home/james/Desktop/SME-Lab/Final_Project/ros2_ws/build/gesture_control/build/lib/gesture_control
[2.091s] copying gesture_control/gesture_publisher.py -> /home/james/Desktop/SME-Lab/Final_Project/ros2_ws/build/gesture_control/build/lib/gesture_control
[2.093s] running install
[2.102s] running install_lib
[2.104s] copying /home/james/Desktop/SME-Lab/Final_Project/ros2_ws/build/gesture_control/build/lib/gesture_control/gesture_subscriber.py -> /home/james/Desktop/SME-Lab/Final_Project/ros2_ws/install/gesture_control/lib/python3.8/site-packages/gesture_control
[2.105s] copying /home/james/Desktop/SME-Lab/Final_Project/ros2_ws/build/gesture_control/build/lib/gesture_control/gesture_detector.py -> /home/james/Desktop/SME-Lab/Final_Project/ros2_ws/install/gesture_control/lib/python3.8/site-packages/gesture_control
[2.116s] copying /home/james/Desktop/SME-Lab/Final_Project/ros2_ws/build/gesture_control/build/lib/gesture_control/gesture_publisher.py -> /home/james/Desktop/SME-Lab/Final_Project/ros2_ws/install/gesture_control/lib/python3.8/site-packages/gesture_control
[2.117s] byte-compiling /home/james/Desktop/SME-Lab/Final_Project/ros2_ws/install/gesture_control/lib/python3.8/site-packages/gesture_control/gesture_subscriber.py to gesture_subscriber.cpython-38.pyc
[2.134s] byte-compiling /home/james/Desktop/SME-Lab/Final_Project/ros2_ws/install/gesture_control/lib/python3.8/site-packages/gesture_control/gesture_detector.py to gesture_detector.cpython-38.pyc
[2.135s] byte-compiling /home/james/Desktop/SME-Lab/Final_Project/ros2_ws/install/gesture_control/lib/python3.8/site-packages/gesture_control/gesture_publisher.py to gesture_publisher.cpython-38.pyc
[2.138s] running install_data
[2.138s] copying package.xml -> /home/james/Desktop/SME-Lab/Final_Project/ros2_ws/install/gesture_control/share/gesture_control
[2.138s] running install_egg_info
[2.138s] removing '/home/james/Desktop/SME-Lab/Final_Project/ros2_ws/install/gesture_control/lib/python3.8/site-packages/gesture_control-0.0.0-py3.8.egg-info' (and everything under it)
[2.138s] Copying ../../build/gesture_control/gesture_control.egg-info to /home/james/Desktop/SME-Lab/Final_Project/ros2_ws/install/gesture_control/lib/python3.8/site-packages/gesture_control-0.0.0-py3.8.egg-info
[2.157s] running install_scripts
[2.199s] Installing gesture_publisher script to /home/james/Desktop/SME-Lab/Final_Project/ros2_ws/install/gesture_control/lib/gesture_control
[2.208s] Installing gesture_subscriber script to /home/james/Desktop/SME-Lab/Final_Project/ros2_ws/install/gesture_control/lib/gesture_control
[2.211s] writing list of installed files to '/home/james/Desktop/SME-Lab/Final_Project/ros2_ws/build/gesture_control/install.log'
[2.328s] Invoked command in '/home/james/Desktop/SME-Lab/Final_Project/ros2_ws/src/gesture_control' returned '0': PYTHONPATH=/home/james/Desktop/SME-Lab/Final_Project/ros2_ws/build/gesture_control/prefix_override:/home/james/Desktop/SME-Lab/Final_Project/ros2_ws/install/gesture_control/lib/python3.8/site-packages:${PYTHONPATH} /usr/bin/python3 setup.py egg_info --egg-base ../../build/gesture_control build --build-base /home/james/Desktop/SME-Lab/Final_Project/ros2_ws/build/gesture_control/build install --record /home/james/Desktop/SME-Lab/Final_Project/ros2_ws/build/gesture_control/install.log --install-scripts $base/lib/gesture_control --single-version-externally-managed
