[0.819s] Invoking command in '/home/jamshid/Desktop/SME-Lab/week-6-assignment-Advanced/ros2_ws/src/py_pubsub': PYTHONPATH=/home/jamshid/Desktop/SME-Lab/week-6-assignment-Advanced/ros2_ws/build/py_pubsub/prefix_override:/home/jamshid/Desktop/SME-Lab/week-6-assignment-Advanced/ros2_ws/install/py_pubsub/lib/python3.10/site-packages:${PYTHONPATH} /usr/bin/python3 setup.py egg_info --egg-base ../../build/py_pubsub build --build-base /home/jamshid/Desktop/SME-Lab/week-6-assignment-Advanced/ros2_ws/build/py_pubsub/build install --record /home/jamshid/Desktop/SME-Lab/week-6-assignment-Advanced/ros2_ws/build/py_pubsub/install.log --single-version-externally-managed
[1.037s] running egg_info
[1.038s] writing ../../build/py_pubsub/py_pubsub.egg-info/PKG-INFO
[1.039s] writing dependency_links to ../../build/py_pubsub/py_pubsub.egg-info/dependency_links.txt
[1.039s] writing entry points to ../../build/py_pubsub/py_pubsub.egg-info/entry_points.txt
[1.040s] writing requirements to ../../build/py_pubsub/py_pubsub.egg-info/requires.txt
[1.041s] writing top-level names to ../../build/py_pubsub/py_pubsub.egg-info/top_level.txt
[1.043s] reading manifest file '../../build/py_pubsub/py_pubsub.egg-info/SOURCES.txt'
[1.044s] writing manifest file '../../build/py_pubsub/py_pubsub.egg-info/SOURCES.txt'
[1.045s] running build
[1.045s] running build_py
[1.045s] running install
[1.046s] /usr/lib/python3/dist-packages/setuptools/command/install.py:34: SetuptoolsDeprecationWarning: setup.py install is deprecated. Use build and pip and other standards-based tools.
[1.046s]   warnings.warn(
[1.046s] running install_lib
[1.048s] running install_data
[1.049s] running install_egg_info
[1.051s] removing '/home/jamshid/Desktop/SME-Lab/week-6-assignment-Advanced/ros2_ws/install/py_pubsub/lib/python3.10/site-packages/py_pubsub-0.0.0-py3.10.egg-info' (and everything under it)
[1.051s] Copying ../../build/py_pubsub/py_pubsub.egg-info to /home/jamshid/Desktop/SME-Lab/week-6-assignment-Advanced/ros2_ws/install/py_pubsub/lib/python3.10/site-packages/py_pubsub-0.0.0-py3.10.egg-info
[1.052s] running install_scripts
[1.074s] Installing listener script to /home/jamshid/Desktop/SME-Lab/week-6-assignment-Advanced/ros2_ws/install/py_pubsub/lib/py_pubsub
[1.075s] Installing talker script to /home/jamshid/Desktop/SME-Lab/week-6-assignment-Advanced/ros2_ws/install/py_pubsub/lib/py_pubsub
[1.076s] writing list of installed files to '/home/jamshid/Desktop/SME-Lab/week-6-assignment-Advanced/ros2_ws/build/py_pubsub/install.log'
[1.112s] Invoked command in '/home/jamshid/Desktop/SME-Lab/week-6-assignment-Advanced/ros2_ws/src/py_pubsub' returned '0': PYTHONPATH=/home/jamshid/Desktop/SME-Lab/week-6-assignment-Advanced/ros2_ws/build/py_pubsub/prefix_override:/home/jamshid/Desktop/SME-Lab/week-6-assignment-Advanced/ros2_ws/install/py_pubsub/lib/python3.10/site-packages:${PYTHONPATH} /usr/bin/python3 setup.py egg_info --egg-base ../../build/py_pubsub build --build-base /home/jamshid/Desktop/SME-Lab/week-6-assignment-Advanced/ros2_ws/build/py_pubsub/build install --record /home/jamshid/Desktop/SME-Lab/week-6-assignment-Advanced/ros2_ws/build/py_pubsub/install.log --single-version-externally-managed
