[0.949s] DEBUG:colcon:Command line arguments: ['/usr/bin/colcon', 'build', '--packages-select', 'cpp_pubsub']
[0.949s] DEBUG:colcon:Parsed command line arguments: Namespace(log_base=None, log_level=None, verb_name='build', build_base='build', install_base='install', merge_install=False, symlink_install=False, test_result_base=None, continue_on_error=False, executor='parallel', parallel_workers=2, event_handlers=None, ignore_user_meta=False, metas=['./colcon.meta'], base_paths=['.'], packages_ignore=None, packages_ignore_regex=None, paths=None, packages_up_to=None, packages_up_to_regex=None, packages_above=None, packages_above_and_dependencies=None, packages_above_depth=None, packages_select_by_dep=None, packages_skip_by_dep=None, packages_skip_up_to=None, packages_select_build_failed=False, packages_skip_build_finished=False, packages_select_test_failures=False, packages_skip_test_passed=False, packages_select=['cpp_pubsub'], packages_skip=None, packages_select_regex=None, packages_skip_regex=None, packages_start=None, packages_end=None, allow_overriding=[], cmake_args=None, cmake_target=None, cmake_target_skip_unavailable=False, cmake_clean_cache=False, cmake_clean_first=False, cmake_force_configure=False, ament_cmake_args=None, catkin_cmake_args=None, catkin_skip_building_tests=False, verb_parser=<colcon_defaults.argument_parser.defaults.DefaultArgumentsDecorator object at 0x7f79247a48e0>, verb_extension=<colcon_core.verb.build.BuildVerb object at 0x7f79247a5f60>, main=<bound method BuildVerb.main of <colcon_core.verb.build.BuildVerb object at 0x7f79247a5f60>>)
[0.993s] Level 1:colcon.colcon_core.package_discovery:discover_packages(colcon_meta) check parameters
[0.993s] Level 1:colcon.colcon_core.package_discovery:discover_packages(recursive) check parameters
[0.993s] Level 1:colcon.colcon_core.package_discovery:discover_packages(ignore) check parameters
[0.993s] Level 1:colcon.colcon_core.package_discovery:discover_packages(path) check parameters
[0.993s] Level 1:colcon.colcon_core.package_discovery:discover_packages(colcon_meta) discover
[0.993s] Level 1:colcon.colcon_core.package_discovery:discover_packages(recursive) discover
[0.993s] INFO:colcon.colcon_core.package_discovery:Crawling recursively for packages in '/home/jamshid/Desktop/SME-Lab/week-6-assignment-Advanced/ros2_ws'
[0.994s] Level 1:colcon.colcon_core.package_identification:_identify(.) by extensions ['ignore', 'ignore_ament_install']
[0.994s] Level 1:colcon.colcon_core.package_identification:_identify(.) by extension 'ignore'
[0.994s] Level 1:colcon.colcon_core.package_identification:_identify(.) by extension 'ignore_ament_install'
[0.994s] Level 1:colcon.colcon_core.package_identification:_identify(.) by extensions ['colcon_pkg']
[0.994s] Level 1:colcon.colcon_core.package_identification:_identify(.) by extension 'colcon_pkg'
[0.994s] Level 1:colcon.colcon_core.package_identification:_identify(.) by extensions ['colcon_meta']
[0.994s] Level 1:colcon.colcon_core.package_identification:_identify(.) by extension 'colcon_meta'
[0.994s] Level 1:colcon.colcon_core.package_identification:_identify(.) by extensions ['ros']
[0.994s] Level 1:colcon.colcon_core.package_identification:_identify(.) by extension 'ros'
[1.005s] Level 1:colcon.colcon_core.package_identification:_identify(.) by extensions ['cmake', 'python']
[1.005s] Level 1:colcon.colcon_core.package_identification:_identify(.) by extension 'cmake'
[1.006s] Level 1:colcon.colcon_core.package_identification:_identify(.) by extension 'python'
[1.006s] Level 1:colcon.colcon_core.package_identification:_identify(.) by extensions ['python_setup_py']
[1.006s] Level 1:colcon.colcon_core.package_identification:_identify(.) by extension 'python_setup_py'
[1.006s] Level 1:colcon.colcon_core.package_identification:_identify(build) by extensions ['ignore', 'ignore_ament_install']
[1.006s] Level 1:colcon.colcon_core.package_identification:_identify(build) by extension 'ignore'
[1.006s] Level 1:colcon.colcon_core.package_identification:_identify(build) ignored
[1.006s] Level 1:colcon.colcon_core.package_identification:_identify(install) by extensions ['ignore', 'ignore_ament_install']
[1.006s] Level 1:colcon.colcon_core.package_identification:_identify(install) by extension 'ignore'
[1.007s] Level 1:colcon.colcon_core.package_identification:_identify(install) ignored
[1.007s] Level 1:colcon.colcon_core.package_identification:_identify(log) by extensions ['ignore', 'ignore_ament_install']
[1.007s] Level 1:colcon.colcon_core.package_identification:_identify(log) by extension 'ignore'
[1.007s] Level 1:colcon.colcon_core.package_identification:_identify(log) ignored
[1.007s] Level 1:colcon.colcon_core.package_identification:_identify(src) by extensions ['ignore', 'ignore_ament_install']
[1.007s] Level 1:colcon.colcon_core.package_identification:_identify(src) by extension 'ignore'
[1.007s] Level 1:colcon.colcon_core.package_identification:_identify(src) by extension 'ignore_ament_install'
[1.007s] Level 1:colcon.colcon_core.package_identification:_identify(src) by extensions ['colcon_pkg']
[1.007s] Level 1:colcon.colcon_core.package_identification:_identify(src) by extension 'colcon_pkg'
[1.007s] Level 1:colcon.colcon_core.package_identification:_identify(src) by extensions ['colcon_meta']
[1.007s] Level 1:colcon.colcon_core.package_identification:_identify(src) by extension 'colcon_meta'
[1.007s] Level 1:colcon.colcon_core.package_identification:_identify(src) by extensions ['ros']
[1.007s] Level 1:colcon.colcon_core.package_identification:_identify(src) by extension 'ros'
[1.008s] Level 1:colcon.colcon_core.package_identification:_identify(src) by extensions ['cmake', 'python']
[1.008s] Level 1:colcon.colcon_core.package_identification:_identify(src) by extension 'cmake'
[1.008s] Level 1:colcon.colcon_core.package_identification:_identify(src) by extension 'python'
[1.008s] Level 1:colcon.colcon_core.package_identification:_identify(src) by extensions ['python_setup_py']
[1.008s] Level 1:colcon.colcon_core.package_identification:_identify(src) by extension 'python_setup_py'
[1.008s] Level 1:colcon.colcon_core.package_identification:_identify(src/cpp_pubsub) by extensions ['ignore', 'ignore_ament_install']
[1.008s] Level 1:colcon.colcon_core.package_identification:_identify(src/cpp_pubsub) by extension 'ignore'
[1.008s] Level 1:colcon.colcon_core.package_identification:_identify(src/cpp_pubsub) by extension 'ignore_ament_install'
[1.008s] Level 1:colcon.colcon_core.package_identification:_identify(src/cpp_pubsub) by extensions ['colcon_pkg']
[1.008s] Level 1:colcon.colcon_core.package_identification:_identify(src/cpp_pubsub) by extension 'colcon_pkg'
[1.008s] Level 1:colcon.colcon_core.package_identification:_identify(src/cpp_pubsub) by extensions ['colcon_meta']
[1.008s] Level 1:colcon.colcon_core.package_identification:_identify(src/cpp_pubsub) by extension 'colcon_meta'
[1.009s] Level 1:colcon.colcon_core.package_identification:_identify(src/cpp_pubsub) by extensions ['ros']
[1.009s] Level 1:colcon.colcon_core.package_identification:_identify(src/cpp_pubsub) by extension 'ros'
[1.011s] DEBUG:colcon.colcon_core.package_identification:Package 'src/cpp_pubsub' with type 'ros.ament_cmake' and name 'cpp_pubsub'
[1.011s] Level 1:colcon.colcon_core.package_identification:_identify(src/my_package) by extensions ['ignore', 'ignore_ament_install']
[1.011s] Level 1:colcon.colcon_core.package_identification:_identify(src/my_package) by extension 'ignore'
[1.011s] Level 1:colcon.colcon_core.package_identification:_identify(src/my_package) by extension 'ignore_ament_install'
[1.011s] Level 1:colcon.colcon_core.package_identification:_identify(src/my_package) by extensions ['colcon_pkg']
[1.011s] Level 1:colcon.colcon_core.package_identification:_identify(src/my_package) by extension 'colcon_pkg'
[1.011s] Level 1:colcon.colcon_core.package_identification:_identify(src/my_package) by extensions ['colcon_meta']
[1.012s] Level 1:colcon.colcon_core.package_identification:_identify(src/my_package) by extension 'colcon_meta'
[1.012s] Level 1:colcon.colcon_core.package_identification:_identify(src/my_package) by extensions ['ros']
[1.012s] Level 1:colcon.colcon_core.package_identification:_identify(src/my_package) by extension 'ros'
[1.012s] DEBUG:colcon.colcon_core.package_identification:Package 'src/my_package' with type 'ros.ament_cmake' and name 'my_package'
[1.013s] Level 1:colcon.colcon_core.package_identification:_identify(src/ros_tutorials) by extensions ['ignore', 'ignore_ament_install']
[1.013s] Level 1:colcon.colcon_core.package_identification:_identify(src/ros_tutorials) by extension 'ignore'
[1.013s] Level 1:colcon.colcon_core.package_identification:_identify(src/ros_tutorials) by extension 'ignore_ament_install'
[1.013s] Level 1:colcon.colcon_core.package_identification:_identify(src/ros_tutorials) by extensions ['colcon_pkg']
[1.013s] Level 1:colcon.colcon_core.package_identification:_identify(src/ros_tutorials) by extension 'colcon_pkg'
[1.013s] Level 1:colcon.colcon_core.package_identification:_identify(src/ros_tutorials) by extensions ['colcon_meta']
[1.013s] Level 1:colcon.colcon_core.package_identification:_identify(src/ros_tutorials) by extension 'colcon_meta'
[1.013s] Level 1:colcon.colcon_core.package_identification:_identify(src/ros_tutorials) by extensions ['ros']
[1.013s] Level 1:colcon.colcon_core.package_identification:_identify(src/ros_tutorials) by extension 'ros'
[1.013s] Level 1:colcon.colcon_core.package_identification:_identify(src/ros_tutorials) by extensions ['cmake', 'python']
[1.013s] Level 1:colcon.colcon_core.package_identification:_identify(src/ros_tutorials) by extension 'cmake'
[1.013s] Level 1:colcon.colcon_core.package_identification:_identify(src/ros_tutorials) by extension 'python'
[1.013s] Level 1:colcon.colcon_core.package_identification:_identify(src/ros_tutorials) by extensions ['python_setup_py']
[1.013s] Level 1:colcon.colcon_core.package_identification:_identify(src/ros_tutorials) by extension 'python_setup_py'
[1.014s] Level 1:colcon.colcon_core.package_identification:_identify(src/ros_tutorials/ros_tutorials) by extensions ['ignore', 'ignore_ament_install']
[1.014s] Level 1:colcon.colcon_core.package_identification:_identify(src/ros_tutorials/ros_tutorials) by extension 'ignore'
[1.014s] Level 1:colcon.colcon_core.package_identification:_identify(src/ros_tutorials/ros_tutorials) ignored
[1.014s] Level 1:colcon.colcon_core.package_identification:_identify(src/ros_tutorials/roscpp_tutorials) by extensions ['ignore', 'ignore_ament_install']
[1.014s] Level 1:colcon.colcon_core.package_identification:_identify(src/ros_tutorials/roscpp_tutorials) by extension 'ignore'
[1.014s] Level 1:colcon.colcon_core.package_identification:_identify(src/ros_tutorials/roscpp_tutorials) ignored
[1.014s] Level 1:colcon.colcon_core.package_identification:_identify(src/ros_tutorials/rospy_tutorials) by extensions ['ignore', 'ignore_ament_install']
[1.015s] Level 1:colcon.colcon_core.package_identification:_identify(src/ros_tutorials/rospy_tutorials) by extension 'ignore'
[1.015s] Level 1:colcon.colcon_core.package_identification:_identify(src/ros_tutorials/rospy_tutorials) ignored
[1.015s] Level 1:colcon.colcon_core.package_identification:_identify(src/ros_tutorials/turtlesim) by extensions ['ignore', 'ignore_ament_install']
[1.015s] Level 1:colcon.colcon_core.package_identification:_identify(src/ros_tutorials/turtlesim) by extension 'ignore'
[1.015s] Level 1:colcon.colcon_core.package_identification:_identify(src/ros_tutorials/turtlesim) by extension 'ignore_ament_install'
[1.015s] Level 1:colcon.colcon_core.package_identification:_identify(src/ros_tutorials/turtlesim) by extensions ['colcon_pkg']
[1.015s] Level 1:colcon.colcon_core.package_identification:_identify(src/ros_tutorials/turtlesim) by extension 'colcon_pkg'
[1.015s] Level 1:colcon.colcon_core.package_identification:_identify(src/ros_tutorials/turtlesim) by extensions ['colcon_meta']
[1.015s] Level 1:colcon.colcon_core.package_identification:_identify(src/ros_tutorials/turtlesim) by extension 'colcon_meta'
[1.015s] Level 1:colcon.colcon_core.package_identification:_identify(src/ros_tutorials/turtlesim) by extensions ['ros']
[1.015s] Level 1:colcon.colcon_core.package_identification:_identify(src/ros_tutorials/turtlesim) by extension 'ros'
[1.017s] DEBUG:colcon.colcon_core.package_identification:Package 'src/ros_tutorials/turtlesim' with type 'ros.ament_cmake' and name 'turtlesim'
[1.017s] Level 1:colcon.colcon_core.package_discovery:discover_packages(recursive) using defaults
[1.017s] Level 1:colcon.colcon_core.package_discovery:discover_packages(ignore) discover
[1.017s] Level 1:colcon.colcon_core.package_discovery:discover_packages(ignore) using defaults
[1.017s] Level 1:colcon.colcon_core.package_discovery:discover_packages(path) discover
[1.017s] Level 1:colcon.colcon_core.package_discovery:discover_packages(path) using defaults
[1.076s] INFO:colcon.colcon_core.package_selection:Skipping not selected package 'my_package' in 'src/my_package'
[1.076s] INFO:colcon.colcon_core.package_selection:Skipping not selected package 'turtlesim' in 'src/ros_tutorials/turtlesim'
[1.105s] Level 1:colcon.colcon_core.package_discovery:discover_packages(prefix_path) check parameters
[1.106s] Level 1:colcon.colcon_core.package_discovery:discover_packages(prefix_path) discover
[1.133s] DEBUG:colcon.colcon_installed_package_information.package_discovery:Found 3 installed packages in /home/jamshid/Desktop/SME-Lab/week-6-assignment-Advanced/ros2_ws/install
[1.151s] DEBUG:colcon.colcon_installed_package_information.package_discovery:Found 284 installed packages in /opt/ros/humble
[1.154s] Level 1:colcon.colcon_core.package_discovery:discover_packages(prefix_path) using defaults
[1.240s] Level 5:colcon.colcon_core.verb:set package 'cpp_pubsub' build argument 'cmake_args' from command line to 'None'
[1.240s] Level 5:colcon.colcon_core.verb:set package 'cpp_pubsub' build argument 'cmake_target' from command line to 'None'
[1.240s] Level 5:colcon.colcon_core.verb:set package 'cpp_pubsub' build argument 'cmake_target_skip_unavailable' from command line to 'False'
[1.240s] Level 5:colcon.colcon_core.verb:set package 'cpp_pubsub' build argument 'cmake_clean_cache' from command line to 'False'
[1.240s] Level 5:colcon.colcon_core.verb:set package 'cpp_pubsub' build argument 'cmake_clean_first' from command line to 'False'
[1.240s] Level 5:colcon.colcon_core.verb:set package 'cpp_pubsub' build argument 'cmake_force_configure' from command line to 'False'
[1.240s] Level 5:colcon.colcon_core.verb:set package 'cpp_pubsub' build argument 'ament_cmake_args' from command line to 'None'
[1.240s] Level 5:colcon.colcon_core.verb:set package 'cpp_pubsub' build argument 'catkin_cmake_args' from command line to 'None'
[1.240s] Level 5:colcon.colcon_core.verb:set package 'cpp_pubsub' build argument 'catkin_skip_building_tests' from command line to 'False'
[1.240s] DEBUG:colcon.colcon_core.verb:Building package 'cpp_pubsub' with the following arguments: {'ament_cmake_args': None, 'build_base': '/home/jamshid/Desktop/SME-Lab/week-6-assignment-Advanced/ros2_ws/build/cpp_pubsub', 'catkin_cmake_args': None, 'catkin_skip_building_tests': False, 'cmake_args': None, 'cmake_clean_cache': False, 'cmake_clean_first': False, 'cmake_force_configure': False, 'cmake_target': None, 'cmake_target_skip_unavailable': False, 'install_base': '/home/jamshid/Desktop/SME-Lab/week-6-assignment-Advanced/ros2_ws/install/cpp_pubsub', 'merge_install': False, 'path': '/home/jamshid/Desktop/SME-Lab/week-6-assignment-Advanced/ros2_ws/src/cpp_pubsub', 'symlink_install': False, 'test_result_base': None}
[1.254s] INFO:colcon.colcon_core.executor:Executing jobs using 'parallel' executor
[1.269s] DEBUG:colcon.colcon_parallel_executor.executor.parallel:run_until_complete
[1.269s] INFO:colcon.colcon_ros.task.ament_cmake.build:Building ROS package in '/home/jamshid/Desktop/SME-Lab/week-6-assignment-Advanced/ros2_ws/src/cpp_pubsub' with build type 'ament_cmake'
[1.269s] INFO:colcon.colcon_cmake.task.cmake.build:Building CMake package in '/home/jamshid/Desktop/SME-Lab/week-6-assignment-Advanced/ros2_ws/src/cpp_pubsub'
[1.289s] INFO:colcon.colcon_core.plugin_system:Skipping extension 'colcon_core.shell.bat': Not used on non-Windows systems
[1.289s] INFO:colcon.colcon_core.shell:Skip shell extension 'powershell' for command environment: Not usable outside of PowerShell
[1.289s] DEBUG:colcon.colcon_core.shell:Skip shell extension 'dsv' for command environment
[1.364s] DEBUG:colcon.colcon_core.event_handler.log_command:Invoking command in '/home/jamshid/Desktop/SME-Lab/week-6-assignment-Advanced/ros2_ws/build/cpp_pubsub': CMAKE_PREFIX_PATH=${CMAKE_PREFIX_PATH}:/opt/ros/humble /usr/bin/cmake --build /home/jamshid/Desktop/SME-Lab/week-6-assignment-Advanced/ros2_ws/build/cpp_pubsub -- -j2 -l2
[14.868s] DEBUG:colcon.colcon_core.event_handler.log_command:Invoked command in '/home/jamshid/Desktop/SME-Lab/week-6-assignment-Advanced/ros2_ws/build/cpp_pubsub' returned '0': CMAKE_PREFIX_PATH=${CMAKE_PREFIX_PATH}:/opt/ros/humble /usr/bin/cmake --build /home/jamshid/Desktop/SME-Lab/week-6-assignment-Advanced/ros2_ws/build/cpp_pubsub -- -j2 -l2
[14.935s] DEBUG:colcon.colcon_core.event_handler.log_command:Invoking command in '/home/jamshid/Desktop/SME-Lab/week-6-assignment-Advanced/ros2_ws/build/cpp_pubsub': CMAKE_PREFIX_PATH=${CMAKE_PREFIX_PATH}:/opt/ros/humble /usr/bin/cmake --install /home/jamshid/Desktop/SME-Lab/week-6-assignment-Advanced/ros2_ws/build/cpp_pubsub
[14.963s] Level 1:colcon.colcon_core.environment:create_environment_scripts_only(cpp_pubsub)
[14.964s] DEBUG:colcon.colcon_core.event_handler.log_command:Invoked command in '/home/jamshid/Desktop/SME-Lab/week-6-assignment-Advanced/ros2_ws/build/cpp_pubsub' returned '0': CMAKE_PREFIX_PATH=${CMAKE_PREFIX_PATH}:/opt/ros/humble /usr/bin/cmake --install /home/jamshid/Desktop/SME-Lab/week-6-assignment-Advanced/ros2_ws/build/cpp_pubsub
[15.004s] Level 1:colcon.colcon_core.environment:checking '/home/jamshid/Desktop/SME-Lab/week-6-assignment-Advanced/ros2_ws/install/cpp_pubsub' for CMake module files
[15.005s] Level 1:colcon.colcon_core.environment:checking '/home/jamshid/Desktop/SME-Lab/week-6-assignment-Advanced/ros2_ws/install/cpp_pubsub' for CMake config files
[15.005s] Level 1:colcon.colcon_core.shell:create_environment_hook('cpp_pubsub', 'cmake_prefix_path')
[15.018s] INFO:colcon.colcon_core.shell:Creating environment hook '/home/jamshid/Desktop/SME-Lab/week-6-assignment-Advanced/ros2_ws/install/cpp_pubsub/share/cpp_pubsub/hook/cmake_prefix_path.ps1'
[15.020s] INFO:colcon.colcon_core.shell:Creating environment descriptor '/home/jamshid/Desktop/SME-Lab/week-6-assignment-Advanced/ros2_ws/install/cpp_pubsub/share/cpp_pubsub/hook/cmake_prefix_path.dsv'
[15.024s] INFO:colcon.colcon_core.shell:Creating environment hook '/home/jamshid/Desktop/SME-Lab/week-6-assignment-Advanced/ros2_ws/install/cpp_pubsub/share/cpp_pubsub/hook/cmake_prefix_path.sh'
[15.026s] Level 1:colcon.colcon_core.environment:checking '/home/jamshid/Desktop/SME-Lab/week-6-assignment-Advanced/ros2_ws/install/cpp_pubsub/lib'
[15.026s] Level 1:colcon.colcon_core.environment:checking '/home/jamshid/Desktop/SME-Lab/week-6-assignment-Advanced/ros2_ws/install/cpp_pubsub/bin'
[15.026s] Level 1:colcon.colcon_core.environment:checking '/home/jamshid/Desktop/SME-Lab/week-6-assignment-Advanced/ros2_ws/install/cpp_pubsub/lib/pkgconfig/cpp_pubsub.pc'
[15.026s] Level 1:colcon.colcon_core.environment:checking '/home/jamshid/Desktop/SME-Lab/week-6-assignment-Advanced/ros2_ws/install/cpp_pubsub/lib/python3.10/site-packages'
[15.027s] Level 1:colcon.colcon_core.environment:checking '/home/jamshid/Desktop/SME-Lab/week-6-assignment-Advanced/ros2_ws/install/cpp_pubsub/bin'
[15.043s] INFO:colcon.colcon_core.shell:Creating package script '/home/jamshid/Desktop/SME-Lab/week-6-assignment-Advanced/ros2_ws/install/cpp_pubsub/share/cpp_pubsub/package.ps1'
[15.045s] INFO:colcon.colcon_core.shell:Creating package descriptor '/home/jamshid/Desktop/SME-Lab/week-6-assignment-Advanced/ros2_ws/install/cpp_pubsub/share/cpp_pubsub/package.dsv'
[15.046s] INFO:colcon.colcon_core.shell:Creating package script '/home/jamshid/Desktop/SME-Lab/week-6-assignment-Advanced/ros2_ws/install/cpp_pubsub/share/cpp_pubsub/package.sh'
[15.048s] INFO:colcon.colcon_core.shell:Creating package script '/home/jamshid/Desktop/SME-Lab/week-6-assignment-Advanced/ros2_ws/install/cpp_pubsub/share/cpp_pubsub/package.bash'
[15.049s] INFO:colcon.colcon_core.shell:Creating package script '/home/jamshid/Desktop/SME-Lab/week-6-assignment-Advanced/ros2_ws/install/cpp_pubsub/share/cpp_pubsub/package.zsh'
[15.051s] Level 1:colcon.colcon_core.environment:create_file_with_runtime_dependencies(/home/jamshid/Desktop/SME-Lab/week-6-assignment-Advanced/ros2_ws/install/cpp_pubsub/share/colcon-core/packages/cpp_pubsub)
[15.118s] Level 1:colcon.colcon_core.environment:create_environment_scripts_only(cpp_pubsub)
[15.139s] Level 1:colcon.colcon_core.environment:checking '/home/jamshid/Desktop/SME-Lab/week-6-assignment-Advanced/ros2_ws/install/cpp_pubsub' for CMake module files
[15.140s] Level 1:colcon.colcon_core.environment:checking '/home/jamshid/Desktop/SME-Lab/week-6-assignment-Advanced/ros2_ws/install/cpp_pubsub' for CMake config files
[15.140s] Level 1:colcon.colcon_core.shell:create_environment_hook('cpp_pubsub', 'cmake_prefix_path')
[15.155s] INFO:colcon.colcon_core.shell:Creating environment hook '/home/jamshid/Desktop/SME-Lab/week-6-assignment-Advanced/ros2_ws/install/cpp_pubsub/share/cpp_pubsub/hook/cmake_prefix_path.ps1'
[15.157s] INFO:colcon.colcon_core.shell:Creating environment descriptor '/home/jamshid/Desktop/SME-Lab/week-6-assignment-Advanced/ros2_ws/install/cpp_pubsub/share/cpp_pubsub/hook/cmake_prefix_path.dsv'
[15.158s] INFO:colcon.colcon_core.shell:Creating environment hook '/home/jamshid/Desktop/SME-Lab/week-6-assignment-Advanced/ros2_ws/install/cpp_pubsub/share/cpp_pubsub/hook/cmake_prefix_path.sh'
[15.159s] Level 1:colcon.colcon_core.environment:checking '/home/jamshid/Desktop/SME-Lab/week-6-assignment-Advanced/ros2_ws/install/cpp_pubsub/lib'
[15.159s] Level 1:colcon.colcon_core.environment:checking '/home/jamshid/Desktop/SME-Lab/week-6-assignment-Advanced/ros2_ws/install/cpp_pubsub/bin'
[15.160s] Level 1:colcon.colcon_core.environment:checking '/home/jamshid/Desktop/SME-Lab/week-6-assignment-Advanced/ros2_ws/install/cpp_pubsub/lib/pkgconfig/cpp_pubsub.pc'
[15.161s] Level 1:colcon.colcon_core.environment:checking '/home/jamshid/Desktop/SME-Lab/week-6-assignment-Advanced/ros2_ws/install/cpp_pubsub/lib/python3.10/site-packages'
[15.161s] Level 1:colcon.colcon_core.environment:checking '/home/jamshid/Desktop/SME-Lab/week-6-assignment-Advanced/ros2_ws/install/cpp_pubsub/bin'
[15.176s] INFO:colcon.colcon_core.shell:Creating package script '/home/jamshid/Desktop/SME-Lab/week-6-assignment-Advanced/ros2_ws/install/cpp_pubsub/share/cpp_pubsub/package.ps1'
[15.178s] INFO:colcon.colcon_core.shell:Creating package descriptor '/home/jamshid/Desktop/SME-Lab/week-6-assignment-Advanced/ros2_ws/install/cpp_pubsub/share/cpp_pubsub/package.dsv'
[15.179s] INFO:colcon.colcon_core.shell:Creating package script '/home/jamshid/Desktop/SME-Lab/week-6-assignment-Advanced/ros2_ws/install/cpp_pubsub/share/cpp_pubsub/package.sh'
[15.180s] INFO:colcon.colcon_core.shell:Creating package script '/home/jamshid/Desktop/SME-Lab/week-6-assignment-Advanced/ros2_ws/install/cpp_pubsub/share/cpp_pubsub/package.bash'
[15.182s] INFO:colcon.colcon_core.shell:Creating package script '/home/jamshid/Desktop/SME-Lab/week-6-assignment-Advanced/ros2_ws/install/cpp_pubsub/share/cpp_pubsub/package.zsh'
[15.183s] Level 1:colcon.colcon_core.environment:create_file_with_runtime_dependencies(/home/jamshid/Desktop/SME-Lab/week-6-assignment-Advanced/ros2_ws/install/cpp_pubsub/share/colcon-core/packages/cpp_pubsub)
[15.183s] DEBUG:colcon.colcon_parallel_executor.executor.parallel:closing loop
[15.184s] DEBUG:colcon.colcon_parallel_executor.executor.parallel:loop closed
[15.184s] DEBUG:colcon.colcon_parallel_executor.executor.parallel:run_until_complete finished with '0'
[15.185s] DEBUG:colcon.colcon_core.event_reactor:joining thread
[15.217s] INFO:colcon.colcon_core.plugin_system:Skipping extension 'colcon_notification.desktop_notification.terminal_notifier': Not used on non-Darwin systems
[15.217s] INFO:colcon.colcon_core.plugin_system:Skipping extension 'colcon_notification.desktop_notification.win32': Not used on non-Windows systems
[15.217s] INFO:colcon.colcon_notification.desktop_notification:Sending desktop notification using 'notify2'
[15.253s] DEBUG:colcon.colcon_core.event_reactor:joined thread
[15.277s] INFO:colcon.colcon_core.shell:Creating prefix script '/home/jamshid/Desktop/SME-Lab/week-6-assignment-Advanced/ros2_ws/install/local_setup.ps1'
[15.279s] INFO:colcon.colcon_core.shell:Creating prefix util module '/home/jamshid/Desktop/SME-Lab/week-6-assignment-Advanced/ros2_ws/install/_local_setup_util_ps1.py'
[15.281s] INFO:colcon.colcon_core.shell:Creating prefix chain script '/home/jamshid/Desktop/SME-Lab/week-6-assignment-Advanced/ros2_ws/install/setup.ps1'
[15.295s] INFO:colcon.colcon_core.shell:Creating prefix script '/home/jamshid/Desktop/SME-Lab/week-6-assignment-Advanced/ros2_ws/install/local_setup.sh'
[15.297s] INFO:colcon.colcon_core.shell:Creating prefix util module '/home/jamshid/Desktop/SME-Lab/week-6-assignment-Advanced/ros2_ws/install/_local_setup_util_sh.py'
[15.298s] INFO:colcon.colcon_core.shell:Creating prefix chain script '/home/jamshid/Desktop/SME-Lab/week-6-assignment-Advanced/ros2_ws/install/setup.sh'
[15.314s] INFO:colcon.colcon_core.shell:Creating prefix script '/home/jamshid/Desktop/SME-Lab/week-6-assignment-Advanced/ros2_ws/install/local_setup.bash'
[15.316s] INFO:colcon.colcon_core.shell:Creating prefix chain script '/home/jamshid/Desktop/SME-Lab/week-6-assignment-Advanced/ros2_ws/install/setup.bash'
[15.339s] INFO:colcon.colcon_core.shell:Creating prefix script '/home/jamshid/Desktop/SME-Lab/week-6-assignment-Advanced/ros2_ws/install/local_setup.zsh'
[15.341s] INFO:colcon.colcon_core.shell:Creating prefix chain script '/home/jamshid/Desktop/SME-Lab/week-6-assignment-Advanced/ros2_ws/install/setup.zsh'
