[0.093s] Invoking command in '/home/jamshid/Desktop/SME-Lab/week-6-assignment-Advanced/ros2_ws/build/cpp_pubsub': CMAKE_PREFIX_PATH=${CMAKE_PREFIX_PATH}:/opt/ros/humble /usr/bin/cmake --build /home/jamshid/Desktop/SME-Lab/week-6-assignment-Advanced/ros2_ws/build/cpp_pubsub -- -j2 -l2
[0.129s] -- Found ament_cmake: 1.3.5 (/opt/ros/humble/share/ament_cmake/cmake)
[0.305s] -- Found rclcpp: 16.0.6 (/opt/ros/humble/share/rclcpp/cmake)
[0.345s] -- Found rosidl_generator_c: 3.1.5 (/opt/ros/humble/share/rosidl_generator_c/cmake)
[0.348s] -- Found rosidl_adapter: 3.1.5 (/opt/ros/humble/share/rosidl_adapter/cmake)
[0.354s] -- Found rosidl_generator_cpp: 3.1.5 (/opt/ros/humble/share/rosidl_generator_cpp/cmake)
[0.369s] -- Using all available rosidl_typesupport_c: rosidl_typesupport_fastrtps_c;rosidl_typesupport_introspection_c
[0.386s] -- Using all available rosidl_typesupport_cpp: rosidl_typesupport_fastrtps_cpp;rosidl_typesupport_introspection_cpp
[0.447s] -- Found rmw_implementation_cmake: 6.1.1 (/opt/ros/humble/share/rmw_implementation_cmake/cmake)
[0.449s] -- Found rmw_fastrtps_cpp: 6.2.4 (/opt/ros/humble/share/rmw_fastrtps_cpp/cmake)
[0.569s] -- Using RMW implementation 'rmw_fastrtps_cpp' as default
[0.737s] -- Found ament_lint_auto: 0.12.8 (/opt/ros/humble/share/ament_lint_auto/cmake)
[0.806s] -- Added test 'cppcheck' to perform static code analysis on C / C++ code
[0.807s] -- Configured cppcheck include dirs: 
[0.807s] -- Configured cppcheck exclude dirs and/or files: 
[0.809s] -- Added test 'lint_cmake' to check CMake code style
[0.811s] -- Added test 'uncrustify' to check C / C++ code style
[0.811s] -- Configured uncrustify additional arguments: 
[0.812s] -- Added test 'xmllint' to check XML markup files
[0.814s] -- Configuring done
[0.836s] -- Generating done
[0.841s] -- Build files have been written to: /home/jamshid/Desktop/SME-Lab/week-6-assignment-Advanced/ros2_ws/build/cpp_pubsub
[0.897s] [ 25%] [32mBuilding CXX object CMakeFiles/talker.dir/src/publisher_member_function.cpp.o[0m
[0.898s] [ 50%] [32mBuilding CXX object CMakeFiles/listener.dir/src/subscriber_member_function.cpp.o[0m
[8.328s] [ 75%] [32m[1mLinking CXX executable talker[0m
[8.710s] [ 75%] Built target talker
[13.096s] [100%] [32m[1mLinking CXX executable listener[0m
[13.580s] [100%] Built target listener
[13.597s] Invoked command in '/home/jamshid/Desktop/SME-Lab/week-6-assignment-Advanced/ros2_ws/build/cpp_pubsub' returned '0': CMAKE_PREFIX_PATH=${CMAKE_PREFIX_PATH}:/opt/ros/humble /usr/bin/cmake --build /home/jamshid/Desktop/SME-Lab/week-6-assignment-Advanced/ros2_ws/build/cpp_pubsub -- -j2 -l2
[13.665s] Invoking command in '/home/jamshid/Desktop/SME-Lab/week-6-assignment-Advanced/ros2_ws/build/cpp_pubsub': CMAKE_PREFIX_PATH=${CMAKE_PREFIX_PATH}:/opt/ros/humble /usr/bin/cmake --install /home/jamshid/Desktop/SME-Lab/week-6-assignment-Advanced/ros2_ws/build/cpp_pubsub
[13.677s] -- Install configuration: ""
[13.677s] -- Installing: /home/jamshid/Desktop/SME-Lab/week-6-assignment-Advanced/ros2_ws/install/cpp_pubsub/lib/cpp_pubsub/talker
[13.680s] -- Set runtime path of "/home/jamshid/Desktop/SME-Lab/week-6-assignment-Advanced/ros2_ws/install/cpp_pubsub/lib/cpp_pubsub/talker" to ""
[13.681s] -- Installing: /home/jamshid/Desktop/SME-Lab/week-6-assignment-Advanced/ros2_ws/install/cpp_pubsub/lib/cpp_pubsub/listener
[13.686s] -- Set runtime path of "/home/jamshid/Desktop/SME-Lab/week-6-assignment-Advanced/ros2_ws/install/cpp_pubsub/lib/cpp_pubsub/listener" to ""
[13.686s] -- Up-to-date: /home/jamshid/Desktop/SME-Lab/week-6-assignment-Advanced/ros2_ws/install/cpp_pubsub/share/ament_index/resource_index/package_run_dependencies/cpp_pubsub
[13.686s] -- Installing: /home/jamshid/Desktop/SME-Lab/week-6-assignment-Advanced/ros2_ws/install/cpp_pubsub/share/ament_index/resource_index/parent_prefix_path/cpp_pubsub
[13.686s] -- Up-to-date: /home/jamshid/Desktop/SME-Lab/week-6-assignment-Advanced/ros2_ws/install/cpp_pubsub/share/cpp_pubsub/environment/ament_prefix_path.sh
[13.686s] -- Installing: /home/jamshid/Desktop/SME-Lab/week-6-assignment-Advanced/ros2_ws/install/cpp_pubsub/share/cpp_pubsub/environment/ament_prefix_path.dsv
[13.686s] -- Up-to-date: /home/jamshid/Desktop/SME-Lab/week-6-assignment-Advanced/ros2_ws/install/cpp_pubsub/share/cpp_pubsub/environment/path.sh
[13.686s] -- Installing: /home/jamshid/Desktop/SME-Lab/week-6-assignment-Advanced/ros2_ws/install/cpp_pubsub/share/cpp_pubsub/environment/path.dsv
[13.687s] -- Up-to-date: /home/jamshid/Desktop/SME-Lab/week-6-assignment-Advanced/ros2_ws/install/cpp_pubsub/share/cpp_pubsub/local_setup.bash
[13.687s] -- Up-to-date: /home/jamshid/Desktop/SME-Lab/week-6-assignment-Advanced/ros2_ws/install/cpp_pubsub/share/cpp_pubsub/local_setup.sh
[13.687s] -- Up-to-date: /home/jamshid/Desktop/SME-Lab/week-6-assignment-Advanced/ros2_ws/install/cpp_pubsub/share/cpp_pubsub/local_setup.zsh
[13.687s] -- Installing: /home/jamshid/Desktop/SME-Lab/week-6-assignment-Advanced/ros2_ws/install/cpp_pubsub/share/cpp_pubsub/local_setup.dsv
[13.688s] -- Installing: /home/jamshid/Desktop/SME-Lab/week-6-assignment-Advanced/ros2_ws/install/cpp_pubsub/share/cpp_pubsub/package.dsv
[13.689s] -- Up-to-date: /home/jamshid/Desktop/SME-Lab/week-6-assignment-Advanced/ros2_ws/install/cpp_pubsub/share/ament_index/resource_index/packages/cpp_pubsub
[13.689s] -- Up-to-date: /home/jamshid/Desktop/SME-Lab/week-6-assignment-Advanced/ros2_ws/install/cpp_pubsub/share/cpp_pubsub/cmake/cpp_pubsubConfig.cmake
[13.689s] -- Up-to-date: /home/jamshid/Desktop/SME-Lab/week-6-assignment-Advanced/ros2_ws/install/cpp_pubsub/share/cpp_pubsub/cmake/cpp_pubsubConfig-version.cmake
[13.689s] -- Up-to-date: /home/jamshid/Desktop/SME-Lab/week-6-assignment-Advanced/ros2_ws/install/cpp_pubsub/share/cpp_pubsub/package.xml
[13.694s] Invoked command in '/home/jamshid/Desktop/SME-Lab/week-6-assignment-Advanced/ros2_ws/build/cpp_pubsub' returned '0': CMAKE_PREFIX_PATH=${CMAKE_PREFIX_PATH}:/opt/ros/humble /usr/bin/cmake --install /home/jamshid/Desktop/SME-Lab/week-6-assignment-Advanced/ros2_ws/build/cpp_pubsub
