[0.061s] Invoking command in '/home/jamshid/Desktop/SME-Lab/week-7-homework/ros2_ws/build/smart_home_cpp': CMAKE_PREFIX_PATH=/opt/ros/humble /usr/bin/cmake /home/jamshid/Desktop/SME-Lab/week-7-homework/ros2_ws/src/smart_home_cpp -DAMENT_CMAKE_SYMLINK_INSTALL=1 -DCMAKE_INSTALL_PREFIX=/home/jamshid/Desktop/SME-Lab/week-7-homework/ros2_ws/install/smart_home_cpp
[0.080s] -- Found ament_cmake: 1.3.5 (/opt/ros/humble/share/ament_cmake/cmake)
[0.219s] -- Override CMake install command with custom implementation using symlinks instead of copying resources
[0.249s] -- Found rclcpp: 16.0.6 (/opt/ros/humble/share/rclcpp/cmake)
[0.287s] -- Found rosidl_generator_c: 3.1.5 (/opt/ros/humble/share/rosidl_generator_c/cmake)
[0.295s] -- Found rosidl_adapter: 3.1.5 (/opt/ros/humble/share/rosidl_adapter/cmake)
[0.304s] -- Found rosidl_generator_cpp: 3.1.5 (/opt/ros/humble/share/rosidl_generator_cpp/cmake)
[0.318s] -- Using all available rosidl_typesupport_c: rosidl_typesupport_fastrtps_c;rosidl_typesupport_introspection_c
[0.345s] -- Using all available rosidl_typesupport_cpp: rosidl_typesupport_fastrtps_cpp;rosidl_typesupport_introspection_cpp
[0.419s] -- Found rmw_implementation_cmake: 6.1.1 (/opt/ros/humble/share/rmw_implementation_cmake/cmake)
[0.421s] -- Found rmw_fastrtps_cpp: 6.2.4 (/opt/ros/humble/share/rmw_fastrtps_cpp/cmake)
[0.577s] -- Using RMW implementation 'rmw_fastrtps_cpp' as default
[0.756s] -- Found rclcpp_action: 16.0.6 (/opt/ros/humble/share/rclcpp_action/cmake)
[1.022s] [31mCMake Error at /opt/ros/humble/share/rosidl_adapter/cmake/rosidl_adapt_interfaces.cmake:59 (message):
[1.023s]   execute_process(/usr/bin/python3.10 -m rosidl_adapter --package-name
[1.023s]   smart_home_cpp --arguments-file
[1.023s]   /home/jamshid/Desktop/SME-Lab/week-7-homework/ros2_ws/build/smart_home_cpp/rosidl_adapter__arguments__smart_home_cpp.json
[1.025s]   --output-dir
[1.025s]   /home/jamshid/Desktop/SME-Lab/week-7-homework/ros2_ws/build/smart_home_cpp/rosidl_adapter/smart_home_cpp
[1.025s]   --output-file
[1.026s]   /home/jamshid/Desktop/SME-Lab/week-7-homework/ros2_ws/build/smart_home_cpp/rosidl_adapter/smart_home_cpp.idls)
[1.026s]   returned error code 1:
[1.026s] 
[1.026s]   Traceback (most recent call last):
[1.026s] 
[1.026s]     File "/usr/lib/python3.10/runpy.py", line 196, in _run_module_as_main
[1.026s]       return _run_code(code, main_globals, None,
[1.026s]     File "/usr/lib/python3.10/runpy.py", line 86, in _run_code
[1.026s]       exec(code, run_globals)
[1.026s]     File "/opt/ros/humble/local/lib/python3.10/dist-packages/rosidl_adapter/__main__.py", line 19, in <module>
[1.026s]       sys.exit(main())
[1.026s]     File "/opt/ros/humble/local/lib/python3.10/dist-packages/rosidl_adapter/main.py", line 53, in main
[1.026s]       abs_idl_file = convert_to_idl(
[1.033s]     File "/opt/ros/humble/local/lib/python3.10/dist-packages/rosidl_adapter/__init__.py", line 29, in convert_to_idl
[1.033s]       return convert_action_to_idl(
[1.033s]     File "/opt/ros/humble/local/lib/python3.10/dist-packages/rosidl_adapter/action/__init__.py", line 28, in convert_action_to_idl
[1.033s]       action = parse_action_string(package_name, input_file.stem, content)
[1.033s]     File "/opt/ros/humble/local/lib/python3.10/dist-packages/rosidl_adapter/parser.py", line 894, in parse_action_string
[1.033s]       raise InvalidActionSpecification(
[1.034s] 
[1.034s]   rosidl_adapter.parser.InvalidActionSpecification: Number of '---'
[1.034s]   separators nonconformant with action definition
[1.034s] 
[1.034s] Call Stack (most recent call first):
[1.034s]   /opt/ros/humble/share/rosidl_cmake/cmake/rosidl_generate_interfaces.cmake:130 (rosidl_adapt_interfaces)
[1.034s]   CMakeLists.txt:12 (rosidl_generate_interfaces)
[1.034s] 
[1.034s] [0m
[1.034s] -- Configuring incomplete, errors occurred!
[1.034s] See also "/home/jamshid/Desktop/SME-Lab/week-7-homework/ros2_ws/build/smart_home_cpp/CMakeFiles/CMakeOutput.log".
[1.044s] Invoked command in '/home/jamshid/Desktop/SME-Lab/week-7-homework/ros2_ws/build/smart_home_cpp' returned '1': CMAKE_PREFIX_PATH=/opt/ros/humble /usr/bin/cmake /home/jamshid/Desktop/SME-Lab/week-7-homework/ros2_ws/src/smart_home_cpp -DAMENT_CMAKE_SYMLINK_INSTALL=1 -DCMAKE_INSTALL_PREFIX=/home/jamshid/Desktop/SME-Lab/week-7-homework/ros2_ws/install/smart_home_cpp
