-- The C compiler identification is GNU 11.4.0
-- The CXX compiler identification is GNU 11.4.0
-- Detecting C compiler ABI info
-- Detecting C compiler ABI info - done
-- Check for working C compiler: /usr/bin/cc - skipped
-- Detecting C compile features
-- Detecting C compile features - done
-- Detecting CXX compiler ABI info
-- Detecting CXX compiler ABI info - done
-- Check for working CXX compiler: /usr/bin/c++ - skipped
-- Detecting CXX compile features
-- Detecting CXX compile features - done
-- Found ament_cmake: 1.3.5 (/opt/ros/humble/share/ament_cmake/cmake)
-- Found Python3: /usr/bin/python3.10 (found version "3.10.12") found components: Interpreter 
-- Found rclcpp: 16.0.6 (/opt/ros/humble/share/rclcpp/cmake)
-- Found rosidl_generator_c: 3.1.5 (/opt/ros/humble/share/rosidl_generator_c/cmake)
-- Found rosidl_adapter: 3.1.5 (/opt/ros/humble/share/rosidl_adapter/cmake)
-- Found rosidl_generator_cpp: 3.1.5 (/opt/ros/humble/share/rosidl_generator_cpp/cmake)
-- Using all available rosidl_typesupport_c: rosidl_typesupport_fastrtps_c;rosidl_typesupport_introspection_c
-- Using all available rosidl_typesupport_cpp: rosidl_typesupport_fastrtps_cpp;rosidl_typesupport_introspection_cpp
-- Found rmw_implementation_cmake: 6.1.1 (/opt/ros/humble/share/rmw_implementation_cmake/cmake)
-- Found rmw_fastrtps_cpp: 6.2.4 (/opt/ros/humble/share/rmw_fastrtps_cpp/cmake)
-- Found OpenSSL: /usr/lib/x86_64-linux-gnu/libcrypto.so (found version "3.0.2")  
-- Found FastRTPS: /opt/ros/humble/include  
-- Using RMW implementation 'rmw_fastrtps_cpp' as default
-- Looking for pthread.h
-- Looking for pthread.h - found
-- Performing Test CMAKE_HAVE_LIBC_PTHREAD
-- Performing Test CMAKE_HAVE_LIBC_PTHREAD - Success
-- Found Threads: TRUE  
-- Found rosbag2_cpp: 0.15.8 (/opt/ros/humble/share/rosbag2_cpp/cmake)
-- Found turtlesim: 1.4.2 (/home/jamshid/Desktop/SME-Lab/week-6-assignment-Advanced/ros2_ws/install/turtlesim/share/turtlesim/cmake)
-- Found ament_lint_auto: 0.12.8 (/opt/ros/humble/share/ament_lint_auto/cmake)
-- Added test 'cppcheck' to perform static code analysis on C / C++ code
-- Configured cppcheck include dirs: 
-- Configured cppcheck exclude dirs and/or files: 
-- Added test 'lint_cmake' to check CMake code style
-- Added test 'uncrustify' to check C / C++ code style
-- Configured uncrustify additional arguments: 
-- Added test 'xmllint' to check XML markup files
-- Configuring done
-- Generating done
-- Build files have been written to: /home/jamshid/Desktop/SME-Lab/week-6-assignment-Advanced/ros2_ws_new/src/build/bag_reading_cpp
[ 50%] [32mBuilding CXX object CMakeFiles/simple_bag_reader.dir/src/simple_bag_reader.cpp.o[0m
[100%] [32m[1mLinking CXX executable simple_bag_reader[0m
[100%] Built target simple_bag_reader
-- Install configuration: ""
-- Installing: /home/jamshid/Desktop/SME-Lab/week-6-assignment-Advanced/ros2_ws_new/src/install/bag_reading_cpp/lib/bag_reading_cpp/simple_bag_reader
-- Set runtime path of "/home/jamshid/Desktop/SME-Lab/week-6-assignment-Advanced/ros2_ws_new/src/install/bag_reading_cpp/lib/bag_reading_cpp/simple_bag_reader" to ""
-- Installing: /home/jamshid/Desktop/SME-Lab/week-6-assignment-Advanced/ros2_ws_new/src/install/bag_reading_cpp/share/ament_index/resource_index/package_run_dependencies/bag_reading_cpp
-- Installing: /home/jamshid/Desktop/SME-Lab/week-6-assignment-Advanced/ros2_ws_new/src/install/bag_reading_cpp/share/ament_index/resource_index/parent_prefix_path/bag_reading_cpp
-- Installing: /home/jamshid/Desktop/SME-Lab/week-6-assignment-Advanced/ros2_ws_new/src/install/bag_reading_cpp/share/bag_reading_cpp/environment/ament_prefix_path.sh
-- Installing: /home/jamshid/Desktop/SME-Lab/week-6-assignment-Advanced/ros2_ws_new/src/install/bag_reading_cpp/share/bag_reading_cpp/environment/ament_prefix_path.dsv
-- Installing: /home/jamshid/Desktop/SME-Lab/week-6-assignment-Advanced/ros2_ws_new/src/install/bag_reading_cpp/share/bag_reading_cpp/environment/path.sh
-- Installing: /home/jamshid/Desktop/SME-Lab/week-6-assignment-Advanced/ros2_ws_new/src/install/bag_reading_cpp/share/bag_reading_cpp/environment/path.dsv
-- Installing: /home/jamshid/Desktop/SME-Lab/week-6-assignment-Advanced/ros2_ws_new/src/install/bag_reading_cpp/share/bag_reading_cpp/local_setup.bash
-- Installing: /home/jamshid/Desktop/SME-Lab/week-6-assignment-Advanced/ros2_ws_new/src/install/bag_reading_cpp/share/bag_reading_cpp/local_setup.sh
-- Installing: /home/jamshid/Desktop/SME-Lab/week-6-assignment-Advanced/ros2_ws_new/src/install/bag_reading_cpp/share/bag_reading_cpp/local_setup.zsh
-- Installing: /home/jamshid/Desktop/SME-Lab/week-6-assignment-Advanced/ros2_ws_new/src/install/bag_reading_cpp/share/bag_reading_cpp/local_setup.dsv
-- Installing: /home/jamshid/Desktop/SME-Lab/week-6-assignment-Advanced/ros2_ws_new/src/install/bag_reading_cpp/share/bag_reading_cpp/package.dsv
-- Installing: /home/jamshid/Desktop/SME-Lab/week-6-assignment-Advanced/ros2_ws_new/src/install/bag_reading_cpp/share/ament_index/resource_index/packages/bag_reading_cpp
-- Installing: /home/jamshid/Desktop/SME-Lab/week-6-assignment-Advanced/ros2_ws_new/src/install/bag_reading_cpp/share/bag_reading_cpp/cmake/bag_reading_cppConfig.cmake
-- Installing: /home/jamshid/Desktop/SME-Lab/week-6-assignment-Advanced/ros2_ws_new/src/install/bag_reading_cpp/share/bag_reading_cpp/cmake/bag_reading_cppConfig-version.cmake
-- Installing: /home/jamshid/Desktop/SME-Lab/week-6-assignment-Advanced/ros2_ws_new/src/install/bag_reading_cpp/share/bag_reading_cpp/package.xml
