[1.897s] DEBUG:colcon:Command line arguments: ['/usr/bin/colcon', 'build']
[1.898s] DEBUG:colcon:Parsed command line arguments: Namespace(allow_overriding=[], ament_cmake_args=None, base_paths=['.'], build_base='build', catkin_cmake_args=None, catkin_skip_building_tests=False, cmake_args=None, cmake_clean_cache=False, cmake_clean_first=False, cmake_force_configure=False, cmake_target=None, cmake_target_skip_unavailable=False, continue_on_error=False, event_handlers=None, executor='parallel', ignore_user_meta=False, install_base='install', log_base=None, log_level=None, main=<bound method BuildVerb.main of <colcon_core.verb.build.BuildVerb object at 0x7f07ba3394f0>>, merge_install=False, metas=['./colcon.meta'], packages_above=None, packages_above_and_dependencies=None, packages_above_depth=None, packages_end=None, packages_ignore=None, packages_ignore_regex=None, packages_select=None, packages_select_build_failed=False, packages_select_by_dep=None, packages_select_regex=None, packages_select_test_failures=False, packages_skip=None, packages_skip_build_finished=False, packages_skip_by_dep=None, packages_skip_regex=None, packages_skip_test_passed=False, packages_skip_up_to=None, packages_start=None, packages_up_to=None, packages_up_to_regex=None, parallel_workers=2, paths=None, symlink_install=False, test_result_base=None, verb_extension=<colcon_core.verb.build.BuildVerb object at 0x7f07ba3394f0>, verb_name='build', verb_parser=<colcon_defaults.argument_parser.defaults.DefaultArgumentsDecorator object at 0x7f07ba339a30>)
[2.022s] Level 1:colcon.colcon_core.package_discovery:discover_packages(colcon_meta) check parameters
[2.022s] Level 1:colcon.colcon_core.package_discovery:discover_packages(recursive) check parameters
[2.023s] Level 1:colcon.colcon_core.package_discovery:discover_packages(ignore) check parameters
[2.023s] Level 1:colcon.colcon_core.package_discovery:discover_packages(path) check parameters
[2.023s] Level 1:colcon.colcon_core.package_discovery:discover_packages(colcon_meta) discover
[2.023s] Level 1:colcon.colcon_core.package_discovery:discover_packages(recursive) discover
[2.023s] INFO:colcon.colcon_core.package_discovery:Crawling recursively for packages in '/home/james/Desktop/SME-Lab/Final_Project/ros2_ws'
[2.023s] Level 1:colcon.colcon_core.package_identification:_identify(.) by extensions ['ignore', 'ignore_ament_install']
[2.023s] Level 1:colcon.colcon_core.package_identification:_identify(.) by extension 'ignore'
[2.023s] Level 1:colcon.colcon_core.package_identification:_identify(.) by extension 'ignore_ament_install'
[2.024s] Level 1:colcon.colcon_core.package_identification:_identify(.) by extensions ['colcon_pkg']
[2.024s] Level 1:colcon.colcon_core.package_identification:_identify(.) by extension 'colcon_pkg'
[2.024s] Level 1:colcon.colcon_core.package_identification:_identify(.) by extensions ['colcon_meta']
[2.024s] Level 1:colcon.colcon_core.package_identification:_identify(.) by extension 'colcon_meta'
[2.024s] Level 1:colcon.colcon_core.package_identification:_identify(.) by extensions ['ros']
[2.024s] Level 1:colcon.colcon_core.package_identification:_identify(.) by extension 'ros'
[2.037s] Level 1:colcon.colcon_core.package_identification:_identify(.) by extensions ['cmake', 'python']
[2.038s] Level 1:colcon.colcon_core.package_identification:_identify(.) by extension 'cmake'
[2.038s] Level 1:colcon.colcon_core.package_identification:_identify(.) by extension 'python'
[2.038s] Level 1:colcon.colcon_core.package_identification:_identify(.) by extensions ['python_setup_py']
[2.038s] Level 1:colcon.colcon_core.package_identification:_identify(.) by extension 'python_setup_py'
[2.038s] Level 1:colcon.colcon_core.package_identification:_identify(build) by extensions ['ignore', 'ignore_ament_install']
[2.038s] Level 1:colcon.colcon_core.package_identification:_identify(build) by extension 'ignore'
[2.038s] Level 1:colcon.colcon_core.package_identification:_identify(build) ignored
[2.038s] Level 1:colcon.colcon_core.package_identification:_identify(install) by extensions ['ignore', 'ignore_ament_install']
[2.038s] Level 1:colcon.colcon_core.package_identification:_identify(install) by extension 'ignore'
[2.039s] Level 1:colcon.colcon_core.package_identification:_identify(install) ignored
[2.039s] Level 1:colcon.colcon_core.package_identification:_identify(log) by extensions ['ignore', 'ignore_ament_install']
[2.039s] Level 1:colcon.colcon_core.package_identification:_identify(log) by extension 'ignore'
[2.039s] Level 1:colcon.colcon_core.package_identification:_identify(log) ignored
[2.039s] Level 1:colcon.colcon_core.package_identification:_identify(src) by extensions ['ignore', 'ignore_ament_install']
[2.040s] Level 1:colcon.colcon_core.package_identification:_identify(src) by extension 'ignore'
[2.040s] Level 1:colcon.colcon_core.package_identification:_identify(src) by extension 'ignore_ament_install'
[2.040s] Level 1:colcon.colcon_core.package_identification:_identify(src) by extensions ['colcon_pkg']
[2.040s] Level 1:colcon.colcon_core.package_identification:_identify(src) by extension 'colcon_pkg'
[2.040s] Level 1:colcon.colcon_core.package_identification:_identify(src) by extensions ['colcon_meta']
[2.040s] Level 1:colcon.colcon_core.package_identification:_identify(src) by extension 'colcon_meta'
[2.040s] Level 1:colcon.colcon_core.package_identification:_identify(src) by extensions ['ros']
[2.040s] Level 1:colcon.colcon_core.package_identification:_identify(src) by extension 'ros'
[2.040s] Level 1:colcon.colcon_core.package_identification:_identify(src) by extensions ['cmake', 'python']
[2.040s] Level 1:colcon.colcon_core.package_identification:_identify(src) by extension 'cmake'
[2.040s] Level 1:colcon.colcon_core.package_identification:_identify(src) by extension 'python'
[2.040s] Level 1:colcon.colcon_core.package_identification:_identify(src) by extensions ['python_setup_py']
[2.040s] Level 1:colcon.colcon_core.package_identification:_identify(src) by extension 'python_setup_py'
[2.040s] Level 1:colcon.colcon_core.package_identification:_identify(src/battery_monitoring_12200335) by extensions ['ignore', 'ignore_ament_install']
[2.040s] Level 1:colcon.colcon_core.package_identification:_identify(src/battery_monitoring_12200335) by extension 'ignore'
[2.041s] Level 1:colcon.colcon_core.package_identification:_identify(src/battery_monitoring_12200335) by extension 'ignore_ament_install'
[2.041s] Level 1:colcon.colcon_core.package_identification:_identify(src/battery_monitoring_12200335) by extensions ['colcon_pkg']
[2.041s] Level 1:colcon.colcon_core.package_identification:_identify(src/battery_monitoring_12200335) by extension 'colcon_pkg'
[2.041s] Level 1:colcon.colcon_core.package_identification:_identify(src/battery_monitoring_12200335) by extensions ['colcon_meta']
[2.041s] Level 1:colcon.colcon_core.package_identification:_identify(src/battery_monitoring_12200335) by extension 'colcon_meta'
[2.041s] Level 1:colcon.colcon_core.package_identification:_identify(src/battery_monitoring_12200335) by extensions ['ros']
[2.041s] Level 1:colcon.colcon_core.package_identification:_identify(src/battery_monitoring_12200335) by extension 'ros'
[2.044s] DEBUG:colcon.colcon_core.package_identification:Package 'src/battery_monitoring_12200335' with type 'ros.ament_python' and name 'battery_monitoring_12200335'
[2.044s] Level 1:colcon.colcon_core.package_identification:_identify(src/gesture_control) by extensions ['ignore', 'ignore_ament_install']
[2.045s] Level 1:colcon.colcon_core.package_identification:_identify(src/gesture_control) by extension 'ignore'
[2.045s] Level 1:colcon.colcon_core.package_identification:_identify(src/gesture_control) by extension 'ignore_ament_install'
[2.045s] Level 1:colcon.colcon_core.package_identification:_identify(src/gesture_control) by extensions ['colcon_pkg']
[2.045s] Level 1:colcon.colcon_core.package_identification:_identify(src/gesture_control) by extension 'colcon_pkg'
[2.045s] Level 1:colcon.colcon_core.package_identification:_identify(src/gesture_control) by extensions ['colcon_meta']
[2.045s] Level 1:colcon.colcon_core.package_identification:_identify(src/gesture_control) by extension 'colcon_meta'
[2.045s] Level 1:colcon.colcon_core.package_identification:_identify(src/gesture_control) by extensions ['ros']
[2.045s] Level 1:colcon.colcon_core.package_identification:_identify(src/gesture_control) by extension 'ros'
[2.046s] DEBUG:colcon.colcon_core.package_identification:Package 'src/gesture_control' with type 'ros.ament_python' and name 'gesture_control'
[2.046s] Level 1:colcon.colcon_core.package_discovery:discover_packages(recursive) using defaults
[2.046s] Level 1:colcon.colcon_core.package_discovery:discover_packages(ignore) discover
[2.046s] Level 1:colcon.colcon_core.package_discovery:discover_packages(ignore) using defaults
[2.046s] Level 1:colcon.colcon_core.package_discovery:discover_packages(path) discover
[2.046s] Level 1:colcon.colcon_core.package_discovery:discover_packages(path) using defaults
[2.270s] Level 1:colcon.colcon_core.package_discovery:discover_packages(prefix_path) check parameters
[2.271s] Level 1:colcon.colcon_core.package_discovery:discover_packages(prefix_path) discover
[2.335s] DEBUG:colcon.colcon_installed_package_information.package_discovery:Found 1 installed packages in /home/james/colcon_ws/install
[2.384s] DEBUG:colcon.colcon_installed_package_information.package_discovery:Found 336 installed packages in /opt/ros/foxy
[2.386s] Level 1:colcon.colcon_core.package_discovery:discover_packages(prefix_path) using defaults
[2.556s] Level 5:colcon.colcon_core.verb:set package 'battery_monitoring_12200335' build argument 'cmake_args' from command line to 'None'
[2.556s] Level 5:colcon.colcon_core.verb:set package 'battery_monitoring_12200335' build argument 'cmake_target' from command line to 'None'
[2.557s] Level 5:colcon.colcon_core.verb:set package 'battery_monitoring_12200335' build argument 'cmake_target_skip_unavailable' from command line to 'False'
[2.557s] Level 5:colcon.colcon_core.verb:set package 'battery_monitoring_12200335' build argument 'cmake_clean_cache' from command line to 'False'
[2.557s] Level 5:colcon.colcon_core.verb:set package 'battery_monitoring_12200335' build argument 'cmake_clean_first' from command line to 'False'
[2.557s] Level 5:colcon.colcon_core.verb:set package 'battery_monitoring_12200335' build argument 'cmake_force_configure' from command line to 'False'
[2.557s] Level 5:colcon.colcon_core.verb:set package 'battery_monitoring_12200335' build argument 'ament_cmake_args' from command line to 'None'
[2.557s] Level 5:colcon.colcon_core.verb:set package 'battery_monitoring_12200335' build argument 'catkin_cmake_args' from command line to 'None'
[2.557s] Level 5:colcon.colcon_core.verb:set package 'battery_monitoring_12200335' build argument 'catkin_skip_building_tests' from command line to 'False'
[2.557s] DEBUG:colcon.colcon_core.verb:Building package 'battery_monitoring_12200335' with the following arguments: {'ament_cmake_args': None, 'build_base': '/home/james/Desktop/SME-Lab/Final_Project/ros2_ws/build/battery_monitoring_12200335', 'catkin_cmake_args': None, 'catkin_skip_building_tests': False, 'cmake_args': None, 'cmake_clean_cache': False, 'cmake_clean_first': False, 'cmake_force_configure': False, 'cmake_target': None, 'cmake_target_skip_unavailable': False, 'install_base': '/home/james/Desktop/SME-Lab/Final_Project/ros2_ws/install/battery_monitoring_12200335', 'merge_install': False, 'path': '/home/james/Desktop/SME-Lab/Final_Project/ros2_ws/src/battery_monitoring_12200335', 'symlink_install': False, 'test_result_base': None}
[2.589s] Level 5:colcon.colcon_core.verb:set package 'gesture_control' build argument 'cmake_args' from command line to 'None'
[2.589s] Level 5:colcon.colcon_core.verb:set package 'gesture_control' build argument 'cmake_target' from command line to 'None'
[2.589s] Level 5:colcon.colcon_core.verb:set package 'gesture_control' build argument 'cmake_target_skip_unavailable' from command line to 'False'
[2.589s] Level 5:colcon.colcon_core.verb:set package 'gesture_control' build argument 'cmake_clean_cache' from command line to 'False'
[2.589s] Level 5:colcon.colcon_core.verb:set package 'gesture_control' build argument 'cmake_clean_first' from command line to 'False'
[2.589s] Level 5:colcon.colcon_core.verb:set package 'gesture_control' build argument 'cmake_force_configure' from command line to 'False'
[2.589s] Level 5:colcon.colcon_core.verb:set package 'gesture_control' build argument 'ament_cmake_args' from command line to 'None'
[2.590s] Level 5:colcon.colcon_core.verb:set package 'gesture_control' build argument 'catkin_cmake_args' from command line to 'None'
[2.590s] Level 5:colcon.colcon_core.verb:set package 'gesture_control' build argument 'catkin_skip_building_tests' from command line to 'False'
[2.590s] DEBUG:colcon.colcon_core.verb:Building package 'gesture_control' with the following arguments: {'ament_cmake_args': None, 'build_base': '/home/james/Desktop/SME-Lab/Final_Project/ros2_ws/build/gesture_control', 'catkin_cmake_args': None, 'catkin_skip_building_tests': False, 'cmake_args': None, 'cmake_clean_cache': False, 'cmake_clean_first': False, 'cmake_force_configure': False, 'cmake_target': None, 'cmake_target_skip_unavailable': False, 'install_base': '/home/james/Desktop/SME-Lab/Final_Project/ros2_ws/install/gesture_control', 'merge_install': False, 'path': '/home/james/Desktop/SME-Lab/Final_Project/ros2_ws/src/gesture_control', 'symlink_install': False, 'test_result_base': None}
[2.621s] INFO:colcon.colcon_core.executor:Executing jobs using 'parallel' executor
[2.655s] DEBUG:colcon.colcon_parallel_executor.executor.parallel:run_until_complete
[2.655s] INFO:colcon.colcon_ros.task.ament_python.build:Building ROS package in '/home/james/Desktop/SME-Lab/Final_Project/ros2_ws/src/battery_monitoring_12200335' with build type 'ament_python'
[2.655s] Level 1:colcon.colcon_core.shell:create_environment_hook('battery_monitoring_12200335', 'ament_prefix_path')
[2.692s] INFO:colcon.colcon_core.plugin_system:Skipping extension 'colcon_core.shell.bat': Not used on non-Windows systems
[2.692s] INFO:colcon.colcon_core.shell:Creating environment hook '/home/james/Desktop/SME-Lab/Final_Project/ros2_ws/install/battery_monitoring_12200335/share/battery_monitoring_12200335/hook/ament_prefix_path.ps1'
[2.693s] INFO:colcon.colcon_core.shell:Creating environment descriptor '/home/james/Desktop/SME-Lab/Final_Project/ros2_ws/install/battery_monitoring_12200335/share/battery_monitoring_12200335/hook/ament_prefix_path.dsv'
[2.695s] INFO:colcon.colcon_core.shell:Creating environment hook '/home/james/Desktop/SME-Lab/Final_Project/ros2_ws/install/battery_monitoring_12200335/share/battery_monitoring_12200335/hook/ament_prefix_path.sh'
[2.729s] INFO:colcon.colcon_core.shell:Skip shell extension 'powershell' for command environment: Not usable outside of PowerShell
[2.729s] DEBUG:colcon.colcon_core.shell:Skip shell extension 'dsv' for command environment
[2.885s] INFO:colcon.colcon_ros.task.ament_python.build:Building ROS package in '/home/james/Desktop/SME-Lab/Final_Project/ros2_ws/src/gesture_control' with build type 'ament_python'
[2.886s] Level 1:colcon.colcon_core.shell:create_environment_hook('gesture_control', 'ament_prefix_path')
[2.943s] INFO:colcon.colcon_core.shell:Creating environment hook '/home/james/Desktop/SME-Lab/Final_Project/ros2_ws/install/gesture_control/share/gesture_control/hook/ament_prefix_path.ps1'
[2.944s] INFO:colcon.colcon_core.shell:Creating environment descriptor '/home/james/Desktop/SME-Lab/Final_Project/ros2_ws/install/gesture_control/share/gesture_control/hook/ament_prefix_path.dsv'
[2.946s] INFO:colcon.colcon_core.shell:Creating environment hook '/home/james/Desktop/SME-Lab/Final_Project/ros2_ws/install/gesture_control/share/gesture_control/hook/ament_prefix_path.sh'
[3.004s] INFO:colcon.colcon_core.shell:Skip shell extension 'powershell' for command environment: Not usable outside of PowerShell
[3.004s] DEBUG:colcon.colcon_core.shell:Skip shell extension 'dsv' for command environment
[3.413s] INFO:colcon.colcon_core.task.python.build:Building Python package in '/home/james/Desktop/SME-Lab/Final_Project/ros2_ws/src/battery_monitoring_12200335'
[3.447s] INFO:colcon.colcon_core.shell:Skip shell extension 'powershell' for command environment: Not usable outside of PowerShell
[3.447s] DEBUG:colcon.colcon_core.shell:Skip shell extension 'dsv' for command environment
[3.783s] INFO:colcon.colcon_core.task.python.build:Building Python package in '/home/james/Desktop/SME-Lab/Final_Project/ros2_ws/src/gesture_control'
[3.820s] INFO:colcon.colcon_core.shell:Skip shell extension 'powershell' for command environment: Not usable outside of PowerShell
[3.820s] DEBUG:colcon.colcon_core.shell:Skip shell extension 'dsv' for command environment
[4.521s] DEBUG:colcon.colcon_core.event_handler.log_command:Invoking command in '/home/james/Desktop/SME-Lab/Final_Project/ros2_ws/src/gesture_control': PYTHONPATH=/home/james/Desktop/SME-Lab/Final_Project/ros2_ws/build/gesture_control/prefix_override:/home/james/Desktop/SME-Lab/Final_Project/ros2_ws/install/gesture_control/lib/python3.8/site-packages:${PYTHONPATH} /usr/bin/python3 setup.py egg_info --egg-base ../../build/gesture_control build --build-base /home/james/Desktop/SME-Lab/Final_Project/ros2_ws/build/gesture_control/build install --record /home/james/Desktop/SME-Lab/Final_Project/ros2_ws/build/gesture_control/install.log --install-scripts $base/lib/gesture_control --single-version-externally-managed
[4.610s] DEBUG:colcon.colcon_core.event_handler.log_command:Invoking command in '/home/james/Desktop/SME-Lab/Final_Project/ros2_ws/src/battery_monitoring_12200335': PYTHONPATH=/home/james/Desktop/SME-Lab/Final_Project/ros2_ws/build/battery_monitoring_12200335/prefix_override:/home/james/Desktop/SME-Lab/Final_Project/ros2_ws/install/battery_monitoring_12200335/lib/python3.8/site-packages:${PYTHONPATH} /usr/bin/python3 setup.py egg_info --egg-base ../../build/battery_monitoring_12200335 build --build-base /home/james/Desktop/SME-Lab/Final_Project/ros2_ws/build/battery_monitoring_12200335/build install --record /home/james/Desktop/SME-Lab/Final_Project/ros2_ws/build/battery_monitoring_12200335/install.log --install-scripts $base/lib/battery_monitoring_12200335 --single-version-externally-managed
[5.215s] DEBUG:colcon.colcon_core.event_handler.log_command:Invoked command in '/home/james/Desktop/SME-Lab/Final_Project/ros2_ws/src/gesture_control' returned '0': PYTHONPATH=/home/james/Desktop/SME-Lab/Final_Project/ros2_ws/build/gesture_control/prefix_override:/home/james/Desktop/SME-Lab/Final_Project/ros2_ws/install/gesture_control/lib/python3.8/site-packages:${PYTHONPATH} /usr/bin/python3 setup.py egg_info --egg-base ../../build/gesture_control build --build-base /home/james/Desktop/SME-Lab/Final_Project/ros2_ws/build/gesture_control/build install --record /home/james/Desktop/SME-Lab/Final_Project/ros2_ws/build/gesture_control/install.log --install-scripts $base/lib/gesture_control --single-version-externally-managed
[5.326s] Level 1:colcon.colcon_core.environment:checking '/home/james/Desktop/SME-Lab/Final_Project/ros2_ws/install/gesture_control' for CMake module files
[5.327s] Level 1:colcon.colcon_core.environment:checking '/home/james/Desktop/SME-Lab/Final_Project/ros2_ws/install/gesture_control' for CMake config files
[5.340s] Level 1:colcon.colcon_core.environment:checking '/home/james/Desktop/SME-Lab/Final_Project/ros2_ws/install/gesture_control/lib'
[5.341s] Level 1:colcon.colcon_core.environment:checking '/home/james/Desktop/SME-Lab/Final_Project/ros2_ws/install/gesture_control/bin'
[5.341s] Level 1:colcon.colcon_core.environment:checking '/home/james/Desktop/SME-Lab/Final_Project/ros2_ws/install/gesture_control/lib/pkgconfig/gesture_control.pc'
[5.341s] Level 1:colcon.colcon_core.environment:checking '/home/james/Desktop/SME-Lab/Final_Project/ros2_ws/install/gesture_control/lib/python3.8/site-packages'
[5.341s] Level 1:colcon.colcon_core.shell:create_environment_hook('gesture_control', 'pythonpath')
[5.408s] INFO:colcon.colcon_core.shell:Creating environment hook '/home/james/Desktop/SME-Lab/Final_Project/ros2_ws/install/gesture_control/share/gesture_control/hook/pythonpath.ps1'
[5.409s] INFO:colcon.colcon_core.shell:Creating environment descriptor '/home/james/Desktop/SME-Lab/Final_Project/ros2_ws/install/gesture_control/share/gesture_control/hook/pythonpath.dsv'
[5.410s] INFO:colcon.colcon_core.shell:Creating environment hook '/home/james/Desktop/SME-Lab/Final_Project/ros2_ws/install/gesture_control/share/gesture_control/hook/pythonpath.sh'
[5.424s] Level 1:colcon.colcon_core.environment:checking '/home/james/Desktop/SME-Lab/Final_Project/ros2_ws/install/gesture_control/bin'
[5.424s] Level 1:colcon.colcon_core.environment:create_environment_scripts_only(gesture_control)
[5.491s] INFO:colcon.colcon_core.shell:Creating package script '/home/james/Desktop/SME-Lab/Final_Project/ros2_ws/install/gesture_control/share/gesture_control/package.ps1'
[5.493s] INFO:colcon.colcon_core.shell:Creating package descriptor '/home/james/Desktop/SME-Lab/Final_Project/ros2_ws/install/gesture_control/share/gesture_control/package.dsv'
[5.495s] INFO:colcon.colcon_core.shell:Creating package script '/home/james/Desktop/SME-Lab/Final_Project/ros2_ws/install/gesture_control/share/gesture_control/package.sh'
[5.497s] INFO:colcon.colcon_core.shell:Creating package script '/home/james/Desktop/SME-Lab/Final_Project/ros2_ws/install/gesture_control/share/gesture_control/package.bash'
[5.499s] INFO:colcon.colcon_core.shell:Creating package script '/home/james/Desktop/SME-Lab/Final_Project/ros2_ws/install/gesture_control/share/gesture_control/package.zsh'
[5.500s] Level 1:colcon.colcon_core.environment:create_file_with_runtime_dependencies(/home/james/Desktop/SME-Lab/Final_Project/ros2_ws/install/gesture_control/share/colcon-core/packages/gesture_control)
[5.504s] DEBUG:colcon.colcon_core.event_handler.log_command:Invoked command in '/home/james/Desktop/SME-Lab/Final_Project/ros2_ws/src/battery_monitoring_12200335' returned '0': PYTHONPATH=/home/james/Desktop/SME-Lab/Final_Project/ros2_ws/build/battery_monitoring_12200335/prefix_override:/home/james/Desktop/SME-Lab/Final_Project/ros2_ws/install/battery_monitoring_12200335/lib/python3.8/site-packages:${PYTHONPATH} /usr/bin/python3 setup.py egg_info --egg-base ../../build/battery_monitoring_12200335 build --build-base /home/james/Desktop/SME-Lab/Final_Project/ros2_ws/build/battery_monitoring_12200335/build install --record /home/james/Desktop/SME-Lab/Final_Project/ros2_ws/build/battery_monitoring_12200335/install.log --install-scripts $base/lib/battery_monitoring_12200335 --single-version-externally-managed
[5.547s] Level 1:colcon.colcon_core.environment:checking '/home/james/Desktop/SME-Lab/Final_Project/ros2_ws/install/battery_monitoring_12200335' for CMake module files
[5.548s] Level 1:colcon.colcon_core.environment:checking '/home/james/Desktop/SME-Lab/Final_Project/ros2_ws/install/battery_monitoring_12200335' for CMake config files
[5.549s] Level 1:colcon.colcon_core.environment:checking '/home/james/Desktop/SME-Lab/Final_Project/ros2_ws/install/battery_monitoring_12200335/lib'
[5.549s] Level 1:colcon.colcon_core.environment:checking '/home/james/Desktop/SME-Lab/Final_Project/ros2_ws/install/battery_monitoring_12200335/bin'
[5.549s] Level 1:colcon.colcon_core.environment:checking '/home/james/Desktop/SME-Lab/Final_Project/ros2_ws/install/battery_monitoring_12200335/lib/pkgconfig/battery_monitoring_12200335.pc'
[5.549s] Level 1:colcon.colcon_core.environment:checking '/home/james/Desktop/SME-Lab/Final_Project/ros2_ws/install/battery_monitoring_12200335/lib/python3.8/site-packages'
[5.550s] Level 1:colcon.colcon_core.shell:create_environment_hook('battery_monitoring_12200335', 'pythonpath')
[5.602s] INFO:colcon.colcon_core.shell:Creating environment hook '/home/james/Desktop/SME-Lab/Final_Project/ros2_ws/install/battery_monitoring_12200335/share/battery_monitoring_12200335/hook/pythonpath.ps1'
[5.603s] INFO:colcon.colcon_core.shell:Creating environment descriptor '/home/james/Desktop/SME-Lab/Final_Project/ros2_ws/install/battery_monitoring_12200335/share/battery_monitoring_12200335/hook/pythonpath.dsv'
[5.604s] INFO:colcon.colcon_core.shell:Creating environment hook '/home/james/Desktop/SME-Lab/Final_Project/ros2_ws/install/battery_monitoring_12200335/share/battery_monitoring_12200335/hook/pythonpath.sh'
[5.606s] Level 1:colcon.colcon_core.environment:checking '/home/james/Desktop/SME-Lab/Final_Project/ros2_ws/install/battery_monitoring_12200335/bin'
[5.606s] Level 1:colcon.colcon_core.environment:create_environment_scripts_only(battery_monitoring_12200335)
[5.674s] INFO:colcon.colcon_core.shell:Creating package script '/home/james/Desktop/SME-Lab/Final_Project/ros2_ws/install/battery_monitoring_12200335/share/battery_monitoring_12200335/package.ps1'
[5.682s] INFO:colcon.colcon_core.shell:Creating package descriptor '/home/james/Desktop/SME-Lab/Final_Project/ros2_ws/install/battery_monitoring_12200335/share/battery_monitoring_12200335/package.dsv'
[5.683s] INFO:colcon.colcon_core.shell:Creating package script '/home/james/Desktop/SME-Lab/Final_Project/ros2_ws/install/battery_monitoring_12200335/share/battery_monitoring_12200335/package.sh'
[5.685s] INFO:colcon.colcon_core.shell:Creating package script '/home/james/Desktop/SME-Lab/Final_Project/ros2_ws/install/battery_monitoring_12200335/share/battery_monitoring_12200335/package.bash'
[5.687s] INFO:colcon.colcon_core.shell:Creating package script '/home/james/Desktop/SME-Lab/Final_Project/ros2_ws/install/battery_monitoring_12200335/share/battery_monitoring_12200335/package.zsh'
[5.687s] Level 1:colcon.colcon_core.environment:create_file_with_runtime_dependencies(/home/james/Desktop/SME-Lab/Final_Project/ros2_ws/install/battery_monitoring_12200335/share/colcon-core/packages/battery_monitoring_12200335)
[5.690s] DEBUG:colcon.colcon_parallel_executor.executor.parallel:closing loop
[5.690s] DEBUG:colcon.colcon_parallel_executor.executor.parallel:loop closed
[5.691s] DEBUG:colcon.colcon_parallel_executor.executor.parallel:run_until_complete finished with '0'
[5.691s] DEBUG:colcon.colcon_core.event_reactor:joining thread
[5.776s] INFO:colcon.colcon_core.plugin_system:Skipping extension 'colcon_notification.desktop_notification.terminal_notifier': Not used on non-Darwin systems
[5.777s] INFO:colcon.colcon_core.plugin_system:Skipping extension 'colcon_notification.desktop_notification.win32': Not used on non-Windows systems
[5.777s] INFO:colcon.colcon_notification.desktop_notification:Sending desktop notification using 'notify2'
[5.812s] DEBUG:colcon.colcon_core.event_reactor:joined thread
[5.874s] INFO:colcon.colcon_core.shell:Creating prefix script '/home/james/Desktop/SME-Lab/Final_Project/ros2_ws/install/local_setup.ps1'
[5.879s] INFO:colcon.colcon_core.shell:Creating prefix util module '/home/james/Desktop/SME-Lab/Final_Project/ros2_ws/install/_local_setup_util_ps1.py'
[5.882s] INFO:colcon.colcon_core.shell:Creating prefix chain script '/home/james/Desktop/SME-Lab/Final_Project/ros2_ws/install/setup.ps1'
[5.926s] INFO:colcon.colcon_core.shell:Creating prefix script '/home/james/Desktop/SME-Lab/Final_Project/ros2_ws/install/local_setup.sh'
[5.929s] INFO:colcon.colcon_core.shell:Creating prefix util module '/home/james/Desktop/SME-Lab/Final_Project/ros2_ws/install/_local_setup_util_sh.py'
[5.931s] INFO:colcon.colcon_core.shell:Creating prefix chain script '/home/james/Desktop/SME-Lab/Final_Project/ros2_ws/install/setup.sh'
[5.987s] INFO:colcon.colcon_core.shell:Creating prefix script '/home/james/Desktop/SME-Lab/Final_Project/ros2_ws/install/local_setup.bash'
[5.988s] INFO:colcon.colcon_core.shell:Creating prefix chain script '/home/james/Desktop/SME-Lab/Final_Project/ros2_ws/install/setup.bash'
[6.053s] INFO:colcon.colcon_core.shell:Creating prefix script '/home/james/Desktop/SME-Lab/Final_Project/ros2_ws/install/local_setup.zsh'
[6.054s] INFO:colcon.colcon_core.shell:Creating prefix chain script '/home/james/Desktop/SME-Lab/Final_Project/ros2_ws/install/setup.zsh'
