[0.090s] Invoking command in '/home/jamshid/Desktop/SME-Lab/week-7-homework/ros2_ws/build/smart_home_cpp': CMAKE_PREFIX_PATH=/opt/ros/humble /usr/bin/cmake /home/jamshid/Desktop/SME-Lab/week-7-homework/ros2_ws/src/smart_home_cpp -DCMAKE_INSTALL_PREFIX=/home/jamshid/Desktop/SME-Lab/week-7-homework/ros2_ws/install/smart_home_cpp
[0.168s] -- The C compiler identification is GNU 11.4.0
[0.241s] -- The CXX compiler identification is GNU 11.4.0
[0.250s] -- Detecting C compiler ABI info
[0.342s] -- Detecting C compiler ABI info - done
[0.352s] -- Check for working C compiler: /usr/bin/cc - skipped
[0.353s] -- Detecting C compile features
[0.354s] -- Detecting C compile features - done
[0.358s] -- Detecting CXX compiler ABI info
[0.477s] -- Detecting CXX compiler ABI info - done
[0.485s] -- Check for working CXX compiler: /usr/bin/c++ - skipped
[0.486s] -- Detecting CXX compile features
[0.487s] -- Detecting CXX compile features - done
[0.489s] -- Found ament_cmake: 1.3.5 (/opt/ros/humble/share/ament_cmake/cmake)
[0.667s] -- Found Python3: /usr/bin/python3.10 (found version "3.10.12") found components: Interpreter 
[0.758s] -- Found ament_lint_auto: 0.12.8 (/opt/ros/humble/share/ament_lint_auto/cmake)
[0.835s] -- Added test 'lint_cmake' to check CMake code style
[0.839s] -- Added test 'xmllint' to check XML markup files
[0.844s] -- Configuring done
[0.856s] -- Generating done
[0.856s] -- Build files have been written to: /home/jamshid/Desktop/SME-Lab/week-7-homework/ros2_ws/build/smart_home_cpp
[0.861s] Invoked command in '/home/jamshid/Desktop/SME-Lab/week-7-homework/ros2_ws/build/smart_home_cpp' returned '0': CMAKE_PREFIX_PATH=/opt/ros/humble /usr/bin/cmake /home/jamshid/Desktop/SME-Lab/week-7-homework/ros2_ws/src/smart_home_cpp -DCMAKE_INSTALL_PREFIX=/home/jamshid/Desktop/SME-Lab/week-7-homework/ros2_ws/install/smart_home_cpp
[0.862s] Invoking command in '/home/jamshid/Desktop/SME-Lab/week-7-homework/ros2_ws/build/smart_home_cpp': CMAKE_PREFIX_PATH=/opt/ros/humble /usr/bin/cmake --build /home/jamshid/Desktop/SME-Lab/week-7-homework/ros2_ws/build/smart_home_cpp -- -j2 -l2
[0.912s] Invoked command in '/home/jamshid/Desktop/SME-Lab/week-7-homework/ros2_ws/build/smart_home_cpp' returned '0': CMAKE_PREFIX_PATH=/opt/ros/humble /usr/bin/cmake --build /home/jamshid/Desktop/SME-Lab/week-7-homework/ros2_ws/build/smart_home_cpp -- -j2 -l2
[0.966s] Invoking command in '/home/jamshid/Desktop/SME-Lab/week-7-homework/ros2_ws/build/smart_home_cpp': CMAKE_PREFIX_PATH=/opt/ros/humble /usr/bin/cmake --install /home/jamshid/Desktop/SME-Lab/week-7-homework/ros2_ws/build/smart_home_cpp
[0.976s] -- Install configuration: ""
[0.977s] -- Installing: /home/jamshid/Desktop/SME-Lab/week-7-homework/ros2_ws/install/smart_home_cpp/share/ament_index/resource_index/package_run_dependencies/smart_home_cpp
[0.979s] -- Installing: /home/jamshid/Desktop/SME-Lab/week-7-homework/ros2_ws/install/smart_home_cpp/share/ament_index/resource_index/parent_prefix_path/smart_home_cpp
[0.980s] -- Installing: /home/jamshid/Desktop/SME-Lab/week-7-homework/ros2_ws/install/smart_home_cpp/share/smart_home_cpp/environment/ament_prefix_path.sh
[0.980s] -- Installing: /home/jamshid/Desktop/SME-Lab/week-7-homework/ros2_ws/install/smart_home_cpp/share/smart_home_cpp/environment/ament_prefix_path.dsv
[0.981s] -- Installing: /home/jamshid/Desktop/SME-Lab/week-7-homework/ros2_ws/install/smart_home_cpp/share/smart_home_cpp/environment/path.sh
[0.981s] -- Installing: /home/jamshid/Desktop/SME-Lab/week-7-homework/ros2_ws/install/smart_home_cpp/share/smart_home_cpp/environment/path.dsv
[0.982s] -- Installing: /home/jamshid/Desktop/SME-Lab/week-7-homework/ros2_ws/install/smart_home_cpp/share/smart_home_cpp/local_setup.bash
[0.982s] -- Installing: /home/jamshid/Desktop/SME-Lab/week-7-homework/ros2_ws/install/smart_home_cpp/share/smart_home_cpp/local_setup.sh
[0.982s] -- Installing: /home/jamshid/Desktop/SME-Lab/week-7-homework/ros2_ws/install/smart_home_cpp/share/smart_home_cpp/local_setup.zsh
[0.983s] -- Installing: /home/jamshid/Desktop/SME-Lab/week-7-homework/ros2_ws/install/smart_home_cpp/share/smart_home_cpp/local_setup.dsv
[0.983s] -- Installing: /home/jamshid/Desktop/SME-Lab/week-7-homework/ros2_ws/install/smart_home_cpp/share/smart_home_cpp/package.dsv
[0.983s] -- Installing: /home/jamshid/Desktop/SME-Lab/week-7-homework/ros2_ws/install/smart_home_cpp/share/ament_index/resource_index/packages/smart_home_cpp
[0.984s] -- Installing: /home/jamshid/Desktop/SME-Lab/week-7-homework/ros2_ws/install/smart_home_cpp/share/smart_home_cpp/cmake/smart_home_cppConfig.cmake
[0.984s] -- Installing: /home/jamshid/Desktop/SME-Lab/week-7-homework/ros2_ws/install/smart_home_cpp/share/smart_home_cpp/cmake/smart_home_cppConfig-version.cmake
[0.997s] -- Installing: /home/jamshid/Desktop/SME-Lab/week-7-homework/ros2_ws/install/smart_home_cpp/share/smart_home_cpp/package.xml
[0.998s] Invoked command in '/home/jamshid/Desktop/SME-Lab/week-7-homework/ros2_ws/build/smart_home_cpp' returned '0': CMAKE_PREFIX_PATH=/opt/ros/humble /usr/bin/cmake --install /home/jamshid/Desktop/SME-Lab/week-7-homework/ros2_ws/build/smart_home_cpp
