[0.959s] DEBUG:colcon:Command line arguments: ['/usr/bin/colcon', 'build', '--packages-select', 'bag_recorder_nodes']
[0.959s] DEBUG:colcon:Parsed command line arguments: Namespace(log_base=None, log_level=None, verb_name='build', build_base='build', install_base='install', merge_install=False, symlink_install=False, test_result_base=None, continue_on_error=False, executor='parallel', parallel_workers=2, event_handlers=None, ignore_user_meta=False, metas=['./colcon.meta'], base_paths=['.'], packages_ignore=None, packages_ignore_regex=None, paths=None, packages_up_to=None, packages_up_to_regex=None, packages_above=None, packages_above_and_dependencies=None, packages_above_depth=None, packages_select_by_dep=None, packages_skip_by_dep=None, packages_skip_up_to=None, packages_select_build_failed=False, packages_skip_build_finished=False, packages_select_test_failures=False, packages_skip_test_passed=False, packages_select=['bag_recorder_nodes'], packages_skip=None, packages_select_regex=None, packages_skip_regex=None, packages_start=None, packages_end=None, allow_overriding=[], cmake_args=None, cmake_target=None, cmake_target_skip_unavailable=False, cmake_clean_cache=False, cmake_clean_first=False, cmake_force_configure=False, ament_cmake_args=None, catkin_cmake_args=None, catkin_skip_building_tests=False, verb_parser=<colcon_defaults.argument_parser.defaults.DefaultArgumentsDecorator object at 0x7fc4b509c580>, verb_extension=<colcon_core.verb.build.BuildVerb object at 0x7fc4b509c610>, main=<bound method BuildVerb.main of <colcon_core.verb.build.BuildVerb object at 0x7fc4b509c610>>)
[1.014s] Level 1:colcon.colcon_core.package_discovery:discover_packages(colcon_meta) check parameters
[1.014s] Level 1:colcon.colcon_core.package_discovery:discover_packages(recursive) check parameters
[1.014s] Level 1:colcon.colcon_core.package_discovery:discover_packages(ignore) check parameters
[1.014s] Level 1:colcon.colcon_core.package_discovery:discover_packages(path) check parameters
[1.015s] Level 1:colcon.colcon_core.package_discovery:discover_packages(colcon_meta) discover
[1.015s] Level 1:colcon.colcon_core.package_discovery:discover_packages(recursive) discover
[1.015s] INFO:colcon.colcon_core.package_discovery:Crawling recursively for packages in '/home/jamshid/Desktop/SME-Lab/week-6-assignment-Advanced/ros2_ws_new'
[1.015s] Level 1:colcon.colcon_core.package_identification:_identify(.) by extensions ['ignore', 'ignore_ament_install']
[1.015s] Level 1:colcon.colcon_core.package_identification:_identify(.) by extension 'ignore'
[1.015s] Level 1:colcon.colcon_core.package_identification:_identify(.) by extension 'ignore_ament_install'
[1.015s] Level 1:colcon.colcon_core.package_identification:_identify(.) by extensions ['colcon_pkg']
[1.015s] Level 1:colcon.colcon_core.package_identification:_identify(.) by extension 'colcon_pkg'
[1.015s] Level 1:colcon.colcon_core.package_identification:_identify(.) by extensions ['colcon_meta']
[1.015s] Level 1:colcon.colcon_core.package_identification:_identify(.) by extension 'colcon_meta'
[1.016s] Level 1:colcon.colcon_core.package_identification:_identify(.) by extensions ['ros']
[1.016s] Level 1:colcon.colcon_core.package_identification:_identify(.) by extension 'ros'
[1.028s] Level 1:colcon.colcon_core.package_identification:_identify(.) by extensions ['cmake', 'python']
[1.028s] Level 1:colcon.colcon_core.package_identification:_identify(.) by extension 'cmake'
[1.028s] Level 1:colcon.colcon_core.package_identification:_identify(.) by extension 'python'
[1.028s] Level 1:colcon.colcon_core.package_identification:_identify(.) by extensions ['python_setup_py']
[1.028s] Level 1:colcon.colcon_core.package_identification:_identify(.) by extension 'python_setup_py'
[1.028s] Level 1:colcon.colcon_core.package_identification:_identify(build) by extensions ['ignore', 'ignore_ament_install']
[1.029s] Level 1:colcon.colcon_core.package_identification:_identify(build) by extension 'ignore'
[1.029s] Level 1:colcon.colcon_core.package_identification:_identify(build) ignored
[1.029s] Level 1:colcon.colcon_core.package_identification:_identify(install) by extensions ['ignore', 'ignore_ament_install']
[1.029s] Level 1:colcon.colcon_core.package_identification:_identify(install) by extension 'ignore'
[1.029s] Level 1:colcon.colcon_core.package_identification:_identify(install) ignored
[1.029s] Level 1:colcon.colcon_core.package_identification:_identify(log) by extensions ['ignore', 'ignore_ament_install']
[1.030s] Level 1:colcon.colcon_core.package_identification:_identify(log) by extension 'ignore'
[1.030s] Level 1:colcon.colcon_core.package_identification:_identify(log) ignored
[1.030s] Level 1:colcon.colcon_core.package_identification:_identify(src) by extensions ['ignore', 'ignore_ament_install']
[1.030s] Level 1:colcon.colcon_core.package_identification:_identify(src) by extension 'ignore'
[1.030s] Level 1:colcon.colcon_core.package_identification:_identify(src) by extension 'ignore_ament_install'
[1.030s] Level 1:colcon.colcon_core.package_identification:_identify(src) by extensions ['colcon_pkg']
[1.030s] Level 1:colcon.colcon_core.package_identification:_identify(src) by extension 'colcon_pkg'
[1.030s] Level 1:colcon.colcon_core.package_identification:_identify(src) by extensions ['colcon_meta']
[1.030s] Level 1:colcon.colcon_core.package_identification:_identify(src) by extension 'colcon_meta'
[1.030s] Level 1:colcon.colcon_core.package_identification:_identify(src) by extensions ['ros']
[1.030s] Level 1:colcon.colcon_core.package_identification:_identify(src) by extension 'ros'
[1.030s] Level 1:colcon.colcon_core.package_identification:_identify(src) by extensions ['cmake', 'python']
[1.030s] Level 1:colcon.colcon_core.package_identification:_identify(src) by extension 'cmake'
[1.030s] Level 1:colcon.colcon_core.package_identification:_identify(src) by extension 'python'
[1.030s] Level 1:colcon.colcon_core.package_identification:_identify(src) by extensions ['python_setup_py']
[1.031s] Level 1:colcon.colcon_core.package_identification:_identify(src) by extension 'python_setup_py'
[1.031s] Level 1:colcon.colcon_core.package_identification:_identify(src/bag_recorder_nodes) by extensions ['ignore', 'ignore_ament_install']
[1.031s] Level 1:colcon.colcon_core.package_identification:_identify(src/bag_recorder_nodes) by extension 'ignore'
[1.031s] Level 1:colcon.colcon_core.package_identification:_identify(src/bag_recorder_nodes) by extension 'ignore_ament_install'
[1.031s] Level 1:colcon.colcon_core.package_identification:_identify(src/bag_recorder_nodes) by extensions ['colcon_pkg']
[1.031s] Level 1:colcon.colcon_core.package_identification:_identify(src/bag_recorder_nodes) by extension 'colcon_pkg'
[1.031s] Level 1:colcon.colcon_core.package_identification:_identify(src/bag_recorder_nodes) by extensions ['colcon_meta']
[1.031s] Level 1:colcon.colcon_core.package_identification:_identify(src/bag_recorder_nodes) by extension 'colcon_meta'
[1.031s] Level 1:colcon.colcon_core.package_identification:_identify(src/bag_recorder_nodes) by extensions ['ros']
[1.031s] Level 1:colcon.colcon_core.package_identification:_identify(src/bag_recorder_nodes) by extension 'ros'
[1.034s] DEBUG:colcon.colcon_core.package_identification:Package 'src/bag_recorder_nodes' with type 'ros.ament_cmake' and name 'bag_recorder_nodes'
[1.035s] Level 1:colcon.colcon_core.package_identification:_identify(src/sync_async_node_example_cpp) by extensions ['ignore', 'ignore_ament_install']
[1.035s] Level 1:colcon.colcon_core.package_identification:_identify(src/sync_async_node_example_cpp) by extension 'ignore'
[1.035s] Level 1:colcon.colcon_core.package_identification:_identify(src/sync_async_node_example_cpp) by extension 'ignore_ament_install'
[1.035s] Level 1:colcon.colcon_core.package_identification:_identify(src/sync_async_node_example_cpp) by extensions ['colcon_pkg']
[1.035s] Level 1:colcon.colcon_core.package_identification:_identify(src/sync_async_node_example_cpp) by extension 'colcon_pkg'
[1.035s] Level 1:colcon.colcon_core.package_identification:_identify(src/sync_async_node_example_cpp) by extensions ['colcon_meta']
[1.037s] Level 1:colcon.colcon_core.package_identification:_identify(src/sync_async_node_example_cpp) by extension 'colcon_meta'
[1.037s] Level 1:colcon.colcon_core.package_identification:_identify(src/sync_async_node_example_cpp) by extensions ['ros']
[1.037s] Level 1:colcon.colcon_core.package_identification:_identify(src/sync_async_node_example_cpp) by extension 'ros'
[1.038s] DEBUG:colcon.colcon_core.package_identification:Package 'src/sync_async_node_example_cpp' with type 'ros.ament_cmake' and name 'sync_async_node_example_cpp'
[1.038s] Level 1:colcon.colcon_core.package_discovery:discover_packages(recursive) using defaults
[1.038s] Level 1:colcon.colcon_core.package_discovery:discover_packages(ignore) discover
[1.038s] Level 1:colcon.colcon_core.package_discovery:discover_packages(ignore) using defaults
[1.038s] Level 1:colcon.colcon_core.package_discovery:discover_packages(path) discover
[1.038s] Level 1:colcon.colcon_core.package_discovery:discover_packages(path) using defaults
[1.100s] INFO:colcon.colcon_core.package_selection:Skipping not selected package 'sync_async_node_example_cpp' in 'src/sync_async_node_example_cpp'
[1.124s] Level 1:colcon.colcon_core.package_discovery:discover_packages(prefix_path) check parameters
[1.125s] Level 1:colcon.colcon_core.package_discovery:discover_packages(prefix_path) discover
[1.155s] DEBUG:colcon.colcon_installed_package_information.package_discovery:Found 2 installed packages in /home/jamshid/Desktop/SME-Lab/week-6-assignment-Advanced/ros2_ws_new/install
[1.171s] DEBUG:colcon.colcon_installed_package_information.package_discovery:Found 4 installed packages in /home/jamshid/Desktop/SME-Lab/week-6-assignment-Advanced/ros2_ws/install
[1.185s] DEBUG:colcon.colcon_installed_package_information.package_discovery:Found 284 installed packages in /opt/ros/humble
[1.187s] Level 1:colcon.colcon_core.package_discovery:discover_packages(prefix_path) using defaults
[1.288s] Level 5:colcon.colcon_core.verb:set package 'bag_recorder_nodes' build argument 'cmake_args' from command line to 'None'
[1.288s] Level 5:colcon.colcon_core.verb:set package 'bag_recorder_nodes' build argument 'cmake_target' from command line to 'None'
[1.288s] Level 5:colcon.colcon_core.verb:set package 'bag_recorder_nodes' build argument 'cmake_target_skip_unavailable' from command line to 'False'
[1.288s] Level 5:colcon.colcon_core.verb:set package 'bag_recorder_nodes' build argument 'cmake_clean_cache' from command line to 'False'
[1.288s] Level 5:colcon.colcon_core.verb:set package 'bag_recorder_nodes' build argument 'cmake_clean_first' from command line to 'False'
[1.288s] Level 5:colcon.colcon_core.verb:set package 'bag_recorder_nodes' build argument 'cmake_force_configure' from command line to 'False'
[1.288s] Level 5:colcon.colcon_core.verb:set package 'bag_recorder_nodes' build argument 'ament_cmake_args' from command line to 'None'
[1.288s] Level 5:colcon.colcon_core.verb:set package 'bag_recorder_nodes' build argument 'catkin_cmake_args' from command line to 'None'
[1.288s] Level 5:colcon.colcon_core.verb:set package 'bag_recorder_nodes' build argument 'catkin_skip_building_tests' from command line to 'False'
[1.288s] DEBUG:colcon.colcon_core.verb:Building package 'bag_recorder_nodes' with the following arguments: {'ament_cmake_args': None, 'build_base': '/home/jamshid/Desktop/SME-Lab/week-6-assignment-Advanced/ros2_ws_new/build/bag_recorder_nodes', 'catkin_cmake_args': None, 'catkin_skip_building_tests': False, 'cmake_args': None, 'cmake_clean_cache': False, 'cmake_clean_first': False, 'cmake_force_configure': False, 'cmake_target': None, 'cmake_target_skip_unavailable': False, 'install_base': '/home/jamshid/Desktop/SME-Lab/week-6-assignment-Advanced/ros2_ws_new/install/bag_recorder_nodes', 'merge_install': False, 'path': '/home/jamshid/Desktop/SME-Lab/week-6-assignment-Advanced/ros2_ws_new/src/bag_recorder_nodes', 'symlink_install': False, 'test_result_base': None}
[1.306s] INFO:colcon.colcon_core.executor:Executing jobs using 'parallel' executor
[1.326s] DEBUG:colcon.colcon_parallel_executor.executor.parallel:run_until_complete
[1.327s] INFO:colcon.colcon_ros.task.ament_cmake.build:Building ROS package in '/home/jamshid/Desktop/SME-Lab/week-6-assignment-Advanced/ros2_ws_new/src/bag_recorder_nodes' with build type 'ament_cmake'
[1.327s] INFO:colcon.colcon_cmake.task.cmake.build:Building CMake package in '/home/jamshid/Desktop/SME-Lab/week-6-assignment-Advanced/ros2_ws_new/src/bag_recorder_nodes'
[1.350s] INFO:colcon.colcon_core.plugin_system:Skipping extension 'colcon_core.shell.bat': Not used on non-Windows systems
[1.350s] INFO:colcon.colcon_core.shell:Skip shell extension 'powershell' for command environment: Not usable outside of PowerShell
[1.350s] DEBUG:colcon.colcon_core.shell:Skip shell extension 'dsv' for command environment
[1.431s] DEBUG:colcon.colcon_core.event_handler.log_command:Invoking command in '/home/jamshid/Desktop/SME-Lab/week-6-assignment-Advanced/ros2_ws_new/build/bag_recorder_nodes': CMAKE_PREFIX_PATH=${CMAKE_PREFIX_PATH}:/home/jamshid/Desktop/SME-Lab/week-6-assignment-Advanced/ros2_ws/install/py_pubsub:/opt/ros/humble /usr/bin/cmake --build /home/jamshid/Desktop/SME-Lab/week-6-assignment-Advanced/ros2_ws_new/build/bag_recorder_nodes -- -j2 -l2
[1.600s] DEBUG:colcon.colcon_core.event_handler.log_command:Invoked command in '/home/jamshid/Desktop/SME-Lab/week-6-assignment-Advanced/ros2_ws_new/build/bag_recorder_nodes' returned '0': CMAKE_PREFIX_PATH=${CMAKE_PREFIX_PATH}:/home/jamshid/Desktop/SME-Lab/week-6-assignment-Advanced/ros2_ws/install/py_pubsub:/opt/ros/humble /usr/bin/cmake --build /home/jamshid/Desktop/SME-Lab/week-6-assignment-Advanced/ros2_ws_new/build/bag_recorder_nodes -- -j2 -l2
[1.681s] DEBUG:colcon.colcon_core.event_handler.log_command:Invoking command in '/home/jamshid/Desktop/SME-Lab/week-6-assignment-Advanced/ros2_ws_new/build/bag_recorder_nodes': CMAKE_PREFIX_PATH=${CMAKE_PREFIX_PATH}:/home/jamshid/Desktop/SME-Lab/week-6-assignment-Advanced/ros2_ws/install/py_pubsub:/opt/ros/humble /usr/bin/cmake --install /home/jamshid/Desktop/SME-Lab/week-6-assignment-Advanced/ros2_ws_new/build/bag_recorder_nodes
[1.700s] Level 1:colcon.colcon_core.environment:create_environment_scripts_only(bag_recorder_nodes)
[1.706s] DEBUG:colcon.colcon_core.event_handler.log_command:Invoked command in '/home/jamshid/Desktop/SME-Lab/week-6-assignment-Advanced/ros2_ws_new/build/bag_recorder_nodes' returned '0': CMAKE_PREFIX_PATH=${CMAKE_PREFIX_PATH}:/home/jamshid/Desktop/SME-Lab/week-6-assignment-Advanced/ros2_ws/install/py_pubsub:/opt/ros/humble /usr/bin/cmake --install /home/jamshid/Desktop/SME-Lab/week-6-assignment-Advanced/ros2_ws_new/build/bag_recorder_nodes
[1.718s] Level 1:colcon.colcon_core.environment:checking '/home/jamshid/Desktop/SME-Lab/week-6-assignment-Advanced/ros2_ws_new/install/bag_recorder_nodes' for CMake module files
[1.719s] Level 1:colcon.colcon_core.environment:checking '/home/jamshid/Desktop/SME-Lab/week-6-assignment-Advanced/ros2_ws_new/install/bag_recorder_nodes' for CMake config files
[1.719s] Level 1:colcon.colcon_core.shell:create_environment_hook('bag_recorder_nodes', 'cmake_prefix_path')
[1.735s] INFO:colcon.colcon_core.shell:Creating environment hook '/home/jamshid/Desktop/SME-Lab/week-6-assignment-Advanced/ros2_ws_new/install/bag_recorder_nodes/share/bag_recorder_nodes/hook/cmake_prefix_path.ps1'
[1.736s] INFO:colcon.colcon_core.shell:Creating environment descriptor '/home/jamshid/Desktop/SME-Lab/week-6-assignment-Advanced/ros2_ws_new/install/bag_recorder_nodes/share/bag_recorder_nodes/hook/cmake_prefix_path.dsv'
[1.737s] INFO:colcon.colcon_core.shell:Creating environment hook '/home/jamshid/Desktop/SME-Lab/week-6-assignment-Advanced/ros2_ws_new/install/bag_recorder_nodes/share/bag_recorder_nodes/hook/cmake_prefix_path.sh'
[1.741s] Level 1:colcon.colcon_core.environment:checking '/home/jamshid/Desktop/SME-Lab/week-6-assignment-Advanced/ros2_ws_new/install/bag_recorder_nodes/lib'
[1.742s] Level 1:colcon.colcon_core.environment:checking '/home/jamshid/Desktop/SME-Lab/week-6-assignment-Advanced/ros2_ws_new/install/bag_recorder_nodes/bin'
[1.743s] Level 1:colcon.colcon_core.environment:checking '/home/jamshid/Desktop/SME-Lab/week-6-assignment-Advanced/ros2_ws_new/install/bag_recorder_nodes/lib/pkgconfig/bag_recorder_nodes.pc'
[1.743s] Level 1:colcon.colcon_core.environment:checking '/home/jamshid/Desktop/SME-Lab/week-6-assignment-Advanced/ros2_ws_new/install/bag_recorder_nodes/lib/python3.10/site-packages'
[1.743s] Level 1:colcon.colcon_core.environment:checking '/home/jamshid/Desktop/SME-Lab/week-6-assignment-Advanced/ros2_ws_new/install/bag_recorder_nodes/bin'
[1.757s] INFO:colcon.colcon_core.shell:Creating package script '/home/jamshid/Desktop/SME-Lab/week-6-assignment-Advanced/ros2_ws_new/install/bag_recorder_nodes/share/bag_recorder_nodes/package.ps1'
[1.759s] INFO:colcon.colcon_core.shell:Creating package descriptor '/home/jamshid/Desktop/SME-Lab/week-6-assignment-Advanced/ros2_ws_new/install/bag_recorder_nodes/share/bag_recorder_nodes/package.dsv'
[1.760s] INFO:colcon.colcon_core.shell:Creating package script '/home/jamshid/Desktop/SME-Lab/week-6-assignment-Advanced/ros2_ws_new/install/bag_recorder_nodes/share/bag_recorder_nodes/package.sh'
[1.762s] INFO:colcon.colcon_core.shell:Creating package script '/home/jamshid/Desktop/SME-Lab/week-6-assignment-Advanced/ros2_ws_new/install/bag_recorder_nodes/share/bag_recorder_nodes/package.bash'
[1.763s] INFO:colcon.colcon_core.shell:Creating package script '/home/jamshid/Desktop/SME-Lab/week-6-assignment-Advanced/ros2_ws_new/install/bag_recorder_nodes/share/bag_recorder_nodes/package.zsh'
[1.765s] Level 1:colcon.colcon_core.environment:create_file_with_runtime_dependencies(/home/jamshid/Desktop/SME-Lab/week-6-assignment-Advanced/ros2_ws_new/install/bag_recorder_nodes/share/colcon-core/packages/bag_recorder_nodes)
[1.827s] Level 1:colcon.colcon_core.environment:create_environment_scripts_only(bag_recorder_nodes)
[1.847s] Level 1:colcon.colcon_core.environment:checking '/home/jamshid/Desktop/SME-Lab/week-6-assignment-Advanced/ros2_ws_new/install/bag_recorder_nodes' for CMake module files
[1.848s] Level 1:colcon.colcon_core.environment:checking '/home/jamshid/Desktop/SME-Lab/week-6-assignment-Advanced/ros2_ws_new/install/bag_recorder_nodes' for CMake config files
[1.848s] Level 1:colcon.colcon_core.shell:create_environment_hook('bag_recorder_nodes', 'cmake_prefix_path')
[1.861s] INFO:colcon.colcon_core.shell:Creating environment hook '/home/jamshid/Desktop/SME-Lab/week-6-assignment-Advanced/ros2_ws_new/install/bag_recorder_nodes/share/bag_recorder_nodes/hook/cmake_prefix_path.ps1'
[1.862s] INFO:colcon.colcon_core.shell:Creating environment descriptor '/home/jamshid/Desktop/SME-Lab/week-6-assignment-Advanced/ros2_ws_new/install/bag_recorder_nodes/share/bag_recorder_nodes/hook/cmake_prefix_path.dsv'
[1.863s] INFO:colcon.colcon_core.shell:Creating environment hook '/home/jamshid/Desktop/SME-Lab/week-6-assignment-Advanced/ros2_ws_new/install/bag_recorder_nodes/share/bag_recorder_nodes/hook/cmake_prefix_path.sh'
[1.864s] Level 1:colcon.colcon_core.environment:checking '/home/jamshid/Desktop/SME-Lab/week-6-assignment-Advanced/ros2_ws_new/install/bag_recorder_nodes/lib'
[1.865s] Level 1:colcon.colcon_core.environment:checking '/home/jamshid/Desktop/SME-Lab/week-6-assignment-Advanced/ros2_ws_new/install/bag_recorder_nodes/bin'
[1.865s] Level 1:colcon.colcon_core.environment:checking '/home/jamshid/Desktop/SME-Lab/week-6-assignment-Advanced/ros2_ws_new/install/bag_recorder_nodes/lib/pkgconfig/bag_recorder_nodes.pc'
[1.867s] Level 1:colcon.colcon_core.environment:checking '/home/jamshid/Desktop/SME-Lab/week-6-assignment-Advanced/ros2_ws_new/install/bag_recorder_nodes/lib/python3.10/site-packages'
[1.868s] Level 1:colcon.colcon_core.environment:checking '/home/jamshid/Desktop/SME-Lab/week-6-assignment-Advanced/ros2_ws_new/install/bag_recorder_nodes/bin'
[1.886s] INFO:colcon.colcon_core.shell:Creating package script '/home/jamshid/Desktop/SME-Lab/week-6-assignment-Advanced/ros2_ws_new/install/bag_recorder_nodes/share/bag_recorder_nodes/package.ps1'
[1.887s] INFO:colcon.colcon_core.shell:Creating package descriptor '/home/jamshid/Desktop/SME-Lab/week-6-assignment-Advanced/ros2_ws_new/install/bag_recorder_nodes/share/bag_recorder_nodes/package.dsv'
[1.888s] INFO:colcon.colcon_core.shell:Creating package script '/home/jamshid/Desktop/SME-Lab/week-6-assignment-Advanced/ros2_ws_new/install/bag_recorder_nodes/share/bag_recorder_nodes/package.sh'
[1.889s] INFO:colcon.colcon_core.shell:Creating package script '/home/jamshid/Desktop/SME-Lab/week-6-assignment-Advanced/ros2_ws_new/install/bag_recorder_nodes/share/bag_recorder_nodes/package.bash'
[1.890s] INFO:colcon.colcon_core.shell:Creating package script '/home/jamshid/Desktop/SME-Lab/week-6-assignment-Advanced/ros2_ws_new/install/bag_recorder_nodes/share/bag_recorder_nodes/package.zsh'
[1.891s] Level 1:colcon.colcon_core.environment:create_file_with_runtime_dependencies(/home/jamshid/Desktop/SME-Lab/week-6-assignment-Advanced/ros2_ws_new/install/bag_recorder_nodes/share/colcon-core/packages/bag_recorder_nodes)
[1.894s] DEBUG:colcon.colcon_parallel_executor.executor.parallel:closing loop
[1.895s] DEBUG:colcon.colcon_parallel_executor.executor.parallel:loop closed
[1.895s] DEBUG:colcon.colcon_parallel_executor.executor.parallel:run_until_complete finished with '0'
[1.895s] DEBUG:colcon.colcon_core.event_reactor:joining thread
[1.932s] INFO:colcon.colcon_core.plugin_system:Skipping extension 'colcon_notification.desktop_notification.terminal_notifier': Not used on non-Darwin systems
[1.933s] INFO:colcon.colcon_core.plugin_system:Skipping extension 'colcon_notification.desktop_notification.win32': Not used on non-Windows systems
[1.933s] INFO:colcon.colcon_notification.desktop_notification:Sending desktop notification using 'notify2'
[1.948s] DEBUG:colcon.colcon_core.event_reactor:joined thread
[1.967s] INFO:colcon.colcon_core.shell:Creating prefix script '/home/jamshid/Desktop/SME-Lab/week-6-assignment-Advanced/ros2_ws_new/install/local_setup.ps1'
[1.969s] INFO:colcon.colcon_core.shell:Creating prefix util module '/home/jamshid/Desktop/SME-Lab/week-6-assignment-Advanced/ros2_ws_new/install/_local_setup_util_ps1.py'
[1.972s] INFO:colcon.colcon_core.shell:Creating prefix chain script '/home/jamshid/Desktop/SME-Lab/week-6-assignment-Advanced/ros2_ws_new/install/setup.ps1'
[1.990s] INFO:colcon.colcon_core.shell:Creating prefix script '/home/jamshid/Desktop/SME-Lab/week-6-assignment-Advanced/ros2_ws_new/install/local_setup.sh'
[1.991s] INFO:colcon.colcon_core.shell:Creating prefix util module '/home/jamshid/Desktop/SME-Lab/week-6-assignment-Advanced/ros2_ws_new/install/_local_setup_util_sh.py'
[1.993s] INFO:colcon.colcon_core.shell:Creating prefix chain script '/home/jamshid/Desktop/SME-Lab/week-6-assignment-Advanced/ros2_ws_new/install/setup.sh'
[2.014s] INFO:colcon.colcon_core.shell:Creating prefix script '/home/jamshid/Desktop/SME-Lab/week-6-assignment-Advanced/ros2_ws_new/install/local_setup.bash'
[2.015s] INFO:colcon.colcon_core.shell:Creating prefix chain script '/home/jamshid/Desktop/SME-Lab/week-6-assignment-Advanced/ros2_ws_new/install/setup.bash'
[2.031s] INFO:colcon.colcon_core.shell:Creating prefix script '/home/jamshid/Desktop/SME-Lab/week-6-assignment-Advanced/ros2_ws_new/install/local_setup.zsh'
[2.033s] INFO:colcon.colcon_core.shell:Creating prefix chain script '/home/jamshid/Desktop/SME-Lab/week-6-assignment-Advanced/ros2_ws_new/install/setup.zsh'
