[0.975s] DEBUG:colcon:Command line arguments: ['/usr/bin/colcon', 'build']
[0.975s] DEBUG:colcon:Parsed command line arguments: Namespace(log_base=None, log_level=None, verb_name='build', build_base='build', install_base='install', merge_install=False, symlink_install=False, test_result_base=None, continue_on_error=False, executor='parallel', parallel_workers=2, event_handlers=None, ignore_user_meta=False, metas=['./colcon.meta'], base_paths=['.'], packages_ignore=None, packages_ignore_regex=None, paths=None, packages_up_to=None, packages_up_to_regex=None, packages_above=None, packages_above_and_dependencies=None, packages_above_depth=None, packages_select_by_dep=None, packages_skip_by_dep=None, packages_skip_up_to=None, packages_select_build_failed=False, packages_skip_build_finished=False, packages_select_test_failures=False, packages_skip_test_passed=False, packages_select=None, packages_skip=None, packages_select_regex=None, packages_skip_regex=None, packages_start=None, packages_end=None, allow_overriding=[], cmake_args=None, cmake_target=None, cmake_target_skip_unavailable=False, cmake_clean_cache=False, cmake_clean_first=False, cmake_force_configure=False, ament_cmake_args=None, catkin_cmake_args=None, catkin_skip_building_tests=False, verb_parser=<colcon_defaults.argument_parser.defaults.DefaultArgumentsDecorator object at 0x7fba8eeabe80>, verb_extension=<colcon_core.verb.build.BuildVerb object at 0x7fba8eeab0a0>, main=<bound method BuildVerb.main of <colcon_core.verb.build.BuildVerb object at 0x7fba8eeab0a0>>)
[1.020s] Level 1:colcon.colcon_core.package_discovery:discover_packages(colcon_meta) check parameters
[1.020s] Level 1:colcon.colcon_core.package_discovery:discover_packages(recursive) check parameters
[1.020s] Level 1:colcon.colcon_core.package_discovery:discover_packages(ignore) check parameters
[1.020s] Level 1:colcon.colcon_core.package_discovery:discover_packages(path) check parameters
[1.020s] Level 1:colcon.colcon_core.package_discovery:discover_packages(colcon_meta) discover
[1.021s] Level 1:colcon.colcon_core.package_discovery:discover_packages(recursive) discover
[1.021s] INFO:colcon.colcon_core.package_discovery:Crawling recursively for packages in '/home/jamshid/Desktop/SME-Lab/Mid-Term_Project/ros2_ws'
[1.021s] Level 1:colcon.colcon_core.package_identification:_identify(.) by extensions ['ignore', 'ignore_ament_install']
[1.022s] Level 1:colcon.colcon_core.package_identification:_identify(.) by extension 'ignore'
[1.022s] Level 1:colcon.colcon_core.package_identification:_identify(.) by extension 'ignore_ament_install'
[1.022s] Level 1:colcon.colcon_core.package_identification:_identify(.) by extensions ['colcon_pkg']
[1.022s] Level 1:colcon.colcon_core.package_identification:_identify(.) by extension 'colcon_pkg'
[1.022s] Level 1:colcon.colcon_core.package_identification:_identify(.) by extensions ['colcon_meta']
[1.022s] Level 1:colcon.colcon_core.package_identification:_identify(.) by extension 'colcon_meta'
[1.022s] Level 1:colcon.colcon_core.package_identification:_identify(.) by extensions ['ros']
[1.022s] Level 1:colcon.colcon_core.package_identification:_identify(.) by extension 'ros'
[1.033s] Level 1:colcon.colcon_core.package_identification:_identify(.) by extensions ['cmake', 'python']
[1.033s] Level 1:colcon.colcon_core.package_identification:_identify(.) by extension 'cmake'
[1.034s] Level 1:colcon.colcon_core.package_identification:_identify(.) by extension 'python'
[1.034s] Level 1:colcon.colcon_core.package_identification:_identify(.) by extensions ['python_setup_py']
[1.034s] Level 1:colcon.colcon_core.package_identification:_identify(.) by extension 'python_setup_py'
[1.034s] Level 1:colcon.colcon_core.package_identification:_identify(build) by extensions ['ignore', 'ignore_ament_install']
[1.034s] Level 1:colcon.colcon_core.package_identification:_identify(build) by extension 'ignore'
[1.034s] Level 1:colcon.colcon_core.package_identification:_identify(build) ignored
[1.034s] Level 1:colcon.colcon_core.package_identification:_identify(install) by extensions ['ignore', 'ignore_ament_install']
[1.035s] Level 1:colcon.colcon_core.package_identification:_identify(install) by extension 'ignore'
[1.035s] Level 1:colcon.colcon_core.package_identification:_identify(install) ignored
[1.035s] Level 1:colcon.colcon_core.package_identification:_identify(log) by extensions ['ignore', 'ignore_ament_install']
[1.035s] Level 1:colcon.colcon_core.package_identification:_identify(log) by extension 'ignore'
[1.035s] Level 1:colcon.colcon_core.package_identification:_identify(log) ignored
[1.035s] Level 1:colcon.colcon_core.package_identification:_identify(src) by extensions ['ignore', 'ignore_ament_install']
[1.035s] Level 1:colcon.colcon_core.package_identification:_identify(src) by extension 'ignore'
[1.035s] Level 1:colcon.colcon_core.package_identification:_identify(src) by extension 'ignore_ament_install'
[1.036s] Level 1:colcon.colcon_core.package_identification:_identify(src) by extensions ['colcon_pkg']
[1.036s] Level 1:colcon.colcon_core.package_identification:_identify(src) by extension 'colcon_pkg'
[1.036s] Level 1:colcon.colcon_core.package_identification:_identify(src) by extensions ['colcon_meta']
[1.036s] Level 1:colcon.colcon_core.package_identification:_identify(src) by extension 'colcon_meta'
[1.036s] Level 1:colcon.colcon_core.package_identification:_identify(src) by extensions ['ros']
[1.036s] Level 1:colcon.colcon_core.package_identification:_identify(src) by extension 'ros'
[1.036s] Level 1:colcon.colcon_core.package_identification:_identify(src) by extensions ['cmake', 'python']
[1.036s] Level 1:colcon.colcon_core.package_identification:_identify(src) by extension 'cmake'
[1.036s] Level 1:colcon.colcon_core.package_identification:_identify(src) by extension 'python'
[1.037s] Level 1:colcon.colcon_core.package_identification:_identify(src) by extensions ['python_setup_py']
[1.037s] Level 1:colcon.colcon_core.package_identification:_identify(src) by extension 'python_setup_py'
[1.037s] Level 1:colcon.colcon_core.package_identification:_identify(src/dynamic_fleet_manager) by extensions ['ignore', 'ignore_ament_install']
[1.037s] Level 1:colcon.colcon_core.package_identification:_identify(src/dynamic_fleet_manager) by extension 'ignore'
[1.037s] Level 1:colcon.colcon_core.package_identification:_identify(src/dynamic_fleet_manager) by extension 'ignore_ament_install'
[1.037s] Level 1:colcon.colcon_core.package_identification:_identify(src/dynamic_fleet_manager) by extensions ['colcon_pkg']
[1.038s] Level 1:colcon.colcon_core.package_identification:_identify(src/dynamic_fleet_manager) by extension 'colcon_pkg'
[1.038s] Level 1:colcon.colcon_core.package_identification:_identify(src/dynamic_fleet_manager) by extensions ['colcon_meta']
[1.038s] Level 1:colcon.colcon_core.package_identification:_identify(src/dynamic_fleet_manager) by extension 'colcon_meta'
[1.038s] Level 1:colcon.colcon_core.package_identification:_identify(src/dynamic_fleet_manager) by extensions ['ros']
[1.038s] Level 1:colcon.colcon_core.package_identification:_identify(src/dynamic_fleet_manager) by extension 'ros'
[1.041s] DEBUG:colcon.colcon_core.package_identification:Package 'src/dynamic_fleet_manager' with type 'ros.ament_cmake' and name 'dynamic_fleet_manager'
[1.041s] Level 1:colcon.colcon_core.package_discovery:discover_packages(recursive) using defaults
[1.041s] Level 1:colcon.colcon_core.package_discovery:discover_packages(ignore) discover
[1.042s] Level 1:colcon.colcon_core.package_discovery:discover_packages(ignore) using defaults
[1.042s] Level 1:colcon.colcon_core.package_discovery:discover_packages(path) discover
[1.042s] Level 1:colcon.colcon_core.package_discovery:discover_packages(path) using defaults
[1.124s] Level 1:colcon.colcon_core.package_discovery:discover_packages(prefix_path) check parameters
[1.124s] Level 1:colcon.colcon_core.package_discovery:discover_packages(prefix_path) discover
[1.140s] WARNING:colcon.colcon_ros.prefix_path.ament:The path '/home/jamshid/Desktop/SME-Lab/Mid-Term_Project/ros2_ws/install/dynamic_fleet_manager' in the environment variable AMENT_PREFIX_PATH doesn't exist
[1.141s] WARNING:colcon.colcon_ros.prefix_path.catkin:The path '/home/jamshid/Desktop/SME-Lab/Mid-Term_Project/ros2_ws/install/dynamic_fleet_manager' in the environment variable CMAKE_PREFIX_PATH doesn't exist
[1.158s] DEBUG:colcon.colcon_installed_package_information.package_discovery:Found 0 installed packages in /home/jamshid/Desktop/SME-Lab/Mid-Term_Project/ros2_ws/install
[1.176s] DEBUG:colcon.colcon_installed_package_information.package_discovery:Found 284 installed packages in /opt/ros/humble
[1.179s] Level 1:colcon.colcon_core.package_discovery:discover_packages(prefix_path) using defaults
[1.282s] Level 5:colcon.colcon_core.verb:set package 'dynamic_fleet_manager' build argument 'cmake_args' from command line to 'None'
[1.282s] Level 5:colcon.colcon_core.verb:set package 'dynamic_fleet_manager' build argument 'cmake_target' from command line to 'None'
[1.283s] Level 5:colcon.colcon_core.verb:set package 'dynamic_fleet_manager' build argument 'cmake_target_skip_unavailable' from command line to 'False'
[1.283s] Level 5:colcon.colcon_core.verb:set package 'dynamic_fleet_manager' build argument 'cmake_clean_cache' from command line to 'False'
[1.283s] Level 5:colcon.colcon_core.verb:set package 'dynamic_fleet_manager' build argument 'cmake_clean_first' from command line to 'False'
[1.283s] Level 5:colcon.colcon_core.verb:set package 'dynamic_fleet_manager' build argument 'cmake_force_configure' from command line to 'False'
[1.283s] Level 5:colcon.colcon_core.verb:set package 'dynamic_fleet_manager' build argument 'ament_cmake_args' from command line to 'None'
[1.283s] Level 5:colcon.colcon_core.verb:set package 'dynamic_fleet_manager' build argument 'catkin_cmake_args' from command line to 'None'
[1.283s] Level 5:colcon.colcon_core.verb:set package 'dynamic_fleet_manager' build argument 'catkin_skip_building_tests' from command line to 'False'
[1.283s] DEBUG:colcon.colcon_core.verb:Building package 'dynamic_fleet_manager' with the following arguments: {'ament_cmake_args': None, 'build_base': '/home/jamshid/Desktop/SME-Lab/Mid-Term_Project/ros2_ws/build/dynamic_fleet_manager', 'catkin_cmake_args': None, 'catkin_skip_building_tests': False, 'cmake_args': None, 'cmake_clean_cache': False, 'cmake_clean_first': False, 'cmake_force_configure': False, 'cmake_target': None, 'cmake_target_skip_unavailable': False, 'install_base': '/home/jamshid/Desktop/SME-Lab/Mid-Term_Project/ros2_ws/install/dynamic_fleet_manager', 'merge_install': False, 'path': '/home/jamshid/Desktop/SME-Lab/Mid-Term_Project/ros2_ws/src/dynamic_fleet_manager', 'symlink_install': False, 'test_result_base': None}
[1.297s] INFO:colcon.colcon_core.executor:Executing jobs using 'parallel' executor
[1.316s] DEBUG:colcon.colcon_parallel_executor.executor.parallel:run_until_complete
[1.316s] INFO:colcon.colcon_ros.task.ament_cmake.build:Building ROS package in '/home/jamshid/Desktop/SME-Lab/Mid-Term_Project/ros2_ws/src/dynamic_fleet_manager' with build type 'ament_cmake'
[1.317s] INFO:colcon.colcon_cmake.task.cmake.build:Building CMake package in '/home/jamshid/Desktop/SME-Lab/Mid-Term_Project/ros2_ws/src/dynamic_fleet_manager'
[1.334s] INFO:colcon.colcon_core.plugin_system:Skipping extension 'colcon_core.shell.bat': Not used on non-Windows systems
[1.335s] INFO:colcon.colcon_core.shell:Skip shell extension 'powershell' for command environment: Not usable outside of PowerShell
[1.335s] DEBUG:colcon.colcon_core.shell:Skip shell extension 'dsv' for command environment
[1.389s] DEBUG:colcon.colcon_core.event_handler.log_command:Invoking command in '/home/jamshid/Desktop/SME-Lab/Mid-Term_Project/ros2_ws/build/dynamic_fleet_manager': CMAKE_PREFIX_PATH=${CMAKE_PREFIX_PATH}:/opt/ros/humble /usr/bin/cmake /home/jamshid/Desktop/SME-Lab/Mid-Term_Project/ros2_ws/src/dynamic_fleet_manager -DCMAKE_INSTALL_PREFIX=/home/jamshid/Desktop/SME-Lab/Mid-Term_Project/ros2_ws/install/dynamic_fleet_manager
[3.773s] DEBUG:colcon.colcon_core.event_handler.log_command:Invoked command in '/home/jamshid/Desktop/SME-Lab/Mid-Term_Project/ros2_ws/build/dynamic_fleet_manager' returned '0': CMAKE_PREFIX_PATH=${CMAKE_PREFIX_PATH}:/opt/ros/humble /usr/bin/cmake /home/jamshid/Desktop/SME-Lab/Mid-Term_Project/ros2_ws/src/dynamic_fleet_manager -DCMAKE_INSTALL_PREFIX=/home/jamshid/Desktop/SME-Lab/Mid-Term_Project/ros2_ws/install/dynamic_fleet_manager
[3.774s] DEBUG:colcon.colcon_core.event_handler.log_command:Invoking command in '/home/jamshid/Desktop/SME-Lab/Mid-Term_Project/ros2_ws/build/dynamic_fleet_manager': CMAKE_PREFIX_PATH=${CMAKE_PREFIX_PATH}:/opt/ros/humble /usr/bin/cmake --build /home/jamshid/Desktop/SME-Lab/Mid-Term_Project/ros2_ws/build/dynamic_fleet_manager -- -j2 -l2
[13.046s] DEBUG:colcon.colcon_core.event_handler.log_command:Invoked command in '/home/jamshid/Desktop/SME-Lab/Mid-Term_Project/ros2_ws/build/dynamic_fleet_manager' returned '0': CMAKE_PREFIX_PATH=${CMAKE_PREFIX_PATH}:/opt/ros/humble /usr/bin/cmake --build /home/jamshid/Desktop/SME-Lab/Mid-Term_Project/ros2_ws/build/dynamic_fleet_manager -- -j2 -l2
[13.193s] DEBUG:colcon.colcon_core.event_handler.log_command:Invoking command in '/home/jamshid/Desktop/SME-Lab/Mid-Term_Project/ros2_ws/build/dynamic_fleet_manager': CMAKE_PREFIX_PATH=${CMAKE_PREFIX_PATH}:/opt/ros/humble /usr/bin/cmake --install /home/jamshid/Desktop/SME-Lab/Mid-Term_Project/ros2_ws/build/dynamic_fleet_manager
[13.342s] Level 1:colcon.colcon_core.environment:create_environment_scripts_only(dynamic_fleet_manager)
[13.349s] DEBUG:colcon.colcon_core.event_handler.log_command:Invoked command in '/home/jamshid/Desktop/SME-Lab/Mid-Term_Project/ros2_ws/build/dynamic_fleet_manager' returned '0': CMAKE_PREFIX_PATH=${CMAKE_PREFIX_PATH}:/opt/ros/humble /usr/bin/cmake --install /home/jamshid/Desktop/SME-Lab/Mid-Term_Project/ros2_ws/build/dynamic_fleet_manager
[13.364s] Level 1:colcon.colcon_core.environment:checking '/home/jamshid/Desktop/SME-Lab/Mid-Term_Project/ros2_ws/install/dynamic_fleet_manager' for CMake module files
[13.366s] Level 1:colcon.colcon_core.environment:checking '/home/jamshid/Desktop/SME-Lab/Mid-Term_Project/ros2_ws/install/dynamic_fleet_manager' for CMake config files
[13.366s] Level 1:colcon.colcon_core.shell:create_environment_hook('dynamic_fleet_manager', 'cmake_prefix_path')
[13.384s] INFO:colcon.colcon_core.shell:Creating environment hook '/home/jamshid/Desktop/SME-Lab/Mid-Term_Project/ros2_ws/install/dynamic_fleet_manager/share/dynamic_fleet_manager/hook/cmake_prefix_path.ps1'
[13.386s] INFO:colcon.colcon_core.shell:Creating environment descriptor '/home/jamshid/Desktop/SME-Lab/Mid-Term_Project/ros2_ws/install/dynamic_fleet_manager/share/dynamic_fleet_manager/hook/cmake_prefix_path.dsv'
[13.386s] INFO:colcon.colcon_core.shell:Creating environment hook '/home/jamshid/Desktop/SME-Lab/Mid-Term_Project/ros2_ws/install/dynamic_fleet_manager/share/dynamic_fleet_manager/hook/cmake_prefix_path.sh'
[13.387s] Level 1:colcon.colcon_core.environment:checking '/home/jamshid/Desktop/SME-Lab/Mid-Term_Project/ros2_ws/install/dynamic_fleet_manager/lib'
[13.388s] Level 1:colcon.colcon_core.shell:create_environment_hook('dynamic_fleet_manager', 'ld_library_path_lib')
[13.406s] INFO:colcon.colcon_core.shell:Creating environment hook '/home/jamshid/Desktop/SME-Lab/Mid-Term_Project/ros2_ws/install/dynamic_fleet_manager/share/dynamic_fleet_manager/hook/ld_library_path_lib.ps1'
[13.407s] INFO:colcon.colcon_core.shell:Creating environment descriptor '/home/jamshid/Desktop/SME-Lab/Mid-Term_Project/ros2_ws/install/dynamic_fleet_manager/share/dynamic_fleet_manager/hook/ld_library_path_lib.dsv'
[13.407s] INFO:colcon.colcon_core.shell:Creating environment hook '/home/jamshid/Desktop/SME-Lab/Mid-Term_Project/ros2_ws/install/dynamic_fleet_manager/share/dynamic_fleet_manager/hook/ld_library_path_lib.sh'
[13.407s] Level 1:colcon.colcon_core.environment:checking '/home/jamshid/Desktop/SME-Lab/Mid-Term_Project/ros2_ws/install/dynamic_fleet_manager/bin'
[13.408s] Level 1:colcon.colcon_core.environment:checking '/home/jamshid/Desktop/SME-Lab/Mid-Term_Project/ros2_ws/install/dynamic_fleet_manager/lib/pkgconfig/dynamic_fleet_manager.pc'
[13.408s] Level 1:colcon.colcon_core.environment:checking '/home/jamshid/Desktop/SME-Lab/Mid-Term_Project/ros2_ws/install/dynamic_fleet_manager/lib/python3.10/site-packages'
[13.408s] Level 1:colcon.colcon_core.environment:checking '/home/jamshid/Desktop/SME-Lab/Mid-Term_Project/ros2_ws/install/dynamic_fleet_manager/bin'
[13.434s] INFO:colcon.colcon_core.shell:Creating package script '/home/jamshid/Desktop/SME-Lab/Mid-Term_Project/ros2_ws/install/dynamic_fleet_manager/share/dynamic_fleet_manager/package.ps1'
[13.435s] INFO:colcon.colcon_core.shell:Creating package descriptor '/home/jamshid/Desktop/SME-Lab/Mid-Term_Project/ros2_ws/install/dynamic_fleet_manager/share/dynamic_fleet_manager/package.dsv'
[13.437s] INFO:colcon.colcon_core.shell:Creating package script '/home/jamshid/Desktop/SME-Lab/Mid-Term_Project/ros2_ws/install/dynamic_fleet_manager/share/dynamic_fleet_manager/package.sh'
[13.438s] INFO:colcon.colcon_core.shell:Creating package script '/home/jamshid/Desktop/SME-Lab/Mid-Term_Project/ros2_ws/install/dynamic_fleet_manager/share/dynamic_fleet_manager/package.bash'
[13.439s] INFO:colcon.colcon_core.shell:Creating package script '/home/jamshid/Desktop/SME-Lab/Mid-Term_Project/ros2_ws/install/dynamic_fleet_manager/share/dynamic_fleet_manager/package.zsh'
[13.440s] Level 1:colcon.colcon_core.environment:create_file_with_runtime_dependencies(/home/jamshid/Desktop/SME-Lab/Mid-Term_Project/ros2_ws/install/dynamic_fleet_manager/share/colcon-core/packages/dynamic_fleet_manager)
[13.603s] Level 1:colcon.colcon_core.environment:create_environment_scripts_only(dynamic_fleet_manager)
[13.632s] Level 1:colcon.colcon_core.environment:checking '/home/jamshid/Desktop/SME-Lab/Mid-Term_Project/ros2_ws/install/dynamic_fleet_manager' for CMake module files
[13.633s] Level 1:colcon.colcon_core.environment:checking '/home/jamshid/Desktop/SME-Lab/Mid-Term_Project/ros2_ws/install/dynamic_fleet_manager' for CMake config files
[13.634s] Level 1:colcon.colcon_core.shell:create_environment_hook('dynamic_fleet_manager', 'cmake_prefix_path')
[13.672s] INFO:colcon.colcon_core.shell:Creating environment hook '/home/jamshid/Desktop/SME-Lab/Mid-Term_Project/ros2_ws/install/dynamic_fleet_manager/share/dynamic_fleet_manager/hook/cmake_prefix_path.ps1'
[13.673s] INFO:colcon.colcon_core.shell:Creating environment descriptor '/home/jamshid/Desktop/SME-Lab/Mid-Term_Project/ros2_ws/install/dynamic_fleet_manager/share/dynamic_fleet_manager/hook/cmake_prefix_path.dsv'
[13.674s] INFO:colcon.colcon_core.shell:Creating environment hook '/home/jamshid/Desktop/SME-Lab/Mid-Term_Project/ros2_ws/install/dynamic_fleet_manager/share/dynamic_fleet_manager/hook/cmake_prefix_path.sh'
[13.676s] Level 1:colcon.colcon_core.environment:checking '/home/jamshid/Desktop/SME-Lab/Mid-Term_Project/ros2_ws/install/dynamic_fleet_manager/lib'
[13.676s] Level 1:colcon.colcon_core.shell:create_environment_hook('dynamic_fleet_manager', 'ld_library_path_lib')
[13.702s] INFO:colcon.colcon_core.shell:Creating environment hook '/home/jamshid/Desktop/SME-Lab/Mid-Term_Project/ros2_ws/install/dynamic_fleet_manager/share/dynamic_fleet_manager/hook/ld_library_path_lib.ps1'
[13.703s] INFO:colcon.colcon_core.shell:Creating environment descriptor '/home/jamshid/Desktop/SME-Lab/Mid-Term_Project/ros2_ws/install/dynamic_fleet_manager/share/dynamic_fleet_manager/hook/ld_library_path_lib.dsv'
[13.705s] INFO:colcon.colcon_core.shell:Creating environment hook '/home/jamshid/Desktop/SME-Lab/Mid-Term_Project/ros2_ws/install/dynamic_fleet_manager/share/dynamic_fleet_manager/hook/ld_library_path_lib.sh'
[13.706s] Level 1:colcon.colcon_core.environment:checking '/home/jamshid/Desktop/SME-Lab/Mid-Term_Project/ros2_ws/install/dynamic_fleet_manager/bin'
[13.706s] Level 1:colcon.colcon_core.environment:checking '/home/jamshid/Desktop/SME-Lab/Mid-Term_Project/ros2_ws/install/dynamic_fleet_manager/lib/pkgconfig/dynamic_fleet_manager.pc'
[13.706s] Level 1:colcon.colcon_core.environment:checking '/home/jamshid/Desktop/SME-Lab/Mid-Term_Project/ros2_ws/install/dynamic_fleet_manager/lib/python3.10/site-packages'
[13.706s] Level 1:colcon.colcon_core.environment:checking '/home/jamshid/Desktop/SME-Lab/Mid-Term_Project/ros2_ws/install/dynamic_fleet_manager/bin'
[13.724s] INFO:colcon.colcon_core.shell:Creating package script '/home/jamshid/Desktop/SME-Lab/Mid-Term_Project/ros2_ws/install/dynamic_fleet_manager/share/dynamic_fleet_manager/package.ps1'
[13.725s] INFO:colcon.colcon_core.shell:Creating package descriptor '/home/jamshid/Desktop/SME-Lab/Mid-Term_Project/ros2_ws/install/dynamic_fleet_manager/share/dynamic_fleet_manager/package.dsv'
[13.727s] INFO:colcon.colcon_core.shell:Creating package script '/home/jamshid/Desktop/SME-Lab/Mid-Term_Project/ros2_ws/install/dynamic_fleet_manager/share/dynamic_fleet_manager/package.sh'
[13.728s] INFO:colcon.colcon_core.shell:Creating package script '/home/jamshid/Desktop/SME-Lab/Mid-Term_Project/ros2_ws/install/dynamic_fleet_manager/share/dynamic_fleet_manager/package.bash'
[13.730s] INFO:colcon.colcon_core.shell:Creating package script '/home/jamshid/Desktop/SME-Lab/Mid-Term_Project/ros2_ws/install/dynamic_fleet_manager/share/dynamic_fleet_manager/package.zsh'
[13.731s] Level 1:colcon.colcon_core.environment:create_file_with_runtime_dependencies(/home/jamshid/Desktop/SME-Lab/Mid-Term_Project/ros2_ws/install/dynamic_fleet_manager/share/colcon-core/packages/dynamic_fleet_manager)
[13.733s] DEBUG:colcon.colcon_parallel_executor.executor.parallel:closing loop
[13.733s] DEBUG:colcon.colcon_parallel_executor.executor.parallel:loop closed
[13.733s] DEBUG:colcon.colcon_parallel_executor.executor.parallel:run_until_complete finished with '0'
[13.733s] DEBUG:colcon.colcon_core.event_reactor:joining thread
[13.768s] INFO:colcon.colcon_core.plugin_system:Skipping extension 'colcon_notification.desktop_notification.terminal_notifier': Not used on non-Darwin systems
[13.769s] INFO:colcon.colcon_core.plugin_system:Skipping extension 'colcon_notification.desktop_notification.win32': Not used on non-Windows systems
[13.769s] INFO:colcon.colcon_notification.desktop_notification:Sending desktop notification using 'notify2'
[13.798s] DEBUG:colcon.colcon_core.event_reactor:joined thread
[13.829s] INFO:colcon.colcon_core.shell:Creating prefix script '/home/jamshid/Desktop/SME-Lab/Mid-Term_Project/ros2_ws/install/local_setup.ps1'
[13.830s] INFO:colcon.colcon_core.shell:Creating prefix util module '/home/jamshid/Desktop/SME-Lab/Mid-Term_Project/ros2_ws/install/_local_setup_util_ps1.py'
[13.832s] INFO:colcon.colcon_core.shell:Creating prefix chain script '/home/jamshid/Desktop/SME-Lab/Mid-Term_Project/ros2_ws/install/setup.ps1'
[13.880s] INFO:colcon.colcon_core.shell:Creating prefix script '/home/jamshid/Desktop/SME-Lab/Mid-Term_Project/ros2_ws/install/local_setup.sh'
[13.880s] INFO:colcon.colcon_core.shell:Creating prefix util module '/home/jamshid/Desktop/SME-Lab/Mid-Term_Project/ros2_ws/install/_local_setup_util_sh.py'
[13.882s] INFO:colcon.colcon_core.shell:Creating prefix chain script '/home/jamshid/Desktop/SME-Lab/Mid-Term_Project/ros2_ws/install/setup.sh'
[13.925s] INFO:colcon.colcon_core.shell:Creating prefix script '/home/jamshid/Desktop/SME-Lab/Mid-Term_Project/ros2_ws/install/local_setup.bash'
[13.926s] INFO:colcon.colcon_core.shell:Creating prefix chain script '/home/jamshid/Desktop/SME-Lab/Mid-Term_Project/ros2_ws/install/setup.bash'
[13.941s] INFO:colcon.colcon_core.shell:Creating prefix script '/home/jamshid/Desktop/SME-Lab/Mid-Term_Project/ros2_ws/install/local_setup.zsh'
[13.941s] INFO:colcon.colcon_core.shell:Creating prefix chain script '/home/jamshid/Desktop/SME-Lab/Mid-Term_Project/ros2_ws/install/setup.zsh'
