[0.072s] Invoking command in '/home/jamshid/Desktop/SME-Lab/week-7-homework/ros2_ws/build/smart_home_cpp': CMAKE_PREFIX_PATH=/opt/ros/humble /usr/bin/cmake /home/jamshid/Desktop/SME-Lab/week-7-homework/ros2_ws/src/smart_home_cpp -DCMAKE_INSTALL_PREFIX=/home/jamshid/Desktop/SME-Lab/week-7-homework/ros2_ws/install/smart_home_cpp
[0.091s] -- Found ament_cmake: 1.3.5 (/opt/ros/humble/share/ament_cmake/cmake)
[0.247s] -- Override CMake install command with custom implementation using symlinks instead of copying resources
[0.257s] -- Found rclcpp: 16.0.6 (/opt/ros/humble/share/rclcpp/cmake)
[0.290s] -- Found rosidl_generator_c: 3.1.5 (/opt/ros/humble/share/rosidl_generator_c/cmake)
[0.293s] -- Found rosidl_adapter: 3.1.5 (/opt/ros/humble/share/rosidl_adapter/cmake)
[0.300s] -- Found rosidl_generator_cpp: 3.1.5 (/opt/ros/humble/share/rosidl_generator_cpp/cmake)
[0.315s] -- Using all available rosidl_typesupport_c: rosidl_typesupport_fastrtps_c;rosidl_typesupport_introspection_c
[0.333s] -- Using all available rosidl_typesupport_cpp: rosidl_typesupport_fastrtps_cpp;rosidl_typesupport_introspection_cpp
[0.392s] -- Found rmw_implementation_cmake: 6.1.1 (/opt/ros/humble/share/rmw_implementation_cmake/cmake)
[0.394s] -- Found rmw_fastrtps_cpp: 6.2.4 (/opt/ros/humble/share/rmw_fastrtps_cpp/cmake)
[0.525s] -- Using RMW implementation 'rmw_fastrtps_cpp' as default
[0.694s] -- Found rclcpp_action: 16.0.6 (/opt/ros/humble/share/rclcpp_action/cmake)
[1.071s] -- Found ament_cmake_ros: 0.10.0 (/opt/ros/humble/share/ament_cmake_ros/cmake)
[1.445s] -- Using all available rosidl_typesupport_c: rosidl_typesupport_fastrtps_c;rosidl_typesupport_introspection_c
[1.576s] -- Using all available rosidl_typesupport_cpp: rosidl_typesupport_fastrtps_cpp;rosidl_typesupport_introspection_cpp
[1.616s] -- Configuring done
[1.664s] -- Generating done
[1.671s] -- Build files have been written to: /home/jamshid/Desktop/SME-Lab/week-7-homework/ros2_ws/build/smart_home_cpp
[1.684s] Invoked command in '/home/jamshid/Desktop/SME-Lab/week-7-homework/ros2_ws/build/smart_home_cpp' returned '0': CMAKE_PREFIX_PATH=/opt/ros/humble /usr/bin/cmake /home/jamshid/Desktop/SME-Lab/week-7-homework/ros2_ws/src/smart_home_cpp -DCMAKE_INSTALL_PREFIX=/home/jamshid/Desktop/SME-Lab/week-7-homework/ros2_ws/install/smart_home_cpp
[1.684s] Invoking command in '/home/jamshid/Desktop/SME-Lab/week-7-homework/ros2_ws/build/smart_home_cpp': CMAKE_PREFIX_PATH=/opt/ros/humble /usr/bin/cmake --build /home/jamshid/Desktop/SME-Lab/week-7-homework/ros2_ws/build/smart_home_cpp -- -j2 -l2
[1.744s] [  3%] [34m[1mGenerating C code for ROS interfaces[0m
[1.766s] [  7%] [34m[1mGenerating C++ code for ROS interfaces[0m
[2.562s] [  7%] Built target smart_home_cpp__cpp
[2.608s] [ 11%] [32mBuilding CXX object CMakeFiles/appliance_server.dir/src/appliance_server.cpp.o[0m
[2.662s] [ 15%] [32mBuilding C object CMakeFiles/smart_home_cpp__rosidl_generator_c.dir/rosidl_generator_c/smart_home_cpp/srv/detail/appliance_control__functions.c.o[0m
[2.919s] [ 19%] [32m[1mLinking C shared library libsmart_home_cpp__rosidl_generator_c.so[0m
[3.020s] [01m[K/home/jamshid/Desktop/SME-Lab/week-7-homework/ros2_ws/src/smart_home_cpp/src/appliance_server.cpp:3:10:[m[K [01;31m[Kfatal error: [m[Ksmart_home_cpp/srv/appliance_control.hpp: No such file or directory
[3.020s]     3 | #include [01;31m[K<smart_home_cpp/srv/appliance_control.hpp>[m[K
[3.020s]       |          [01;31m[K^~~~~~~~~~~~~~~~~~~~~~~~~~~~~~~~~~~~~~~~~~[m[K
[3.021s] compilation terminated.
[3.026s] gmake[2]: *** [CMakeFiles/appliance_server.dir/build.make:76: CMakeFiles/appliance_server.dir/src/appliance_server.cpp.o] Error 1
[3.029s] gmake[1]: *** [CMakeFiles/Makefile2:397: CMakeFiles/appliance_server.dir/all] Error 2
[3.029s] gmake[1]: *** Waiting for unfinished jobs....
[3.057s] [ 19%] Built target smart_home_cpp__rosidl_generator_c
[3.059s] gmake: *** [Makefile:146: all] Error 2
[3.063s] Invoked command in '/home/jamshid/Desktop/SME-Lab/week-7-homework/ros2_ws/build/smart_home_cpp' returned '2': CMAKE_PREFIX_PATH=/opt/ros/humble /usr/bin/cmake --build /home/jamshid/Desktop/SME-Lab/week-7-homework/ros2_ws/build/smart_home_cpp -- -j2 -l2
