[ 25%] Built target SyncAsyncWriter
[ 50%] Built target SyncAsyncReader
[35m[1mConsolidate compiler generated dependencies of target ping_service[0m
[35m[1mConsolidate compiler generated dependencies of target ping_client[0m
[ 75%] Built target ping_service
[100%] Built target ping_client
-- Install configuration: ""
-- Up-to-date: /home/jamshid/Desktop/SME-Lab/week-6-assignment-Advanced/ros2_ws_new/install/sync_async_node_example_cpp/lib/sync_async_node_example_cpp/SyncAsyncWriter
-- Up-to-date: /home/jamshid/Desktop/SME-Lab/week-6-assignment-Advanced/ros2_ws_new/install/sync_async_node_example_cpp/lib/sync_async_node_example_cpp/SyncAsyncReader
-- Up-to-date: /home/jamshid/Desktop/SME-Lab/week-6-assignment-Advanced/ros2_ws_new/install/sync_async_node_example_cpp/lib/sync_async_node_example_cpp/ping_service
-- Up-to-date: /home/jamshid/Desktop/SME-Lab/week-6-assignment-Advanced/ros2_ws_new/install/sync_async_node_example_cpp/lib/sync_async_node_example_cpp/ping_client
-- Up-to-date: /home/jamshid/Desktop/SME-Lab/week-6-assignment-Advanced/ros2_ws_new/install/sync_async_node_example_cpp/share/ament_index/resource_index/package_run_dependencies/sync_async_node_example_cpp
-- Up-to-date: /home/jamshid/Desktop/SME-Lab/week-6-assignment-Advanced/ros2_ws_new/install/sync_async_node_example_cpp/share/ament_index/resource_index/parent_prefix_path/sync_async_node_example_cpp
-- Up-to-date: /home/jamshid/Desktop/SME-Lab/week-6-assignment-Advanced/ros2_ws_new/install/sync_async_node_example_cpp/share/sync_async_node_example_cpp/environment/ament_prefix_path.sh
-- Up-to-date: /home/jamshid/Desktop/SME-Lab/week-6-assignment-Advanced/ros2_ws_new/install/sync_async_node_example_cpp/share/sync_async_node_example_cpp/environment/ament_prefix_path.dsv
-- Up-to-date: /home/jamshid/Desktop/SME-Lab/week-6-assignment-Advanced/ros2_ws_new/install/sync_async_node_example_cpp/share/sync_async_node_example_cpp/environment/path.sh
-- Up-to-date: /home/jamshid/Desktop/SME-Lab/week-6-assignment-Advanced/ros2_ws_new/install/sync_async_node_example_cpp/share/sync_async_node_example_cpp/environment/path.dsv
-- Up-to-date: /home/jamshid/Desktop/SME-Lab/week-6-assignment-Advanced/ros2_ws_new/install/sync_async_node_example_cpp/share/sync_async_node_example_cpp/local_setup.bash
-- Up-to-date: /home/jamshid/Desktop/SME-Lab/week-6-assignment-Advanced/ros2_ws_new/install/sync_async_node_example_cpp/share/sync_async_node_example_cpp/local_setup.sh
-- Up-to-date: /home/jamshid/Desktop/SME-Lab/week-6-assignment-Advanced/ros2_ws_new/install/sync_async_node_example_cpp/share/sync_async_node_example_cpp/local_setup.zsh
-- Up-to-date: /home/jamshid/Desktop/SME-Lab/week-6-assignment-Advanced/ros2_ws_new/install/sync_async_node_example_cpp/share/sync_async_node_example_cpp/local_setup.dsv
-- Installing: /home/jamshid/Desktop/SME-Lab/week-6-assignment-Advanced/ros2_ws_new/install/sync_async_node_example_cpp/share/sync_async_node_example_cpp/package.dsv
-- Up-to-date: /home/jamshid/Desktop/SME-Lab/week-6-assignment-Advanced/ros2_ws_new/install/sync_async_node_example_cpp/share/ament_index/resource_index/packages/sync_async_node_example_cpp
-- Up-to-date: /home/jamshid/Desktop/SME-Lab/week-6-assignment-Advanced/ros2_ws_new/install/sync_async_node_example_cpp/share/sync_async_node_example_cpp/cmake/sync_async_node_example_cppConfig.cmake
-- Up-to-date: /home/jamshid/Desktop/SME-Lab/week-6-assignment-Advanced/ros2_ws_new/install/sync_async_node_example_cpp/share/sync_async_node_example_cpp/cmake/sync_async_node_example_cppConfig-version.cmake
-- Up-to-date: /home/jamshid/Desktop/SME-Lab/week-6-assignment-Advanced/ros2_ws_new/install/sync_async_node_example_cpp/share/sync_async_node_example_cpp/package.xml
