[1.072s] Invoking command in '/home/jamshid/ros2_ws/src/my_package': PYTHONPATH=/home/jamshid/ros2_ws/build/my_package/prefix_override:/home/jamshid/ros2_ws/install/my_package/lib/python3.10/site-packages:${PYTHONPATH} /usr/bin/python3 setup.py egg_info --egg-base ../../build/my_package build --build-base /home/jamshid/ros2_ws/build/my_package/build install --record /home/jamshid/ros2_ws/build/my_package/install.log --single-version-externally-managed
[1.378s] running egg_info
[1.379s] creating ../../build/my_package/my_package.egg-info
[1.379s] writing ../../build/my_package/my_package.egg-info/PKG-INFO
[1.380s] writing dependency_links to ../../build/my_package/my_package.egg-info/dependency_links.txt
[1.380s] writing entry points to ../../build/my_package/my_package.egg-info/entry_points.txt
[1.381s] writing requirements to ../../build/my_package/my_package.egg-info/requires.txt
[1.381s] writing top-level names to ../../build/my_package/my_package.egg-info/top_level.txt
[1.390s] writing manifest file '../../build/my_package/my_package.egg-info/SOURCES.txt'
[1.392s] reading manifest file '../../build/my_package/my_package.egg-info/SOURCES.txt'
[1.393s] writing manifest file '../../build/my_package/my_package.egg-info/SOURCES.txt'
[1.393s] running build
[1.393s] running build_py
[1.394s] creating /home/jamshid/ros2_ws/build/my_package/build
[1.394s] creating /home/jamshid/ros2_ws/build/my_package/build/lib
[1.394s] creating /home/jamshid/ros2_ws/build/my_package/build/lib/my_package
[1.394s] copying my_package/__init__.py -> /home/jamshid/ros2_ws/build/my_package/build/lib/my_package
[1.394s] copying my_package/my_node.py -> /home/jamshid/ros2_ws/build/my_package/build/lib/my_package
[1.395s] running install
[1.396s] /usr/lib/python3/dist-packages/setuptools/command/install.py:34: SetuptoolsDeprecationWarning: setup.py install is deprecated. Use build and pip and other standards-based tools.
[1.396s]   warnings.warn(
[1.396s] running install_lib
[1.398s] creating /home/jamshid/ros2_ws/install/my_package/lib/python3.10/site-packages/my_package
[1.398s] copying /home/jamshid/ros2_ws/build/my_package/build/lib/my_package/__init__.py -> /home/jamshid/ros2_ws/install/my_package/lib/python3.10/site-packages/my_package
[1.398s] copying /home/jamshid/ros2_ws/build/my_package/build/lib/my_package/my_node.py -> /home/jamshid/ros2_ws/install/my_package/lib/python3.10/site-packages/my_package
[1.399s] byte-compiling /home/jamshid/ros2_ws/install/my_package/lib/python3.10/site-packages/my_package/__init__.py to __init__.cpython-310.pyc
[1.399s] byte-compiling /home/jamshid/ros2_ws/install/my_package/lib/python3.10/site-packages/my_package/my_node.py to my_node.cpython-310.pyc
[1.400s] running install_data
[1.401s] creating /home/jamshid/ros2_ws/install/my_package/share/ament_index
[1.401s] creating /home/jamshid/ros2_ws/install/my_package/share/ament_index/resource_index
[1.401s] creating /home/jamshid/ros2_ws/install/my_package/share/ament_index/resource_index/packages
[1.401s] copying resource/my_package -> /home/jamshid/ros2_ws/install/my_package/share/ament_index/resource_index/packages
[1.402s] copying package.xml -> /home/jamshid/ros2_ws/install/my_package/share/my_package
[1.402s] running install_egg_info
[1.405s] Copying ../../build/my_package/my_package.egg-info to /home/jamshid/ros2_ws/install/my_package/lib/python3.10/site-packages/my_package-0.0.0-py3.10.egg-info
[1.406s] running install_scripts
[1.436s] Installing my_node script to /home/jamshid/ros2_ws/install/my_package/lib/my_package
[1.437s] writing list of installed files to '/home/jamshid/ros2_ws/build/my_package/install.log'
[1.490s] Invoked command in '/home/jamshid/ros2_ws/src/my_package' returned '0': PYTHONPATH=/home/jamshid/ros2_ws/build/my_package/prefix_override:/home/jamshid/ros2_ws/install/my_package/lib/python3.10/site-packages:${PYTHONPATH} /usr/bin/python3 setup.py egg_info --egg-base ../../build/my_package build --build-base /home/jamshid/ros2_ws/build/my_package/build install --record /home/jamshid/ros2_ws/build/my_package/install.log --single-version-externally-managed
