[0.092s] Invoking command in '/home/jamshid/Desktop/SME-Lab/week-7-homework/ros2_ws/build/smart_home_cpp': CMAKE_PREFIX_PATH=${CMAKE_PREFIX_PATH}:/opt/ros/humble /usr/bin/cmake --build /home/jamshid/Desktop/SME-Lab/week-7-homework/ros2_ws/build/smart_home_cpp -- -j2 -l2
[0.134s] -- Found ament_cmake: 1.3.5 (/opt/ros/humble/share/ament_cmake/cmake)
[0.330s] -- Override CMake install command with custom implementation using symlinks instead of copying resources
[0.335s] -- Found rclcpp: 16.0.6 (/opt/ros/humble/share/rclcpp/cmake)
[0.379s] -- Found rosidl_generator_c: 3.1.5 (/opt/ros/humble/share/rosidl_generator_c/cmake)
[0.381s] -- Found rosidl_adapter: 3.1.5 (/opt/ros/humble/share/rosidl_adapter/cmake)
[0.393s] -- Found rosidl_generator_cpp: 3.1.5 (/opt/ros/humble/share/rosidl_generator_cpp/cmake)
[0.408s] -- Using all available rosidl_typesupport_c: rosidl_typesupport_fastrtps_c;rosidl_typesupport_introspection_c
[0.430s] -- Using all available rosidl_typesupport_cpp: rosidl_typesupport_fastrtps_cpp;rosidl_typesupport_introspection_cpp
[0.491s] -- Found rmw_implementation_cmake: 6.1.1 (/opt/ros/humble/share/rmw_implementation_cmake/cmake)
[0.493s] -- Found rmw_fastrtps_cpp: 6.2.4 (/opt/ros/humble/share/rmw_fastrtps_cpp/cmake)
[0.613s] -- Using RMW implementation 'rmw_fastrtps_cpp' as default
[0.788s] -- Found rclcpp_action: 16.0.6 (/opt/ros/humble/share/rclcpp_action/cmake)
[1.131s] -- Found ament_cmake_ros: 0.10.0 (/opt/ros/humble/share/ament_cmake_ros/cmake)
[1.428s] -- Using all available rosidl_typesupport_c: rosidl_typesupport_fastrtps_c;rosidl_typesupport_introspection_c
[1.544s] -- Using all available rosidl_typesupport_cpp: rosidl_typesupport_fastrtps_cpp;rosidl_typesupport_introspection_cpp
[1.564s] -- Configuring done
[1.607s] -- Generating done
[1.616s] -- Build files have been written to: /home/jamshid/Desktop/SME-Lab/week-7-homework/ros2_ws/build/smart_home_cpp
[1.677s] [  3%] [32mBuilding CXX object CMakeFiles/appliance_server.dir/src/appliance_server.cpp.o[0m
[1.678s] [  7%] [32mBuilding CXX object CMakeFiles/appliance_client.dir/src/appliance_client.cpp.o[0m
[1.988s] [01m[K/home/jamshid/Desktop/SME-Lab/week-7-homework/ros2_ws/src/smart_home_cpp/src/appliance_server.cpp:3:10:[m[K [01;31m[Kfatal error: [m[Ksmart_home_cpp/srv/appliance_control.hpp: No such file or directory
[1.988s]     3 | #include [01;31m[K"smart_home_cpp/srv/appliance_control.hpp"[m[K
[1.988s]       |          [01;31m[K^~~~~~~~~~~~~~~~~~~~~~~~~~~~~~~~~~~~~~~~~~[m[K
[1.988s] compilation terminated.
[2.004s] gmake[2]: *** [CMakeFiles/appliance_server.dir/build.make:76: CMakeFiles/appliance_server.dir/src/appliance_server.cpp.o] Error 1
[2.004s] gmake[1]: *** [CMakeFiles/Makefile2:156: CMakeFiles/appliance_server.dir/all] Error 2
[2.004s] gmake[1]: *** Waiting for unfinished jobs....
[2.061s] [01m[K/home/jamshid/Desktop/SME-Lab/week-7-homework/ros2_ws/src/smart_home_cpp/src/appliance_client.cpp:3:10:[m[K [01;31m[Kfatal error: [m[Ksmart_home_cpp/srv/appliance_control.hpp: No such file or directory
[2.062s]     3 | #include [01;31m[K"smart_home_cpp/srv/appliance_control.hpp"[m[K
[2.062s]       |          [01;31m[K^~~~~~~~~~~~~~~~~~~~~~~~~~~~~~~~~~~~~~~~~~[m[K
[2.063s] compilation terminated.
[2.068s] gmake[2]: *** [CMakeFiles/appliance_client.dir/build.make:76: CMakeFiles/appliance_client.dir/src/appliance_client.cpp.o] Error 1
[2.071s] gmake[1]: *** [CMakeFiles/Makefile2:182: CMakeFiles/appliance_client.dir/all] Error 2
[2.071s] gmake: *** [Makefile:146: all] Error 2
[2.073s] Invoked command in '/home/jamshid/Desktop/SME-Lab/week-7-homework/ros2_ws/build/smart_home_cpp' returned '2': CMAKE_PREFIX_PATH=${CMAKE_PREFIX_PATH}:/opt/ros/humble /usr/bin/cmake --build /home/jamshid/Desktop/SME-Lab/week-7-homework/ros2_ws/build/smart_home_cpp -- -j2 -l2
