[0.057s] Invoking command in '/home/jamshid/Desktop/SME-Lab/week-7-homework/ros2_ws/build/smart_home_cpp': CMAKE_PREFIX_PATH=/opt/ros/humble /usr/bin/cmake /home/jamshid/Desktop/SME-Lab/week-7-homework/ros2_ws/src/smart_home_cpp -DAMENT_CMAKE_SYMLINK_INSTALL=1 -DCMAKE_INSTALL_PREFIX=/home/jamshid/Desktop/SME-Lab/week-7-homework/ros2_ws/install/smart_home_cpp
[0.080s] -- Found ament_cmake: 1.3.5 (/opt/ros/humble/share/ament_cmake/cmake)
[0.246s] -- Override CMake install command with custom implementation using symlinks instead of copying resources
[0.251s] -- Found rclcpp: 16.0.6 (/opt/ros/humble/share/rclcpp/cmake)
[0.277s] -- Found rosidl_generator_c: 3.1.5 (/opt/ros/humble/share/rosidl_generator_c/cmake)
[0.284s] -- Found rosidl_adapter: 3.1.5 (/opt/ros/humble/share/rosidl_adapter/cmake)
[0.291s] -- Found rosidl_generator_cpp: 3.1.5 (/opt/ros/humble/share/rosidl_generator_cpp/cmake)
[0.310s] -- Using all available rosidl_typesupport_c: rosidl_typesupport_fastrtps_c;rosidl_typesupport_introspection_c
[0.332s] -- Using all available rosidl_typesupport_cpp: rosidl_typesupport_fastrtps_cpp;rosidl_typesupport_introspection_cpp
[0.389s] -- Found rmw_implementation_cmake: 6.1.1 (/opt/ros/humble/share/rmw_implementation_cmake/cmake)
[0.390s] -- Found rmw_fastrtps_cpp: 6.2.4 (/opt/ros/humble/share/rmw_fastrtps_cpp/cmake)
[0.515s] -- Using RMW implementation 'rmw_fastrtps_cpp' as default
[0.682s] -- Found rclcpp_action: 16.0.6 (/opt/ros/humble/share/rclcpp_action/cmake)
[0.873s] -- Configuring done
[0.899s] -- Generating done
[0.905s] -- Build files have been written to: /home/jamshid/Desktop/SME-Lab/week-7-homework/ros2_ws/build/smart_home_cpp
[0.918s] Invoked command in '/home/jamshid/Desktop/SME-Lab/week-7-homework/ros2_ws/build/smart_home_cpp' returned '0': CMAKE_PREFIX_PATH=/opt/ros/humble /usr/bin/cmake /home/jamshid/Desktop/SME-Lab/week-7-homework/ros2_ws/src/smart_home_cpp -DAMENT_CMAKE_SYMLINK_INSTALL=1 -DCMAKE_INSTALL_PREFIX=/home/jamshid/Desktop/SME-Lab/week-7-homework/ros2_ws/install/smart_home_cpp
[0.919s] Invoking command in '/home/jamshid/Desktop/SME-Lab/week-7-homework/ros2_ws/build/smart_home_cpp': CMAKE_PREFIX_PATH=/opt/ros/humble /usr/bin/cmake --build /home/jamshid/Desktop/SME-Lab/week-7-homework/ros2_ws/build/smart_home_cpp -- -j2 -l2
[0.992s] [ 25%] [32mBuilding CXX object CMakeFiles/appliance_client.dir/src/appliance_client.cpp.o[0m
[0.993s] [ 50%] [32mBuilding CXX object CMakeFiles/appliance_server.dir/src/appliance_server.cpp.o[0m
[1.488s] [01m[K/home/jamshid/Desktop/SME-Lab/week-7-homework/ros2_ws/src/smart_home_cpp/src/appliance_client.cpp:3:10:[m[K [01;31m[Kfatal error: [m[Ksmart_home_cpp/srv/appliance_control.hpp: No such file or directory
[1.488s]     3 | #include [01;31m[K<smart_home_cpp/srv/appliance_control.hpp>[m[K
[1.488s]       |          [01;31m[K^~~~~~~~~~~~~~~~~~~~~~~~~~~~~~~~~~~~~~~~~~[m[K
[1.489s] compilation terminated.
[1.496s] gmake[2]: *** [CMakeFiles/appliance_client.dir/build.make:76: CMakeFiles/appliance_client.dir/src/appliance_client.cpp.o] Error 1
[1.496s] gmake[1]: *** [CMakeFiles/Makefile2:165: CMakeFiles/appliance_client.dir/all] Error 2
[1.496s] gmake[1]: *** Waiting for unfinished jobs....
[1.512s] [01m[K/home/jamshid/Desktop/SME-Lab/week-7-homework/ros2_ws/src/smart_home_cpp/src/appliance_server.cpp:3:10:[m[K [01;31m[Kfatal error: [m[Ksmart_home_cpp/srv/appliance_control.hpp: No such file or directory
[1.512s]     3 | #include [01;31m[K<smart_home_cpp/srv/appliance_control.hpp>[m[K
[1.512s]       |          [01;31m[K^~~~~~~~~~~~~~~~~~~~~~~~~~~~~~~~~~~~~~~~~~[m[K
[1.512s] compilation terminated.
[1.516s] gmake[2]: *** [CMakeFiles/appliance_server.dir/build.make:76: CMakeFiles/appliance_server.dir/src/appliance_server.cpp.o] Error 1
[1.517s] gmake[1]: *** [CMakeFiles/Makefile2:139: CMakeFiles/appliance_server.dir/all] Error 2
[1.518s] gmake: *** [Makefile:146: all] Error 2
[1.521s] Invoked command in '/home/jamshid/Desktop/SME-Lab/week-7-homework/ros2_ws/build/smart_home_cpp' returned '2': CMAKE_PREFIX_PATH=/opt/ros/humble /usr/bin/cmake --build /home/jamshid/Desktop/SME-Lab/week-7-homework/ros2_ws/build/smart_home_cpp -- -j2 -l2
