[0.028s] Invoking command in '/home/jamshid/ros2_ws/src/build/turtlesim': /usr/bin/cmake /home/jamshid/ros2_ws/src/ros_tutorials/turtlesim -DCMAKE_INSTALL_PREFIX=/home/jamshid/ros2_ws/src/install/turtlesim
[0.086s] -- The C compiler identification is GNU 11.4.0
[0.155s] -- The CXX compiler identification is GNU 11.4.0
[0.162s] -- Detecting C compiler ABI info
[0.242s] -- Detecting C compiler ABI info - done
[0.250s] -- Check for working C compiler: /usr/bin/cc - skipped
[0.250s] -- Detecting C compile features
[0.251s] -- Detecting C compile features - done
[0.254s] -- Detecting CXX compiler ABI info
[0.342s] -- Detecting CXX compiler ABI info - done
[0.349s] -- Check for working CXX compiler: /usr/bin/c++ - skipped
[0.350s] -- Detecting CXX compile features
[0.350s] -- Detecting CXX compile features - done
[0.359s] [31mCMake Error at CMakeLists.txt:12 (find_package):
[0.359s]   By not providing "Findament_cmake.cmake" in CMAKE_MODULE_PATH this project
[0.359s]   has asked CMake to find a package configuration file provided by
[0.359s]   "ament_cmake", but CMake did not find one.
[0.359s] 
[0.359s]   Could not find a package configuration file provided by "ament_cmake" with
[0.359s]   any of the following names:
[0.359s] 
[0.360s]     ament_cmakeConfig.cmake
[0.360s]     ament_cmake-config.cmake
[0.360s] 
[0.360s]   Add the installation prefix of "ament_cmake" to CMAKE_PREFIX_PATH or set
[0.360s]   "ament_cmake_DIR" to a directory containing one of the above files.  If
[0.360s]   "ament_cmake" provides a separate development package or SDK, be sure it
[0.360s]   has been installed.
[0.360s] 
[0.360s] [0m
[0.361s] -- Configuring incomplete, errors occurred!
[0.361s] See also "/home/jamshid/ros2_ws/src/build/turtlesim/CMakeFiles/CMakeOutput.log".
[0.364s] Invoked command in '/home/jamshid/ros2_ws/src/build/turtlesim' returned '1': /usr/bin/cmake /home/jamshid/ros2_ws/src/ros_tutorials/turtlesim -DCMAKE_INSTALL_PREFIX=/home/jamshid/ros2_ws/src/install/turtlesim
