[0.019s] Invoking command in '/home/jamshid/Desktop/SME-Lab/week-4-homework/build/my_package': CMAKE_PREFIX_PATH=/opt/ros/humble /usr/bin/cmake /home/jamshid/Desktop/SME-Lab/week-4-homework/my_package -DCMAKE_INSTALL_PREFIX=/home/jamshid/Desktop/SME-Lab/week-4-homework/install/my_package
[0.082s] -- The C compiler identification is GNU 11.4.0
[0.152s] -- The CXX compiler identification is GNU 11.4.0
[0.160s] -- Detecting C compiler ABI info
[0.247s] -- Detecting C compiler ABI info - done
[0.252s] -- Check for working C compiler: /usr/bin/cc - skipped
[0.252s] -- Detecting C compile features
[0.252s] -- Detecting C compile features - done
[0.255s] -- Detecting CXX compiler ABI info
[0.349s] -- Detecting CXX compiler ABI info - done
[0.357s] -- Check for working CXX compiler: /usr/bin/c++ - skipped
[0.357s] -- Detecting CXX compile features
[0.358s] -- Detecting CXX compile features - done
[0.360s] -- Found ament_cmake: 1.3.5 (/opt/ros/humble/share/ament_cmake/cmake)
[0.522s] -- Found Python3: /usr/bin/python3.10 (found version "3.10.12") found components: Interpreter 
[0.601s] -- Found ament_lint_auto: 0.12.7 (/opt/ros/humble/share/ament_lint_auto/cmake)
[0.674s] -- Added test 'lint_cmake' to check CMake code style
[0.675s] -- Added test 'xmllint' to check XML markup files
[0.676s] -- Configuring done
[0.679s] -- Generating done
[0.681s] -- Build files have been written to: /home/jamshid/Desktop/SME-Lab/week-4-homework/build/my_package
[0.686s] Invoked command in '/home/jamshid/Desktop/SME-Lab/week-4-homework/build/my_package' returned '0': CMAKE_PREFIX_PATH=/opt/ros/humble /usr/bin/cmake /home/jamshid/Desktop/SME-Lab/week-4-homework/my_package -DCMAKE_INSTALL_PREFIX=/home/jamshid/Desktop/SME-Lab/week-4-homework/install/my_package
[0.687s] Invoking command in '/home/jamshid/Desktop/SME-Lab/week-4-homework/build/my_package': CMAKE_PREFIX_PATH=/opt/ros/humble /usr/bin/cmake --build /home/jamshid/Desktop/SME-Lab/week-4-homework/build/my_package -- -j2 -l2
[0.736s] Invoked command in '/home/jamshid/Desktop/SME-Lab/week-4-homework/build/my_package' returned '0': CMAKE_PREFIX_PATH=/opt/ros/humble /usr/bin/cmake --build /home/jamshid/Desktop/SME-Lab/week-4-homework/build/my_package -- -j2 -l2
[0.784s] Invoking command in '/home/jamshid/Desktop/SME-Lab/week-4-homework/build/my_package': CMAKE_PREFIX_PATH=/opt/ros/humble /usr/bin/cmake --install /home/jamshid/Desktop/SME-Lab/week-4-homework/build/my_package
[0.792s] -- Install configuration: ""
[0.793s] -- Installing: /home/jamshid/Desktop/SME-Lab/week-4-homework/install/my_package/share/ament_index/resource_index/package_run_dependencies/my_package
[0.793s] -- Installing: /home/jamshid/Desktop/SME-Lab/week-4-homework/install/my_package/share/ament_index/resource_index/parent_prefix_path/my_package
[0.793s] -- Installing: /home/jamshid/Desktop/SME-Lab/week-4-homework/install/my_package/share/my_package/environment/ament_prefix_path.sh
[0.793s] -- Installing: /home/jamshid/Desktop/SME-Lab/week-4-homework/install/my_package/share/my_package/environment/ament_prefix_path.dsv
[0.794s] -- Installing: /home/jamshid/Desktop/SME-Lab/week-4-homework/install/my_package/share/my_package/environment/path.sh
[0.794s] -- Installing: /home/jamshid/Desktop/SME-Lab/week-4-homework/install/my_package/share/my_package/environment/path.dsv
[0.794s] -- Installing: /home/jamshid/Desktop/SME-Lab/week-4-homework/install/my_package/share/my_package/local_setup.bash
[0.794s] -- Installing: /home/jamshid/Desktop/SME-Lab/week-4-homework/install/my_package/share/my_package/local_setup.sh
[0.795s] -- Installing: /home/jamshid/Desktop/SME-Lab/week-4-homework/install/my_package/share/my_package/local_setup.zsh
[0.795s] -- Installing: /home/jamshid/Desktop/SME-Lab/week-4-homework/install/my_package/share/my_package/local_setup.dsv
[0.795s] -- Installing: /home/jamshid/Desktop/SME-Lab/week-4-homework/install/my_package/share/my_package/package.dsv
[0.795s] -- Installing: /home/jamshid/Desktop/SME-Lab/week-4-homework/install/my_package/share/ament_index/resource_index/packages/my_package
[0.796s] -- Installing: /home/jamshid/Desktop/SME-Lab/week-4-homework/install/my_package/share/my_package/cmake/my_packageConfig.cmake
[0.796s] -- Installing: /home/jamshid/Desktop/SME-Lab/week-4-homework/install/my_package/share/my_package/cmake/my_packageConfig-version.cmake
[0.796s] -- Installing: /home/jamshid/Desktop/SME-Lab/week-4-homework/install/my_package/share/my_package/package.xml
[0.800s] Invoked command in '/home/jamshid/Desktop/SME-Lab/week-4-homework/build/my_package' returned '0': CMAKE_PREFIX_PATH=/opt/ros/humble /usr/bin/cmake --install /home/jamshid/Desktop/SME-Lab/week-4-homework/build/my_package
