[0.031s] Invoking command in '/home/jamshid/ros2_ws/build/turtlesim': /usr/bin/cmake /home/jamshid/ros2_ws/src/ros_tutorials/turtlesim -DCMAKE_INSTALL_PREFIX=/home/jamshid/ros2_ws/install/turtlesim
[0.052s] [31mCMake Error at CMakeLists.txt:12 (find_package):
[0.052s]   By not providing "Findament_cmake.cmake" in CMAKE_MODULE_PATH this project
[0.052s]   has asked CMake to find a package configuration file provided by
[0.052s]   "ament_cmake", but CMake did not find one.
[0.053s] 
[0.053s]   Could not find a package configuration file provided by "ament_cmake" with
[0.053s]   any of the following names:
[0.053s] 
[0.053s]     ament_cmakeConfig.cmake
[0.053s]     ament_cmake-config.cmake
[0.053s] 
[0.053s]   Add the installation prefix of "ament_cmake" to CMAKE_PREFIX_PATH or set
[0.053s]   "ament_cmake_DIR" to a directory containing one of the above files.  If
[0.053s]   "ament_cmake" provides a separate development package or SDK, be sure it
[0.053s]   has been installed.
[0.053s] 
[0.053s] [0m
[0.053s] -- Configuring incomplete, errors occurred!
[0.053s] See also "/home/jamshid/ros2_ws/build/turtlesim/CMakeFiles/CMakeOutput.log".
[0.056s] Invoked command in '/home/jamshid/ros2_ws/build/turtlesim' returned '1': /usr/bin/cmake /home/jamshid/ros2_ws/src/ros_tutorials/turtlesim -DCMAKE_INSTALL_PREFIX=/home/jamshid/ros2_ws/install/turtlesim
