[0.191s] Invoking command in '/home/jamshid/Desktop/SME-Lab/week-6-assignment-Advanced/ros2_ws_new/build/bag_recorder_nodes': CMAKE_PREFIX_PATH=${CMAKE_PREFIX_PATH}:/home/jamshid/Desktop/SME-Lab/week-6-assignment-Advanced/ros2_ws/install/py_pubsub:/opt/ros/humble /usr/bin/cmake /home/jamshid/Desktop/SME-Lab/week-6-assignment-Advanced/ros2_ws_new/src/bag_recorder_nodes -DCMAKE_INSTALL_PREFIX=/home/jamshid/Desktop/SME-Lab/week-6-assignment-Advanced/ros2_ws_new/install/bag_recorder_nodes
[0.330s] -- The C compiler identification is GNU 11.4.0
[0.441s] -- The CXX compiler identification is GNU 11.4.0
[0.459s] -- Detecting C compiler ABI info
[0.620s] -- Detecting C compiler ABI info - done
[0.628s] -- Check for working C compiler: /usr/bin/cc - skipped
[0.628s] -- Detecting C compile features
[0.629s] -- Detecting C compile features - done
[0.633s] -- Detecting CXX compiler ABI info
[0.824s] -- Detecting CXX compiler ABI info - done
[0.855s] -- Check for working CXX compiler: /usr/bin/c++ - skipped
[0.867s] -- Detecting CXX compile features
[0.867s] -- Detecting CXX compile features - done
[0.880s] -- Found ament_cmake: 1.3.5 (/opt/ros/humble/share/ament_cmake/cmake)
[1.162s] -- Found Python3: /usr/bin/python3.10 (found version "3.10.12") found components: Interpreter 
[1.315s] -- Found example_interfaces: 0.9.3 (/opt/ros/humble/share/example_interfaces/cmake)
[1.370s] -- Found rosidl_generator_c: 3.1.5 (/opt/ros/humble/share/rosidl_generator_c/cmake)
[1.382s] -- Found rosidl_adapter: 3.1.5 (/opt/ros/humble/share/rosidl_adapter/cmake)
[1.390s] -- Found rosidl_generator_cpp: 3.1.5 (/opt/ros/humble/share/rosidl_generator_cpp/cmake)
[1.407s] -- Using all available rosidl_typesupport_c: rosidl_typesupport_fastrtps_c;rosidl_typesupport_introspection_c
[1.435s] -- Using all available rosidl_typesupport_cpp: rosidl_typesupport_fastrtps_cpp;rosidl_typesupport_introspection_cpp
[1.638s] -- Found rclcpp: 16.0.6 (/opt/ros/humble/share/rclcpp/cmake)
[1.702s] -- Found rmw_implementation_cmake: 6.1.1 (/opt/ros/humble/share/rmw_implementation_cmake/cmake)
[1.706s] -- Found rmw_fastrtps_cpp: 6.2.4 (/opt/ros/humble/share/rmw_fastrtps_cpp/cmake)
[1.831s] -- Found OpenSSL: /usr/lib/x86_64-linux-gnu/libcrypto.so (found version "3.0.2")  
[1.862s] -- Found FastRTPS: /opt/ros/humble/include  
[1.911s] -- Using RMW implementation 'rmw_fastrtps_cpp' as default
[1.922s] -- Looking for pthread.h
[2.015s] -- Looking for pthread.h - found
[2.016s] -- Performing Test CMAKE_HAVE_LIBC_PTHREAD
[2.113s] -- Performing Test CMAKE_HAVE_LIBC_PTHREAD - Success
[2.115s] -- Found Threads: TRUE  
[2.288s] -- Found rosbag2_cpp: 0.15.8 (/opt/ros/humble/share/rosbag2_cpp/cmake)
[2.375s] -- Found ament_lint_auto: 0.12.8 (/opt/ros/humble/share/ament_lint_auto/cmake)
[2.453s] -- Added test 'cppcheck' to perform static code analysis on C / C++ code
[2.456s] -- Configured cppcheck include dirs: 
[2.456s] -- Configured cppcheck exclude dirs and/or files: 
[2.456s] -- Added test 'lint_cmake' to check CMake code style
[2.459s] -- Added test 'uncrustify' to check C / C++ code style
[2.459s] -- Configured uncrustify additional arguments: 
[2.460s] -- Added test 'xmllint' to check XML markup files
[2.464s] -- Configuring done
[2.475s] -- Generating done
[2.479s] -- Build files have been written to: /home/jamshid/Desktop/SME-Lab/week-6-assignment-Advanced/ros2_ws_new/build/bag_recorder_nodes
