[0.955s] Invoking command in '/home/jamshid/Desktop/SME-Lab/week-6-assignment-Advanced/ros2_ws/src/py_pubsub': PYTHONPATH=/home/jamshid/Desktop/SME-Lab/week-6-assignment-Advanced/ros2_ws/build/py_pubsub/prefix_override:/home/jamshid/Desktop/SME-Lab/week-6-assignment-Advanced/ros2_ws/install/py_pubsub/lib/python3.10/site-packages:${PYTHONPATH} /usr/bin/python3 setup.py egg_info --egg-base ../../build/py_pubsub build --build-base /home/jamshid/Desktop/SME-Lab/week-6-assignment-Advanced/ros2_ws/build/py_pubsub/build install --record /home/jamshid/Desktop/SME-Lab/week-6-assignment-Advanced/ros2_ws/build/py_pubsub/install.log --single-version-externally-managed
[1.185s] running egg_info
[1.187s] creating ../../build/py_pubsub/py_pubsub.egg-info
[1.187s] writing ../../build/py_pubsub/py_pubsub.egg-info/PKG-INFO
[1.188s] writing dependency_links to ../../build/py_pubsub/py_pubsub.egg-info/dependency_links.txt
[1.189s] writing entry points to ../../build/py_pubsub/py_pubsub.egg-info/entry_points.txt
[1.189s] writing requirements to ../../build/py_pubsub/py_pubsub.egg-info/requires.txt
[1.189s] writing top-level names to ../../build/py_pubsub/py_pubsub.egg-info/top_level.txt
[1.190s] writing manifest file '../../build/py_pubsub/py_pubsub.egg-info/SOURCES.txt'
[1.193s] reading manifest file '../../build/py_pubsub/py_pubsub.egg-info/SOURCES.txt'
[1.195s] writing manifest file '../../build/py_pubsub/py_pubsub.egg-info/SOURCES.txt'
[1.195s] running build
[1.195s] running build_py
[1.195s] creating /home/jamshid/Desktop/SME-Lab/week-6-assignment-Advanced/ros2_ws/build/py_pubsub/build
[1.195s] creating /home/jamshid/Desktop/SME-Lab/week-6-assignment-Advanced/ros2_ws/build/py_pubsub/build/lib
[1.195s] creating /home/jamshid/Desktop/SME-Lab/week-6-assignment-Advanced/ros2_ws/build/py_pubsub/build/lib/py_pubsub
[1.196s] copying py_pubsub/publisher_member_function.py -> /home/jamshid/Desktop/SME-Lab/week-6-assignment-Advanced/ros2_ws/build/py_pubsub/build/lib/py_pubsub
[1.196s] copying py_pubsub/subscriber_member_function.py -> /home/jamshid/Desktop/SME-Lab/week-6-assignment-Advanced/ros2_ws/build/py_pubsub/build/lib/py_pubsub
[1.196s] copying py_pubsub/__init__.py -> /home/jamshid/Desktop/SME-Lab/week-6-assignment-Advanced/ros2_ws/build/py_pubsub/build/lib/py_pubsub
[1.198s] running install
[1.199s] /usr/lib/python3/dist-packages/setuptools/command/install.py:34: SetuptoolsDeprecationWarning: setup.py install is deprecated. Use build and pip and other standards-based tools.
[1.199s]   warnings.warn(
[1.201s] running install_lib
[1.202s] creating /home/jamshid/Desktop/SME-Lab/week-6-assignment-Advanced/ros2_ws/install/py_pubsub/lib/python3.10/site-packages/py_pubsub
[1.202s] copying /home/jamshid/Desktop/SME-Lab/week-6-assignment-Advanced/ros2_ws/build/py_pubsub/build/lib/py_pubsub/publisher_member_function.py -> /home/jamshid/Desktop/SME-Lab/week-6-assignment-Advanced/ros2_ws/install/py_pubsub/lib/python3.10/site-packages/py_pubsub
[1.202s] copying /home/jamshid/Desktop/SME-Lab/week-6-assignment-Advanced/ros2_ws/build/py_pubsub/build/lib/py_pubsub/subscriber_member_function.py -> /home/jamshid/Desktop/SME-Lab/week-6-assignment-Advanced/ros2_ws/install/py_pubsub/lib/python3.10/site-packages/py_pubsub
[1.202s] copying /home/jamshid/Desktop/SME-Lab/week-6-assignment-Advanced/ros2_ws/build/py_pubsub/build/lib/py_pubsub/__init__.py -> /home/jamshid/Desktop/SME-Lab/week-6-assignment-Advanced/ros2_ws/install/py_pubsub/lib/python3.10/site-packages/py_pubsub
[1.202s] byte-compiling /home/jamshid/Desktop/SME-Lab/week-6-assignment-Advanced/ros2_ws/install/py_pubsub/lib/python3.10/site-packages/py_pubsub/publisher_member_function.py to publisher_member_function.cpython-310.pyc
[1.204s] byte-compiling /home/jamshid/Desktop/SME-Lab/week-6-assignment-Advanced/ros2_ws/install/py_pubsub/lib/python3.10/site-packages/py_pubsub/subscriber_member_function.py to subscriber_member_function.cpython-310.pyc
[1.204s] byte-compiling /home/jamshid/Desktop/SME-Lab/week-6-assignment-Advanced/ros2_ws/install/py_pubsub/lib/python3.10/site-packages/py_pubsub/__init__.py to __init__.cpython-310.pyc
[1.204s] running install_data
[1.204s] creating /home/jamshid/Desktop/SME-Lab/week-6-assignment-Advanced/ros2_ws/install/py_pubsub/share/ament_index
[1.205s] creating /home/jamshid/Desktop/SME-Lab/week-6-assignment-Advanced/ros2_ws/install/py_pubsub/share/ament_index/resource_index
[1.205s] creating /home/jamshid/Desktop/SME-Lab/week-6-assignment-Advanced/ros2_ws/install/py_pubsub/share/ament_index/resource_index/packages
[1.205s] copying resource/py_pubsub -> /home/jamshid/Desktop/SME-Lab/week-6-assignment-Advanced/ros2_ws/install/py_pubsub/share/ament_index/resource_index/packages
[1.205s] copying package.xml -> /home/jamshid/Desktop/SME-Lab/week-6-assignment-Advanced/ros2_ws/install/py_pubsub/share/py_pubsub
[1.205s] running install_egg_info
[1.208s] Copying ../../build/py_pubsub/py_pubsub.egg-info to /home/jamshid/Desktop/SME-Lab/week-6-assignment-Advanced/ros2_ws/install/py_pubsub/lib/python3.10/site-packages/py_pubsub-0.0.0-py3.10.egg-info
[1.208s] running install_scripts
[1.232s] Installing listener script to /home/jamshid/Desktop/SME-Lab/week-6-assignment-Advanced/ros2_ws/install/py_pubsub/lib/py_pubsub
[1.233s] Installing talker script to /home/jamshid/Desktop/SME-Lab/week-6-assignment-Advanced/ros2_ws/install/py_pubsub/lib/py_pubsub
[1.233s] writing list of installed files to '/home/jamshid/Desktop/SME-Lab/week-6-assignment-Advanced/ros2_ws/build/py_pubsub/install.log'
[1.272s] Invoked command in '/home/jamshid/Desktop/SME-Lab/week-6-assignment-Advanced/ros2_ws/src/py_pubsub' returned '0': PYTHONPATH=/home/jamshid/Desktop/SME-Lab/week-6-assignment-Advanced/ros2_ws/build/py_pubsub/prefix_override:/home/jamshid/Desktop/SME-Lab/week-6-assignment-Advanced/ros2_ws/install/py_pubsub/lib/python3.10/site-packages:${PYTHONPATH} /usr/bin/python3 setup.py egg_info --egg-base ../../build/py_pubsub build --build-base /home/jamshid/Desktop/SME-Lab/week-6-assignment-Advanced/ros2_ws/build/py_pubsub/build install --record /home/jamshid/Desktop/SME-Lab/week-6-assignment-Advanced/ros2_ws/build/py_pubsub/install.log --single-version-externally-managed
