[0.096s] Invoking command in '/home/jamshid/Desktop/SME-Lab/week-6-assignment-Advanced/ros2_ws_new/build/sync_async_node_example_cpp': CMAKE_PREFIX_PATH=${CMAKE_PREFIX_PATH}:/home/jamshid/Desktop/SME-Lab/week-6-assignment-Advanced/ros2_ws/install/py_pubsub:/opt/ros/humble /usr/bin/cmake --build /home/jamshid/Desktop/SME-Lab/week-6-assignment-Advanced/ros2_ws_new/build/sync_async_node_example_cpp -- -j2 -l2
[0.132s] -- Found ament_cmake: 1.3.5 (/opt/ros/humble/share/ament_cmake/cmake)
[0.325s] -- Found rclcpp: 16.0.6 (/opt/ros/humble/share/rclcpp/cmake)
[0.357s] -- Found rosidl_generator_c: 3.1.5 (/opt/ros/humble/share/rosidl_generator_c/cmake)
[0.360s] -- Found rosidl_adapter: 3.1.5 (/opt/ros/humble/share/rosidl_adapter/cmake)
[0.366s] -- Found rosidl_generator_cpp: 3.1.5 (/opt/ros/humble/share/rosidl_generator_cpp/cmake)
[0.377s] -- Using all available rosidl_typesupport_c: rosidl_typesupport_fastrtps_c;rosidl_typesupport_introspection_c
[0.393s] -- Using all available rosidl_typesupport_cpp: rosidl_typesupport_fastrtps_cpp;rosidl_typesupport_introspection_cpp
[0.453s] -- Found rmw_implementation_cmake: 6.1.1 (/opt/ros/humble/share/rmw_implementation_cmake/cmake)
[0.456s] -- Found rmw_fastrtps_cpp: 6.2.4 (/opt/ros/humble/share/rmw_fastrtps_cpp/cmake)
[0.583s] -- Using RMW implementation 'rmw_fastrtps_cpp' as default
[0.749s] -- Found ament_lint_auto: 0.12.8 (/opt/ros/humble/share/ament_lint_auto/cmake)
[0.820s] -- Added test 'cppcheck' to perform static code analysis on C / C++ code
[0.820s] -- Configured cppcheck include dirs: 
[0.821s] -- Configured cppcheck exclude dirs and/or files: 
[0.824s] -- Added test 'lint_cmake' to check CMake code style
[0.824s] -- Added test 'uncrustify' to check C / C++ code style
[0.824s] -- Configured uncrustify additional arguments: 
[0.824s] -- Added test 'xmllint' to check XML markup files
[0.826s] -- Configuring done
[0.845s] -- Generating done
[0.852s] -- Build files have been written to: /home/jamshid/Desktop/SME-Lab/week-6-assignment-Advanced/ros2_ws_new/build/sync_async_node_example_cpp
[0.889s] [35m[1mConsolidate compiler generated dependencies of target SyncAsyncWriter[0m
[0.915s] [ 25%] [32mBuilding CXX object CMakeFiles/SyncAsyncReader.dir/src/sync_async_reader.cpp.o[0m
[0.925s] [ 75%] Built target SyncAsyncWriter
[10.828s] [100%] [32m[1mLinking CXX executable SyncAsyncReader[0m
[11.453s] [100%] Built target SyncAsyncReader
[11.497s] Invoked command in '/home/jamshid/Desktop/SME-Lab/week-6-assignment-Advanced/ros2_ws_new/build/sync_async_node_example_cpp' returned '0': CMAKE_PREFIX_PATH=${CMAKE_PREFIX_PATH}:/home/jamshid/Desktop/SME-Lab/week-6-assignment-Advanced/ros2_ws/install/py_pubsub:/opt/ros/humble /usr/bin/cmake --build /home/jamshid/Desktop/SME-Lab/week-6-assignment-Advanced/ros2_ws_new/build/sync_async_node_example_cpp -- -j2 -l2
[11.637s] Invoking command in '/home/jamshid/Desktop/SME-Lab/week-6-assignment-Advanced/ros2_ws_new/build/sync_async_node_example_cpp': CMAKE_PREFIX_PATH=${CMAKE_PREFIX_PATH}:/home/jamshid/Desktop/SME-Lab/week-6-assignment-Advanced/ros2_ws/install/py_pubsub:/opt/ros/humble /usr/bin/cmake --install /home/jamshid/Desktop/SME-Lab/week-6-assignment-Advanced/ros2_ws_new/build/sync_async_node_example_cpp
[11.650s] -- Install configuration: ""
[11.651s] -- Up-to-date: /home/jamshid/Desktop/SME-Lab/week-6-assignment-Advanced/ros2_ws_new/install/sync_async_node_example_cpp/lib/sync_async_node_example_cpp/SyncAsyncWriter
[11.652s] -- Installing: /home/jamshid/Desktop/SME-Lab/week-6-assignment-Advanced/ros2_ws_new/install/sync_async_node_example_cpp/lib/sync_async_node_example_cpp/SyncAsyncReader
[11.658s] -- Set runtime path of "/home/jamshid/Desktop/SME-Lab/week-6-assignment-Advanced/ros2_ws_new/install/sync_async_node_example_cpp/lib/sync_async_node_example_cpp/SyncAsyncReader" to ""
[11.658s] -- Up-to-date: /home/jamshid/Desktop/SME-Lab/week-6-assignment-Advanced/ros2_ws_new/install/sync_async_node_example_cpp/share/ament_index/resource_index/package_run_dependencies/sync_async_node_example_cpp
[11.659s] -- Installing: /home/jamshid/Desktop/SME-Lab/week-6-assignment-Advanced/ros2_ws_new/install/sync_async_node_example_cpp/share/ament_index/resource_index/parent_prefix_path/sync_async_node_example_cpp
[11.663s] -- Up-to-date: /home/jamshid/Desktop/SME-Lab/week-6-assignment-Advanced/ros2_ws_new/install/sync_async_node_example_cpp/share/sync_async_node_example_cpp/environment/ament_prefix_path.sh
[11.665s] -- Installing: /home/jamshid/Desktop/SME-Lab/week-6-assignment-Advanced/ros2_ws_new/install/sync_async_node_example_cpp/share/sync_async_node_example_cpp/environment/ament_prefix_path.dsv
[11.673s] -- Up-to-date: /home/jamshid/Desktop/SME-Lab/week-6-assignment-Advanced/ros2_ws_new/install/sync_async_node_example_cpp/share/sync_async_node_example_cpp/environment/path.sh
[11.673s] -- Installing: /home/jamshid/Desktop/SME-Lab/week-6-assignment-Advanced/ros2_ws_new/install/sync_async_node_example_cpp/share/sync_async_node_example_cpp/environment/path.dsv
[11.673s] -- Up-to-date: /home/jamshid/Desktop/SME-Lab/week-6-assignment-Advanced/ros2_ws_new/install/sync_async_node_example_cpp/share/sync_async_node_example_cpp/local_setup.bash
[11.673s] -- Up-to-date: /home/jamshid/Desktop/SME-Lab/week-6-assignment-Advanced/ros2_ws_new/install/sync_async_node_example_cpp/share/sync_async_node_example_cpp/local_setup.sh
[11.673s] -- Up-to-date: /home/jamshid/Desktop/SME-Lab/week-6-assignment-Advanced/ros2_ws_new/install/sync_async_node_example_cpp/share/sync_async_node_example_cpp/local_setup.zsh
[11.673s] -- Installing: /home/jamshid/Desktop/SME-Lab/week-6-assignment-Advanced/ros2_ws_new/install/sync_async_node_example_cpp/share/sync_async_node_example_cpp/local_setup.dsv
[11.673s] -- Installing: /home/jamshid/Desktop/SME-Lab/week-6-assignment-Advanced/ros2_ws_new/install/sync_async_node_example_cpp/share/sync_async_node_example_cpp/package.dsv
[11.673s] -- Up-to-date: /home/jamshid/Desktop/SME-Lab/week-6-assignment-Advanced/ros2_ws_new/install/sync_async_node_example_cpp/share/ament_index/resource_index/packages/sync_async_node_example_cpp
[11.673s] -- Up-to-date: /home/jamshid/Desktop/SME-Lab/week-6-assignment-Advanced/ros2_ws_new/install/sync_async_node_example_cpp/share/sync_async_node_example_cpp/cmake/sync_async_node_example_cppConfig.cmake
[11.673s] -- Up-to-date: /home/jamshid/Desktop/SME-Lab/week-6-assignment-Advanced/ros2_ws_new/install/sync_async_node_example_cpp/share/sync_async_node_example_cpp/cmake/sync_async_node_example_cppConfig-version.cmake
[11.678s] -- Up-to-date: /home/jamshid/Desktop/SME-Lab/week-6-assignment-Advanced/ros2_ws_new/install/sync_async_node_example_cpp/share/sync_async_node_example_cpp/package.xml
[11.678s] Invoked command in '/home/jamshid/Desktop/SME-Lab/week-6-assignment-Advanced/ros2_ws_new/build/sync_async_node_example_cpp' returned '0': CMAKE_PREFIX_PATH=${CMAKE_PREFIX_PATH}:/home/jamshid/Desktop/SME-Lab/week-6-assignment-Advanced/ros2_ws/install/py_pubsub:/opt/ros/humble /usr/bin/cmake --install /home/jamshid/Desktop/SME-Lab/week-6-assignment-Advanced/ros2_ws_new/build/sync_async_node_example_cpp
