[1.879s] DEBUG:colcon:Command line arguments: ['/usr/bin/colcon', 'build', '--packages-select', 'battery_monitoring_12200335']
[1.880s] DEBUG:colcon:Parsed command line arguments: Namespace(allow_overriding=[], ament_cmake_args=None, base_paths=['.'], build_base='build', catkin_cmake_args=None, catkin_skip_building_tests=False, cmake_args=None, cmake_clean_cache=False, cmake_clean_first=False, cmake_force_configure=False, cmake_target=None, cmake_target_skip_unavailable=False, continue_on_error=False, event_handlers=None, executor='parallel', ignore_user_meta=False, install_base='install', log_base=None, log_level=None, main=<bound method BuildVerb.main of <colcon_core.verb.build.BuildVerb object at 0x7fe2434c0220>>, merge_install=False, metas=['./colcon.meta'], packages_above=None, packages_above_and_dependencies=None, packages_above_depth=None, packages_end=None, packages_ignore=None, packages_ignore_regex=None, packages_select=['battery_monitoring_12200335'], packages_select_build_failed=False, packages_select_by_dep=None, packages_select_regex=None, packages_select_test_failures=False, packages_skip=None, packages_skip_build_finished=False, packages_skip_by_dep=None, packages_skip_regex=None, packages_skip_test_passed=False, packages_skip_up_to=None, packages_start=None, packages_up_to=None, packages_up_to_regex=None, parallel_workers=2, paths=None, symlink_install=False, test_result_base=None, verb_extension=<colcon_core.verb.build.BuildVerb object at 0x7fe2434c0220>, verb_name='build', verb_parser=<colcon_defaults.argument_parser.defaults.DefaultArgumentsDecorator object at 0x7fe2434c04f0>)
[2.034s] Level 1:colcon.colcon_core.package_discovery:discover_packages(colcon_meta) check parameters
[2.035s] Level 1:colcon.colcon_core.package_discovery:discover_packages(recursive) check parameters
[2.035s] Level 1:colcon.colcon_core.package_discovery:discover_packages(ignore) check parameters
[2.035s] Level 1:colcon.colcon_core.package_discovery:discover_packages(path) check parameters
[2.035s] Level 1:colcon.colcon_core.package_discovery:discover_packages(colcon_meta) discover
[2.036s] Level 1:colcon.colcon_core.package_discovery:discover_packages(recursive) discover
[2.036s] INFO:colcon.colcon_core.package_discovery:Crawling recursively for packages in '/home/james/Desktop/SME-Lab/Final_Project/ros2_ws'
[2.036s] Level 1:colcon.colcon_core.package_identification:_identify(.) by extensions ['ignore', 'ignore_ament_install']
[2.036s] Level 1:colcon.colcon_core.package_identification:_identify(.) by extension 'ignore'
[2.036s] Level 1:colcon.colcon_core.package_identification:_identify(.) by extension 'ignore_ament_install'
[2.036s] Level 1:colcon.colcon_core.package_identification:_identify(.) by extensions ['colcon_pkg']
[2.037s] Level 1:colcon.colcon_core.package_identification:_identify(.) by extension 'colcon_pkg'
[2.037s] Level 1:colcon.colcon_core.package_identification:_identify(.) by extensions ['colcon_meta']
[2.037s] Level 1:colcon.colcon_core.package_identification:_identify(.) by extension 'colcon_meta'
[2.037s] Level 1:colcon.colcon_core.package_identification:_identify(.) by extensions ['ros']
[2.037s] Level 1:colcon.colcon_core.package_identification:_identify(.) by extension 'ros'
[2.051s] Level 1:colcon.colcon_core.package_identification:_identify(.) by extensions ['cmake', 'python']
[2.051s] Level 1:colcon.colcon_core.package_identification:_identify(.) by extension 'cmake'
[2.051s] Level 1:colcon.colcon_core.package_identification:_identify(.) by extension 'python'
[2.052s] Level 1:colcon.colcon_core.package_identification:_identify(.) by extensions ['python_setup_py']
[2.052s] Level 1:colcon.colcon_core.package_identification:_identify(.) by extension 'python_setup_py'
[2.052s] Level 1:colcon.colcon_core.package_identification:_identify(build) by extensions ['ignore', 'ignore_ament_install']
[2.052s] Level 1:colcon.colcon_core.package_identification:_identify(build) by extension 'ignore'
[2.052s] Level 1:colcon.colcon_core.package_identification:_identify(build) ignored
[2.053s] Level 1:colcon.colcon_core.package_identification:_identify(install) by extensions ['ignore', 'ignore_ament_install']
[2.053s] Level 1:colcon.colcon_core.package_identification:_identify(install) by extension 'ignore'
[2.053s] Level 1:colcon.colcon_core.package_identification:_identify(install) ignored
[2.053s] Level 1:colcon.colcon_core.package_identification:_identify(log) by extensions ['ignore', 'ignore_ament_install']
[2.054s] Level 1:colcon.colcon_core.package_identification:_identify(log) by extension 'ignore'
[2.054s] Level 1:colcon.colcon_core.package_identification:_identify(log) ignored
[2.054s] Level 1:colcon.colcon_core.package_identification:_identify(src) by extensions ['ignore', 'ignore_ament_install']
[2.054s] Level 1:colcon.colcon_core.package_identification:_identify(src) by extension 'ignore'
[2.054s] Level 1:colcon.colcon_core.package_identification:_identify(src) by extension 'ignore_ament_install'
[2.055s] Level 1:colcon.colcon_core.package_identification:_identify(src) by extensions ['colcon_pkg']
[2.055s] Level 1:colcon.colcon_core.package_identification:_identify(src) by extension 'colcon_pkg'
[2.055s] Level 1:colcon.colcon_core.package_identification:_identify(src) by extensions ['colcon_meta']
[2.055s] Level 1:colcon.colcon_core.package_identification:_identify(src) by extension 'colcon_meta'
[2.055s] Level 1:colcon.colcon_core.package_identification:_identify(src) by extensions ['ros']
[2.055s] Level 1:colcon.colcon_core.package_identification:_identify(src) by extension 'ros'
[2.055s] Level 1:colcon.colcon_core.package_identification:_identify(src) by extensions ['cmake', 'python']
[2.056s] Level 1:colcon.colcon_core.package_identification:_identify(src) by extension 'cmake'
[2.056s] Level 1:colcon.colcon_core.package_identification:_identify(src) by extension 'python'
[2.056s] Level 1:colcon.colcon_core.package_identification:_identify(src) by extensions ['python_setup_py']
[2.056s] Level 1:colcon.colcon_core.package_identification:_identify(src) by extension 'python_setup_py'
[2.056s] Level 1:colcon.colcon_core.package_identification:_identify(src/battery_monitoring_12200335) by extensions ['ignore', 'ignore_ament_install']
[2.056s] Level 1:colcon.colcon_core.package_identification:_identify(src/battery_monitoring_12200335) by extension 'ignore'
[2.057s] Level 1:colcon.colcon_core.package_identification:_identify(src/battery_monitoring_12200335) by extension 'ignore_ament_install'
[2.057s] Level 1:colcon.colcon_core.package_identification:_identify(src/battery_monitoring_12200335) by extensions ['colcon_pkg']
[2.057s] Level 1:colcon.colcon_core.package_identification:_identify(src/battery_monitoring_12200335) by extension 'colcon_pkg'
[2.057s] Level 1:colcon.colcon_core.package_identification:_identify(src/battery_monitoring_12200335) by extensions ['colcon_meta']
[2.057s] Level 1:colcon.colcon_core.package_identification:_identify(src/battery_monitoring_12200335) by extension 'colcon_meta'
[2.058s] Level 1:colcon.colcon_core.package_identification:_identify(src/battery_monitoring_12200335) by extensions ['ros']
[2.058s] Level 1:colcon.colcon_core.package_identification:_identify(src/battery_monitoring_12200335) by extension 'ros'
[2.061s] DEBUG:colcon.colcon_core.package_identification:Package 'src/battery_monitoring_12200335' with type 'ros.ament_python' and name 'battery_monitoring_12200335'
[2.061s] Level 1:colcon.colcon_core.package_identification:_identify(src/gesture_control) by extensions ['ignore', 'ignore_ament_install']
[2.061s] Level 1:colcon.colcon_core.package_identification:_identify(src/gesture_control) by extension 'ignore'
[2.061s] Level 1:colcon.colcon_core.package_identification:_identify(src/gesture_control) by extension 'ignore_ament_install'
[2.062s] Level 1:colcon.colcon_core.package_identification:_identify(src/gesture_control) by extensions ['colcon_pkg']
[2.062s] Level 1:colcon.colcon_core.package_identification:_identify(src/gesture_control) by extension 'colcon_pkg'
[2.062s] Level 1:colcon.colcon_core.package_identification:_identify(src/gesture_control) by extensions ['colcon_meta']
[2.062s] Level 1:colcon.colcon_core.package_identification:_identify(src/gesture_control) by extension 'colcon_meta'
[2.062s] Level 1:colcon.colcon_core.package_identification:_identify(src/gesture_control) by extensions ['ros']
[2.062s] Level 1:colcon.colcon_core.package_identification:_identify(src/gesture_control) by extension 'ros'
[2.063s] DEBUG:colcon.colcon_core.package_identification:Package 'src/gesture_control' with type 'ros.ament_python' and name 'gesture_control'
[2.063s] Level 1:colcon.colcon_core.package_discovery:discover_packages(recursive) using defaults
[2.063s] Level 1:colcon.colcon_core.package_discovery:discover_packages(ignore) discover
[2.063s] Level 1:colcon.colcon_core.package_discovery:discover_packages(ignore) using defaults
[2.063s] Level 1:colcon.colcon_core.package_discovery:discover_packages(path) discover
[2.063s] Level 1:colcon.colcon_core.package_discovery:discover_packages(path) using defaults
[2.178s] INFO:colcon.colcon_core.package_selection:Skipping not selected package 'gesture_control' in 'src/gesture_control'
[2.252s] Level 1:colcon.colcon_core.package_discovery:discover_packages(prefix_path) check parameters
[2.252s] Level 1:colcon.colcon_core.package_discovery:discover_packages(prefix_path) discover
[2.322s] DEBUG:colcon.colcon_installed_package_information.package_discovery:Found 1 installed packages in /home/james/colcon_ws/install
[2.370s] DEBUG:colcon.colcon_installed_package_information.package_discovery:Found 336 installed packages in /opt/ros/foxy
[2.372s] Level 1:colcon.colcon_core.package_discovery:discover_packages(prefix_path) using defaults
[2.533s] Level 5:colcon.colcon_core.verb:set package 'battery_monitoring_12200335' build argument 'cmake_args' from command line to 'None'
[2.534s] Level 5:colcon.colcon_core.verb:set package 'battery_monitoring_12200335' build argument 'cmake_target' from command line to 'None'
[2.534s] Level 5:colcon.colcon_core.verb:set package 'battery_monitoring_12200335' build argument 'cmake_target_skip_unavailable' from command line to 'False'
[2.534s] Level 5:colcon.colcon_core.verb:set package 'battery_monitoring_12200335' build argument 'cmake_clean_cache' from command line to 'False'
[2.534s] Level 5:colcon.colcon_core.verb:set package 'battery_monitoring_12200335' build argument 'cmake_clean_first' from command line to 'False'
[2.534s] Level 5:colcon.colcon_core.verb:set package 'battery_monitoring_12200335' build argument 'cmake_force_configure' from command line to 'False'
[2.534s] Level 5:colcon.colcon_core.verb:set package 'battery_monitoring_12200335' build argument 'ament_cmake_args' from command line to 'None'
[2.534s] Level 5:colcon.colcon_core.verb:set package 'battery_monitoring_12200335' build argument 'catkin_cmake_args' from command line to 'None'
[2.534s] Level 5:colcon.colcon_core.verb:set package 'battery_monitoring_12200335' build argument 'catkin_skip_building_tests' from command line to 'False'
[2.535s] DEBUG:colcon.colcon_core.verb:Building package 'battery_monitoring_12200335' with the following arguments: {'ament_cmake_args': None, 'build_base': '/home/james/Desktop/SME-Lab/Final_Project/ros2_ws/build/battery_monitoring_12200335', 'catkin_cmake_args': None, 'catkin_skip_building_tests': False, 'cmake_args': None, 'cmake_clean_cache': False, 'cmake_clean_first': False, 'cmake_force_configure': False, 'cmake_target': None, 'cmake_target_skip_unavailable': False, 'install_base': '/home/james/Desktop/SME-Lab/Final_Project/ros2_ws/install/battery_monitoring_12200335', 'merge_install': False, 'path': '/home/james/Desktop/SME-Lab/Final_Project/ros2_ws/src/battery_monitoring_12200335', 'symlink_install': False, 'test_result_base': None}
[2.568s] INFO:colcon.colcon_core.executor:Executing jobs using 'parallel' executor
[2.600s] DEBUG:colcon.colcon_parallel_executor.executor.parallel:run_until_complete
[2.601s] INFO:colcon.colcon_ros.task.ament_python.build:Building ROS package in '/home/james/Desktop/SME-Lab/Final_Project/ros2_ws/src/battery_monitoring_12200335' with build type 'ament_python'
[2.602s] Level 1:colcon.colcon_core.shell:create_environment_hook('battery_monitoring_12200335', 'ament_prefix_path')
[2.639s] INFO:colcon.colcon_core.plugin_system:Skipping extension 'colcon_core.shell.bat': Not used on non-Windows systems
[2.640s] INFO:colcon.colcon_core.shell:Creating environment hook '/home/james/Desktop/SME-Lab/Final_Project/ros2_ws/install/battery_monitoring_12200335/share/battery_monitoring_12200335/hook/ament_prefix_path.ps1'
[2.641s] INFO:colcon.colcon_core.shell:Creating environment descriptor '/home/james/Desktop/SME-Lab/Final_Project/ros2_ws/install/battery_monitoring_12200335/share/battery_monitoring_12200335/hook/ament_prefix_path.dsv'
[2.643s] INFO:colcon.colcon_core.shell:Creating environment hook '/home/james/Desktop/SME-Lab/Final_Project/ros2_ws/install/battery_monitoring_12200335/share/battery_monitoring_12200335/hook/ament_prefix_path.sh'
[2.688s] INFO:colcon.colcon_core.shell:Skip shell extension 'powershell' for command environment: Not usable outside of PowerShell
[2.688s] DEBUG:colcon.colcon_core.shell:Skip shell extension 'dsv' for command environment
[3.175s] INFO:colcon.colcon_core.task.python.build:Building Python package in '/home/james/Desktop/SME-Lab/Final_Project/ros2_ws/src/battery_monitoring_12200335'
[3.235s] INFO:colcon.colcon_core.shell:Skip shell extension 'powershell' for command environment: Not usable outside of PowerShell
[3.236s] DEBUG:colcon.colcon_core.shell:Skip shell extension 'dsv' for command environment
[3.819s] DEBUG:colcon.colcon_core.event_handler.log_command:Invoking command in '/home/james/Desktop/SME-Lab/Final_Project/ros2_ws/src/battery_monitoring_12200335': PYTHONPATH=/home/james/Desktop/SME-Lab/Final_Project/ros2_ws/build/battery_monitoring_12200335/prefix_override:/home/james/Desktop/SME-Lab/Final_Project/ros2_ws/install/battery_monitoring_12200335/lib/python3.8/site-packages:${PYTHONPATH} /usr/bin/python3 setup.py egg_info --egg-base ../../build/battery_monitoring_12200335 build --build-base /home/james/Desktop/SME-Lab/Final_Project/ros2_ws/build/battery_monitoring_12200335/build install --record /home/james/Desktop/SME-Lab/Final_Project/ros2_ws/build/battery_monitoring_12200335/install.log --install-scripts $base/lib/battery_monitoring_12200335 --single-version-externally-managed
[4.518s] DEBUG:colcon.colcon_core.event_handler.log_command:Invoked command in '/home/james/Desktop/SME-Lab/Final_Project/ros2_ws/src/battery_monitoring_12200335' returned '0': PYTHONPATH=/home/james/Desktop/SME-Lab/Final_Project/ros2_ws/build/battery_monitoring_12200335/prefix_override:/home/james/Desktop/SME-Lab/Final_Project/ros2_ws/install/battery_monitoring_12200335/lib/python3.8/site-packages:${PYTHONPATH} /usr/bin/python3 setup.py egg_info --egg-base ../../build/battery_monitoring_12200335 build --build-base /home/james/Desktop/SME-Lab/Final_Project/ros2_ws/build/battery_monitoring_12200335/build install --record /home/james/Desktop/SME-Lab/Final_Project/ros2_ws/build/battery_monitoring_12200335/install.log --install-scripts $base/lib/battery_monitoring_12200335 --single-version-externally-managed
[4.629s] Level 1:colcon.colcon_core.environment:checking '/home/james/Desktop/SME-Lab/Final_Project/ros2_ws/install/battery_monitoring_12200335' for CMake module files
[4.630s] Level 1:colcon.colcon_core.environment:checking '/home/james/Desktop/SME-Lab/Final_Project/ros2_ws/install/battery_monitoring_12200335' for CMake config files
[4.631s] Level 1:colcon.colcon_core.environment:checking '/home/james/Desktop/SME-Lab/Final_Project/ros2_ws/install/battery_monitoring_12200335/lib'
[4.631s] Level 1:colcon.colcon_core.environment:checking '/home/james/Desktop/SME-Lab/Final_Project/ros2_ws/install/battery_monitoring_12200335/bin'
[4.632s] Level 1:colcon.colcon_core.environment:checking '/home/james/Desktop/SME-Lab/Final_Project/ros2_ws/install/battery_monitoring_12200335/lib/pkgconfig/battery_monitoring_12200335.pc'
[4.632s] Level 1:colcon.colcon_core.environment:checking '/home/james/Desktop/SME-Lab/Final_Project/ros2_ws/install/battery_monitoring_12200335/lib/python3.8/site-packages'
[4.633s] Level 1:colcon.colcon_core.shell:create_environment_hook('battery_monitoring_12200335', 'pythonpath')
[4.716s] INFO:colcon.colcon_core.shell:Creating environment hook '/home/james/Desktop/SME-Lab/Final_Project/ros2_ws/install/battery_monitoring_12200335/share/battery_monitoring_12200335/hook/pythonpath.ps1'
[4.721s] INFO:colcon.colcon_core.shell:Creating environment descriptor '/home/james/Desktop/SME-Lab/Final_Project/ros2_ws/install/battery_monitoring_12200335/share/battery_monitoring_12200335/hook/pythonpath.dsv'
[4.723s] INFO:colcon.colcon_core.shell:Creating environment hook '/home/james/Desktop/SME-Lab/Final_Project/ros2_ws/install/battery_monitoring_12200335/share/battery_monitoring_12200335/hook/pythonpath.sh'
[4.734s] Level 1:colcon.colcon_core.environment:checking '/home/james/Desktop/SME-Lab/Final_Project/ros2_ws/install/battery_monitoring_12200335/bin'
[4.738s] Level 1:colcon.colcon_core.environment:create_environment_scripts_only(battery_monitoring_12200335)
[4.808s] INFO:colcon.colcon_core.shell:Creating package script '/home/james/Desktop/SME-Lab/Final_Project/ros2_ws/install/battery_monitoring_12200335/share/battery_monitoring_12200335/package.ps1'
[4.814s] INFO:colcon.colcon_core.shell:Creating package descriptor '/home/james/Desktop/SME-Lab/Final_Project/ros2_ws/install/battery_monitoring_12200335/share/battery_monitoring_12200335/package.dsv'
[4.816s] INFO:colcon.colcon_core.shell:Creating package script '/home/james/Desktop/SME-Lab/Final_Project/ros2_ws/install/battery_monitoring_12200335/share/battery_monitoring_12200335/package.sh'
[4.818s] INFO:colcon.colcon_core.shell:Creating package script '/home/james/Desktop/SME-Lab/Final_Project/ros2_ws/install/battery_monitoring_12200335/share/battery_monitoring_12200335/package.bash'
[4.833s] INFO:colcon.colcon_core.shell:Creating package script '/home/james/Desktop/SME-Lab/Final_Project/ros2_ws/install/battery_monitoring_12200335/share/battery_monitoring_12200335/package.zsh'
[4.842s] Level 1:colcon.colcon_core.environment:create_file_with_runtime_dependencies(/home/james/Desktop/SME-Lab/Final_Project/ros2_ws/install/battery_monitoring_12200335/share/colcon-core/packages/battery_monitoring_12200335)
[4.847s] DEBUG:colcon.colcon_parallel_executor.executor.parallel:closing loop
[4.848s] DEBUG:colcon.colcon_parallel_executor.executor.parallel:loop closed
[4.848s] DEBUG:colcon.colcon_parallel_executor.executor.parallel:run_until_complete finished with '0'
[4.848s] DEBUG:colcon.colcon_core.event_reactor:joining thread
[5.005s] INFO:colcon.colcon_core.plugin_system:Skipping extension 'colcon_notification.desktop_notification.terminal_notifier': Not used on non-Darwin systems
[5.005s] INFO:colcon.colcon_core.plugin_system:Skipping extension 'colcon_notification.desktop_notification.win32': Not used on non-Windows systems
[5.005s] INFO:colcon.colcon_notification.desktop_notification:Sending desktop notification using 'notify2'
[5.045s] DEBUG:colcon.colcon_core.event_reactor:joined thread
[5.181s] INFO:colcon.colcon_core.shell:Creating prefix script '/home/james/Desktop/SME-Lab/Final_Project/ros2_ws/install/local_setup.ps1'
[5.192s] INFO:colcon.colcon_core.shell:Creating prefix util module '/home/james/Desktop/SME-Lab/Final_Project/ros2_ws/install/_local_setup_util_ps1.py'
[5.197s] INFO:colcon.colcon_core.shell:Creating prefix chain script '/home/james/Desktop/SME-Lab/Final_Project/ros2_ws/install/setup.ps1'
[5.347s] INFO:colcon.colcon_core.shell:Creating prefix script '/home/james/Desktop/SME-Lab/Final_Project/ros2_ws/install/local_setup.sh'
[5.348s] INFO:colcon.colcon_core.shell:Creating prefix util module '/home/james/Desktop/SME-Lab/Final_Project/ros2_ws/install/_local_setup_util_sh.py'
[5.351s] INFO:colcon.colcon_core.shell:Creating prefix chain script '/home/james/Desktop/SME-Lab/Final_Project/ros2_ws/install/setup.sh'
[5.464s] INFO:colcon.colcon_core.shell:Creating prefix script '/home/james/Desktop/SME-Lab/Final_Project/ros2_ws/install/local_setup.bash'
[5.466s] INFO:colcon.colcon_core.shell:Creating prefix chain script '/home/james/Desktop/SME-Lab/Final_Project/ros2_ws/install/setup.bash'
[5.558s] INFO:colcon.colcon_core.shell:Creating prefix script '/home/james/Desktop/SME-Lab/Final_Project/ros2_ws/install/local_setup.zsh'
[5.559s] INFO:colcon.colcon_core.shell:Creating prefix chain script '/home/james/Desktop/SME-Lab/Final_Project/ros2_ws/install/setup.zsh'
