[0.988s] DEBUG:colcon:Command line arguments: ['/usr/bin/colcon', 'build']
[0.988s] DEBUG:colcon:Parsed command line arguments: Namespace(log_base=None, log_level=None, verb_name='build', build_base='build', install_base='install', merge_install=False, symlink_install=False, test_result_base=None, continue_on_error=False, executor='parallel', parallel_workers=2, event_handlers=None, ignore_user_meta=False, metas=['./colcon.meta'], base_paths=['.'], packages_ignore=None, packages_ignore_regex=None, paths=None, packages_up_to=None, packages_up_to_regex=None, packages_above=None, packages_above_and_dependencies=None, packages_above_depth=None, packages_select_by_dep=None, packages_skip_by_dep=None, packages_skip_up_to=None, packages_select_build_failed=False, packages_skip_build_finished=False, packages_select_test_failures=False, packages_skip_test_passed=False, packages_select=None, packages_skip=None, packages_select_regex=None, packages_skip_regex=None, packages_start=None, packages_end=None, allow_overriding=[], cmake_args=None, cmake_target=None, cmake_target_skip_unavailable=False, cmake_clean_cache=False, cmake_clean_first=False, cmake_force_configure=False, ament_cmake_args=None, catkin_cmake_args=None, catkin_skip_building_tests=False, verb_parser=<colcon_defaults.argument_parser.defaults.DefaultArgumentsDecorator object at 0x7f796caa44c0>, verb_extension=<colcon_core.verb.build.BuildVerb object at 0x7f796caa4280>, main=<bound method BuildVerb.main of <colcon_core.verb.build.BuildVerb object at 0x7f796caa4280>>)
[1.040s] Level 1:colcon.colcon_core.package_discovery:discover_packages(colcon_meta) check parameters
[1.040s] Level 1:colcon.colcon_core.package_discovery:discover_packages(recursive) check parameters
[1.040s] Level 1:colcon.colcon_core.package_discovery:discover_packages(ignore) check parameters
[1.040s] Level 1:colcon.colcon_core.package_discovery:discover_packages(path) check parameters
[1.040s] Level 1:colcon.colcon_core.package_discovery:discover_packages(colcon_meta) discover
[1.040s] Level 1:colcon.colcon_core.package_discovery:discover_packages(recursive) discover
[1.040s] INFO:colcon.colcon_core.package_discovery:Crawling recursively for packages in '/home/jamshid/Desktop/SME-Lab/week-6-assignment-Advanced/ros2_ws_new'
[1.040s] Level 1:colcon.colcon_core.package_identification:_identify(.) by extensions ['ignore', 'ignore_ament_install']
[1.041s] Level 1:colcon.colcon_core.package_identification:_identify(.) by extension 'ignore'
[1.041s] Level 1:colcon.colcon_core.package_identification:_identify(.) by extension 'ignore_ament_install'
[1.041s] Level 1:colcon.colcon_core.package_identification:_identify(.) by extensions ['colcon_pkg']
[1.041s] Level 1:colcon.colcon_core.package_identification:_identify(.) by extension 'colcon_pkg'
[1.041s] Level 1:colcon.colcon_core.package_identification:_identify(.) by extensions ['colcon_meta']
[1.041s] Level 1:colcon.colcon_core.package_identification:_identify(.) by extension 'colcon_meta'
[1.041s] Level 1:colcon.colcon_core.package_identification:_identify(.) by extensions ['ros']
[1.041s] Level 1:colcon.colcon_core.package_identification:_identify(.) by extension 'ros'
[1.052s] Level 1:colcon.colcon_core.package_identification:_identify(.) by extensions ['cmake', 'python']
[1.052s] Level 1:colcon.colcon_core.package_identification:_identify(.) by extension 'cmake'
[1.052s] Level 1:colcon.colcon_core.package_identification:_identify(.) by extension 'python'
[1.052s] Level 1:colcon.colcon_core.package_identification:_identify(.) by extensions ['python_setup_py']
[1.052s] Level 1:colcon.colcon_core.package_identification:_identify(.) by extension 'python_setup_py'
[1.053s] Level 1:colcon.colcon_core.package_identification:_identify(build) by extensions ['ignore', 'ignore_ament_install']
[1.053s] Level 1:colcon.colcon_core.package_identification:_identify(build) by extension 'ignore'
[1.053s] Level 1:colcon.colcon_core.package_identification:_identify(build) ignored
[1.053s] Level 1:colcon.colcon_core.package_identification:_identify(install) by extensions ['ignore', 'ignore_ament_install']
[1.053s] Level 1:colcon.colcon_core.package_identification:_identify(install) by extension 'ignore'
[1.053s] Level 1:colcon.colcon_core.package_identification:_identify(install) ignored
[1.053s] Level 1:colcon.colcon_core.package_identification:_identify(log) by extensions ['ignore', 'ignore_ament_install']
[1.054s] Level 1:colcon.colcon_core.package_identification:_identify(log) by extension 'ignore'
[1.054s] Level 1:colcon.colcon_core.package_identification:_identify(log) ignored
[1.054s] Level 1:colcon.colcon_core.package_identification:_identify(src) by extensions ['ignore', 'ignore_ament_install']
[1.054s] Level 1:colcon.colcon_core.package_identification:_identify(src) by extension 'ignore'
[1.054s] Level 1:colcon.colcon_core.package_identification:_identify(src) by extension 'ignore_ament_install'
[1.054s] Level 1:colcon.colcon_core.package_identification:_identify(src) by extensions ['colcon_pkg']
[1.054s] Level 1:colcon.colcon_core.package_identification:_identify(src) by extension 'colcon_pkg'
[1.054s] Level 1:colcon.colcon_core.package_identification:_identify(src) by extensions ['colcon_meta']
[1.054s] Level 1:colcon.colcon_core.package_identification:_identify(src) by extension 'colcon_meta'
[1.054s] Level 1:colcon.colcon_core.package_identification:_identify(src) by extensions ['ros']
[1.054s] Level 1:colcon.colcon_core.package_identification:_identify(src) by extension 'ros'
[1.054s] Level 1:colcon.colcon_core.package_identification:_identify(src) by extensions ['cmake', 'python']
[1.054s] Level 1:colcon.colcon_core.package_identification:_identify(src) by extension 'cmake'
[1.054s] Level 1:colcon.colcon_core.package_identification:_identify(src) by extension 'python'
[1.054s] Level 1:colcon.colcon_core.package_identification:_identify(src) by extensions ['python_setup_py']
[1.054s] Level 1:colcon.colcon_core.package_identification:_identify(src) by extension 'python_setup_py'
[1.055s] Level 1:colcon.colcon_core.package_identification:_identify(src/sync_async_node_example_cpp) by extensions ['ignore', 'ignore_ament_install']
[1.055s] Level 1:colcon.colcon_core.package_identification:_identify(src/sync_async_node_example_cpp) by extension 'ignore'
[1.055s] Level 1:colcon.colcon_core.package_identification:_identify(src/sync_async_node_example_cpp) by extension 'ignore_ament_install'
[1.055s] Level 1:colcon.colcon_core.package_identification:_identify(src/sync_async_node_example_cpp) by extensions ['colcon_pkg']
[1.055s] Level 1:colcon.colcon_core.package_identification:_identify(src/sync_async_node_example_cpp) by extension 'colcon_pkg'
[1.055s] Level 1:colcon.colcon_core.package_identification:_identify(src/sync_async_node_example_cpp) by extensions ['colcon_meta']
[1.055s] Level 1:colcon.colcon_core.package_identification:_identify(src/sync_async_node_example_cpp) by extension 'colcon_meta'
[1.055s] Level 1:colcon.colcon_core.package_identification:_identify(src/sync_async_node_example_cpp) by extensions ['ros']
[1.055s] Level 1:colcon.colcon_core.package_identification:_identify(src/sync_async_node_example_cpp) by extension 'ros'
[1.058s] DEBUG:colcon.colcon_core.package_identification:Package 'src/sync_async_node_example_cpp' with type 'ros.ament_cmake' and name 'sync_async_node_example_cpp'
[1.058s] Level 1:colcon.colcon_core.package_discovery:discover_packages(recursive) using defaults
[1.058s] Level 1:colcon.colcon_core.package_discovery:discover_packages(ignore) discover
[1.058s] Level 1:colcon.colcon_core.package_discovery:discover_packages(ignore) using defaults
[1.058s] Level 1:colcon.colcon_core.package_discovery:discover_packages(path) discover
[1.058s] Level 1:colcon.colcon_core.package_discovery:discover_packages(path) using defaults
[1.150s] Level 1:colcon.colcon_core.package_discovery:discover_packages(prefix_path) check parameters
[1.150s] Level 1:colcon.colcon_core.package_discovery:discover_packages(prefix_path) discover
[1.178s] DEBUG:colcon.colcon_installed_package_information.package_discovery:Found 1 installed packages in /home/jamshid/Desktop/SME-Lab/week-6-assignment-Advanced/ros2_ws_new/install
[1.193s] DEBUG:colcon.colcon_installed_package_information.package_discovery:Found 4 installed packages in /home/jamshid/Desktop/SME-Lab/week-6-assignment-Advanced/ros2_ws/install
[1.207s] DEBUG:colcon.colcon_installed_package_information.package_discovery:Found 284 installed packages in /opt/ros/humble
[1.209s] Level 1:colcon.colcon_core.package_discovery:discover_packages(prefix_path) using defaults
[1.309s] Level 5:colcon.colcon_core.verb:set package 'sync_async_node_example_cpp' build argument 'cmake_args' from command line to 'None'
[1.309s] Level 5:colcon.colcon_core.verb:set package 'sync_async_node_example_cpp' build argument 'cmake_target' from command line to 'None'
[1.309s] Level 5:colcon.colcon_core.verb:set package 'sync_async_node_example_cpp' build argument 'cmake_target_skip_unavailable' from command line to 'False'
[1.309s] Level 5:colcon.colcon_core.verb:set package 'sync_async_node_example_cpp' build argument 'cmake_clean_cache' from command line to 'False'
[1.309s] Level 5:colcon.colcon_core.verb:set package 'sync_async_node_example_cpp' build argument 'cmake_clean_first' from command line to 'False'
[1.309s] Level 5:colcon.colcon_core.verb:set package 'sync_async_node_example_cpp' build argument 'cmake_force_configure' from command line to 'False'
[1.309s] Level 5:colcon.colcon_core.verb:set package 'sync_async_node_example_cpp' build argument 'ament_cmake_args' from command line to 'None'
[1.309s] Level 5:colcon.colcon_core.verb:set package 'sync_async_node_example_cpp' build argument 'catkin_cmake_args' from command line to 'None'
[1.309s] Level 5:colcon.colcon_core.verb:set package 'sync_async_node_example_cpp' build argument 'catkin_skip_building_tests' from command line to 'False'
[1.309s] DEBUG:colcon.colcon_core.verb:Building package 'sync_async_node_example_cpp' with the following arguments: {'ament_cmake_args': None, 'build_base': '/home/jamshid/Desktop/SME-Lab/week-6-assignment-Advanced/ros2_ws_new/build/sync_async_node_example_cpp', 'catkin_cmake_args': None, 'catkin_skip_building_tests': False, 'cmake_args': None, 'cmake_clean_cache': False, 'cmake_clean_first': False, 'cmake_force_configure': False, 'cmake_target': None, 'cmake_target_skip_unavailable': False, 'install_base': '/home/jamshid/Desktop/SME-Lab/week-6-assignment-Advanced/ros2_ws_new/install/sync_async_node_example_cpp', 'merge_install': False, 'path': '/home/jamshid/Desktop/SME-Lab/week-6-assignment-Advanced/ros2_ws_new/src/sync_async_node_example_cpp', 'symlink_install': False, 'test_result_base': None}
[1.322s] INFO:colcon.colcon_core.executor:Executing jobs using 'parallel' executor
[1.337s] DEBUG:colcon.colcon_parallel_executor.executor.parallel:run_until_complete
[1.337s] INFO:colcon.colcon_ros.task.ament_cmake.build:Building ROS package in '/home/jamshid/Desktop/SME-Lab/week-6-assignment-Advanced/ros2_ws_new/src/sync_async_node_example_cpp' with build type 'ament_cmake'
[1.338s] INFO:colcon.colcon_cmake.task.cmake.build:Building CMake package in '/home/jamshid/Desktop/SME-Lab/week-6-assignment-Advanced/ros2_ws_new/src/sync_async_node_example_cpp'
[1.358s] INFO:colcon.colcon_core.plugin_system:Skipping extension 'colcon_core.shell.bat': Not used on non-Windows systems
[1.358s] INFO:colcon.colcon_core.shell:Skip shell extension 'powershell' for command environment: Not usable outside of PowerShell
[1.358s] DEBUG:colcon.colcon_core.shell:Skip shell extension 'dsv' for command environment
[1.435s] DEBUG:colcon.colcon_core.event_handler.log_command:Invoking command in '/home/jamshid/Desktop/SME-Lab/week-6-assignment-Advanced/ros2_ws_new/build/sync_async_node_example_cpp': CMAKE_PREFIX_PATH=${CMAKE_PREFIX_PATH}:/home/jamshid/Desktop/SME-Lab/week-6-assignment-Advanced/ros2_ws/install/py_pubsub:/opt/ros/humble /usr/bin/cmake --build /home/jamshid/Desktop/SME-Lab/week-6-assignment-Advanced/ros2_ws_new/build/sync_async_node_example_cpp -- -j2 -l2
[1.556s] DEBUG:colcon.colcon_core.event_handler.log_command:Invoked command in '/home/jamshid/Desktop/SME-Lab/week-6-assignment-Advanced/ros2_ws_new/build/sync_async_node_example_cpp' returned '0': CMAKE_PREFIX_PATH=${CMAKE_PREFIX_PATH}:/home/jamshid/Desktop/SME-Lab/week-6-assignment-Advanced/ros2_ws/install/py_pubsub:/opt/ros/humble /usr/bin/cmake --build /home/jamshid/Desktop/SME-Lab/week-6-assignment-Advanced/ros2_ws_new/build/sync_async_node_example_cpp -- -j2 -l2
[1.632s] DEBUG:colcon.colcon_core.event_handler.log_command:Invoking command in '/home/jamshid/Desktop/SME-Lab/week-6-assignment-Advanced/ros2_ws_new/build/sync_async_node_example_cpp': CMAKE_PREFIX_PATH=${CMAKE_PREFIX_PATH}:/home/jamshid/Desktop/SME-Lab/week-6-assignment-Advanced/ros2_ws/install/py_pubsub:/opt/ros/humble /usr/bin/cmake --install /home/jamshid/Desktop/SME-Lab/week-6-assignment-Advanced/ros2_ws_new/build/sync_async_node_example_cpp
[1.658s] Level 1:colcon.colcon_core.environment:create_environment_scripts_only(sync_async_node_example_cpp)
[1.667s] DEBUG:colcon.colcon_core.event_handler.log_command:Invoked command in '/home/jamshid/Desktop/SME-Lab/week-6-assignment-Advanced/ros2_ws_new/build/sync_async_node_example_cpp' returned '0': CMAKE_PREFIX_PATH=${CMAKE_PREFIX_PATH}:/home/jamshid/Desktop/SME-Lab/week-6-assignment-Advanced/ros2_ws/install/py_pubsub:/opt/ros/humble /usr/bin/cmake --install /home/jamshid/Desktop/SME-Lab/week-6-assignment-Advanced/ros2_ws_new/build/sync_async_node_example_cpp
[1.690s] Level 1:colcon.colcon_core.environment:checking '/home/jamshid/Desktop/SME-Lab/week-6-assignment-Advanced/ros2_ws_new/install/sync_async_node_example_cpp' for CMake module files
[1.691s] Level 1:colcon.colcon_core.environment:checking '/home/jamshid/Desktop/SME-Lab/week-6-assignment-Advanced/ros2_ws_new/install/sync_async_node_example_cpp' for CMake config files
[1.691s] Level 1:colcon.colcon_core.shell:create_environment_hook('sync_async_node_example_cpp', 'cmake_prefix_path')
[1.708s] INFO:colcon.colcon_core.shell:Creating environment hook '/home/jamshid/Desktop/SME-Lab/week-6-assignment-Advanced/ros2_ws_new/install/sync_async_node_example_cpp/share/sync_async_node_example_cpp/hook/cmake_prefix_path.ps1'
[1.709s] INFO:colcon.colcon_core.shell:Creating environment descriptor '/home/jamshid/Desktop/SME-Lab/week-6-assignment-Advanced/ros2_ws_new/install/sync_async_node_example_cpp/share/sync_async_node_example_cpp/hook/cmake_prefix_path.dsv'
[1.710s] INFO:colcon.colcon_core.shell:Creating environment hook '/home/jamshid/Desktop/SME-Lab/week-6-assignment-Advanced/ros2_ws_new/install/sync_async_node_example_cpp/share/sync_async_node_example_cpp/hook/cmake_prefix_path.sh'
[1.712s] Level 1:colcon.colcon_core.environment:checking '/home/jamshid/Desktop/SME-Lab/week-6-assignment-Advanced/ros2_ws_new/install/sync_async_node_example_cpp/lib'
[1.712s] Level 1:colcon.colcon_core.environment:checking '/home/jamshid/Desktop/SME-Lab/week-6-assignment-Advanced/ros2_ws_new/install/sync_async_node_example_cpp/bin'
[1.712s] Level 1:colcon.colcon_core.environment:checking '/home/jamshid/Desktop/SME-Lab/week-6-assignment-Advanced/ros2_ws_new/install/sync_async_node_example_cpp/lib/pkgconfig/sync_async_node_example_cpp.pc'
[1.713s] Level 1:colcon.colcon_core.environment:checking '/home/jamshid/Desktop/SME-Lab/week-6-assignment-Advanced/ros2_ws_new/install/sync_async_node_example_cpp/lib/python3.10/site-packages'
[1.713s] Level 1:colcon.colcon_core.environment:checking '/home/jamshid/Desktop/SME-Lab/week-6-assignment-Advanced/ros2_ws_new/install/sync_async_node_example_cpp/bin'
[1.730s] INFO:colcon.colcon_core.shell:Creating package script '/home/jamshid/Desktop/SME-Lab/week-6-assignment-Advanced/ros2_ws_new/install/sync_async_node_example_cpp/share/sync_async_node_example_cpp/package.ps1'
[1.731s] INFO:colcon.colcon_core.shell:Creating package descriptor '/home/jamshid/Desktop/SME-Lab/week-6-assignment-Advanced/ros2_ws_new/install/sync_async_node_example_cpp/share/sync_async_node_example_cpp/package.dsv'
[1.732s] INFO:colcon.colcon_core.shell:Creating package script '/home/jamshid/Desktop/SME-Lab/week-6-assignment-Advanced/ros2_ws_new/install/sync_async_node_example_cpp/share/sync_async_node_example_cpp/package.sh'
[1.733s] INFO:colcon.colcon_core.shell:Creating package script '/home/jamshid/Desktop/SME-Lab/week-6-assignment-Advanced/ros2_ws_new/install/sync_async_node_example_cpp/share/sync_async_node_example_cpp/package.bash'
[1.735s] INFO:colcon.colcon_core.shell:Creating package script '/home/jamshid/Desktop/SME-Lab/week-6-assignment-Advanced/ros2_ws_new/install/sync_async_node_example_cpp/share/sync_async_node_example_cpp/package.zsh'
[1.736s] Level 1:colcon.colcon_core.environment:create_file_with_runtime_dependencies(/home/jamshid/Desktop/SME-Lab/week-6-assignment-Advanced/ros2_ws_new/install/sync_async_node_example_cpp/share/colcon-core/packages/sync_async_node_example_cpp)
[1.805s] Level 1:colcon.colcon_core.environment:create_environment_scripts_only(sync_async_node_example_cpp)
[1.820s] Level 1:colcon.colcon_core.environment:checking '/home/jamshid/Desktop/SME-Lab/week-6-assignment-Advanced/ros2_ws_new/install/sync_async_node_example_cpp' for CMake module files
[1.821s] Level 1:colcon.colcon_core.environment:checking '/home/jamshid/Desktop/SME-Lab/week-6-assignment-Advanced/ros2_ws_new/install/sync_async_node_example_cpp' for CMake config files
[1.821s] Level 1:colcon.colcon_core.shell:create_environment_hook('sync_async_node_example_cpp', 'cmake_prefix_path')
[1.835s] INFO:colcon.colcon_core.shell:Creating environment hook '/home/jamshid/Desktop/SME-Lab/week-6-assignment-Advanced/ros2_ws_new/install/sync_async_node_example_cpp/share/sync_async_node_example_cpp/hook/cmake_prefix_path.ps1'
[1.836s] INFO:colcon.colcon_core.shell:Creating environment descriptor '/home/jamshid/Desktop/SME-Lab/week-6-assignment-Advanced/ros2_ws_new/install/sync_async_node_example_cpp/share/sync_async_node_example_cpp/hook/cmake_prefix_path.dsv'
[1.836s] INFO:colcon.colcon_core.shell:Creating environment hook '/home/jamshid/Desktop/SME-Lab/week-6-assignment-Advanced/ros2_ws_new/install/sync_async_node_example_cpp/share/sync_async_node_example_cpp/hook/cmake_prefix_path.sh'
[1.838s] Level 1:colcon.colcon_core.environment:checking '/home/jamshid/Desktop/SME-Lab/week-6-assignment-Advanced/ros2_ws_new/install/sync_async_node_example_cpp/lib'
[1.838s] Level 1:colcon.colcon_core.environment:checking '/home/jamshid/Desktop/SME-Lab/week-6-assignment-Advanced/ros2_ws_new/install/sync_async_node_example_cpp/bin'
[1.838s] Level 1:colcon.colcon_core.environment:checking '/home/jamshid/Desktop/SME-Lab/week-6-assignment-Advanced/ros2_ws_new/install/sync_async_node_example_cpp/lib/pkgconfig/sync_async_node_example_cpp.pc'
[1.838s] Level 1:colcon.colcon_core.environment:checking '/home/jamshid/Desktop/SME-Lab/week-6-assignment-Advanced/ros2_ws_new/install/sync_async_node_example_cpp/lib/python3.10/site-packages'
[1.839s] Level 1:colcon.colcon_core.environment:checking '/home/jamshid/Desktop/SME-Lab/week-6-assignment-Advanced/ros2_ws_new/install/sync_async_node_example_cpp/bin'
[1.853s] INFO:colcon.colcon_core.shell:Creating package script '/home/jamshid/Desktop/SME-Lab/week-6-assignment-Advanced/ros2_ws_new/install/sync_async_node_example_cpp/share/sync_async_node_example_cpp/package.ps1'
[1.855s] INFO:colcon.colcon_core.shell:Creating package descriptor '/home/jamshid/Desktop/SME-Lab/week-6-assignment-Advanced/ros2_ws_new/install/sync_async_node_example_cpp/share/sync_async_node_example_cpp/package.dsv'
[1.856s] INFO:colcon.colcon_core.shell:Creating package script '/home/jamshid/Desktop/SME-Lab/week-6-assignment-Advanced/ros2_ws_new/install/sync_async_node_example_cpp/share/sync_async_node_example_cpp/package.sh'
[1.857s] INFO:colcon.colcon_core.shell:Creating package script '/home/jamshid/Desktop/SME-Lab/week-6-assignment-Advanced/ros2_ws_new/install/sync_async_node_example_cpp/share/sync_async_node_example_cpp/package.bash'
[1.859s] INFO:colcon.colcon_core.shell:Creating package script '/home/jamshid/Desktop/SME-Lab/week-6-assignment-Advanced/ros2_ws_new/install/sync_async_node_example_cpp/share/sync_async_node_example_cpp/package.zsh'
[1.860s] Level 1:colcon.colcon_core.environment:create_file_with_runtime_dependencies(/home/jamshid/Desktop/SME-Lab/week-6-assignment-Advanced/ros2_ws_new/install/sync_async_node_example_cpp/share/colcon-core/packages/sync_async_node_example_cpp)
[1.862s] DEBUG:colcon.colcon_parallel_executor.executor.parallel:closing loop
[1.863s] DEBUG:colcon.colcon_parallel_executor.executor.parallel:loop closed
[1.863s] DEBUG:colcon.colcon_parallel_executor.executor.parallel:run_until_complete finished with '0'
[1.863s] DEBUG:colcon.colcon_core.event_reactor:joining thread
[1.893s] INFO:colcon.colcon_core.plugin_system:Skipping extension 'colcon_notification.desktop_notification.terminal_notifier': Not used on non-Darwin systems
[1.893s] INFO:colcon.colcon_core.plugin_system:Skipping extension 'colcon_notification.desktop_notification.win32': Not used on non-Windows systems
[1.894s] INFO:colcon.colcon_notification.desktop_notification:Sending desktop notification using 'notify2'
[1.910s] DEBUG:colcon.colcon_core.event_reactor:joined thread
[1.929s] INFO:colcon.colcon_core.shell:Creating prefix script '/home/jamshid/Desktop/SME-Lab/week-6-assignment-Advanced/ros2_ws_new/install/local_setup.ps1'
[1.930s] INFO:colcon.colcon_core.shell:Creating prefix util module '/home/jamshid/Desktop/SME-Lab/week-6-assignment-Advanced/ros2_ws_new/install/_local_setup_util_ps1.py'
[1.932s] INFO:colcon.colcon_core.shell:Creating prefix chain script '/home/jamshid/Desktop/SME-Lab/week-6-assignment-Advanced/ros2_ws_new/install/setup.ps1'
[1.946s] INFO:colcon.colcon_core.shell:Creating prefix script '/home/jamshid/Desktop/SME-Lab/week-6-assignment-Advanced/ros2_ws_new/install/local_setup.sh'
[1.948s] INFO:colcon.colcon_core.shell:Creating prefix util module '/home/jamshid/Desktop/SME-Lab/week-6-assignment-Advanced/ros2_ws_new/install/_local_setup_util_sh.py'
[1.949s] INFO:colcon.colcon_core.shell:Creating prefix chain script '/home/jamshid/Desktop/SME-Lab/week-6-assignment-Advanced/ros2_ws_new/install/setup.sh'
[1.963s] INFO:colcon.colcon_core.shell:Creating prefix script '/home/jamshid/Desktop/SME-Lab/week-6-assignment-Advanced/ros2_ws_new/install/local_setup.bash'
[1.964s] INFO:colcon.colcon_core.shell:Creating prefix chain script '/home/jamshid/Desktop/SME-Lab/week-6-assignment-Advanced/ros2_ws_new/install/setup.bash'
[1.980s] INFO:colcon.colcon_core.shell:Creating prefix script '/home/jamshid/Desktop/SME-Lab/week-6-assignment-Advanced/ros2_ws_new/install/local_setup.zsh'
[1.981s] INFO:colcon.colcon_core.shell:Creating prefix chain script '/home/jamshid/Desktop/SME-Lab/week-6-assignment-Advanced/ros2_ws_new/install/setup.zsh'
