[0.059s] Invoking command in '/home/jamshid/Desktop/SME-Lab/week-7-homework/ros2_ws/build/smart_home_cpp': CMAKE_PREFIX_PATH=/opt/ros/humble /usr/bin/cmake /home/jamshid/Desktop/SME-Lab/week-7-homework/ros2_ws/src/smart_home_cpp -DAMENT_CMAKE_SYMLINK_INSTALL=1 -DCMAKE_INSTALL_PREFIX=/home/jamshid/Desktop/SME-Lab/week-7-homework/ros2_ws/install/smart_home_cpp
[0.079s] -- Found ament_cmake: 1.3.5 (/opt/ros/humble/share/ament_cmake/cmake)
[0.216s] -- Override CMake install command with custom implementation using symlinks instead of copying resources
[0.235s] -- Found rclcpp: 16.0.6 (/opt/ros/humble/share/rclcpp/cmake)
[0.263s] -- Found rosidl_generator_c: 3.1.5 (/opt/ros/humble/share/rosidl_generator_c/cmake)
[0.267s] -- Found rosidl_adapter: 3.1.5 (/opt/ros/humble/share/rosidl_adapter/cmake)
[0.273s] -- Found rosidl_generator_cpp: 3.1.5 (/opt/ros/humble/share/rosidl_generator_cpp/cmake)
[0.289s] -- Using all available rosidl_typesupport_c: rosidl_typesupport_fastrtps_c;rosidl_typesupport_introspection_c
[0.308s] -- Using all available rosidl_typesupport_cpp: rosidl_typesupport_fastrtps_cpp;rosidl_typesupport_introspection_cpp
[0.384s] -- Found rmw_implementation_cmake: 6.1.1 (/opt/ros/humble/share/rmw_implementation_cmake/cmake)
[0.387s] -- Found rmw_fastrtps_cpp: 6.2.4 (/opt/ros/humble/share/rmw_fastrtps_cpp/cmake)
[0.519s] -- Using RMW implementation 'rmw_fastrtps_cpp' as default
[0.692s] -- Found rclcpp_action: 16.0.6 (/opt/ros/humble/share/rclcpp_action/cmake)
[0.968s] -- Configuring incomplete, errors occurred!
[0.968s] See also "/home/jamshid/Desktop/SME-Lab/week-7-homework/ros2_ws/build/smart_home_cpp/CMakeFiles/CMakeOutput.log".
[0.968s] [31mCMake Error at /opt/ros/humble/share/rosidl_adapter/cmake/rosidl_adapt_interfaces.cmake:59 (message):
[0.968s]   execute_process(/usr/bin/python3.10 -m rosidl_adapter --package-name
[0.969s]   smart_home_cpp --arguments-file
[0.969s]   /home/jamshid/Desktop/SME-Lab/week-7-homework/ros2_ws/build/smart_home_cpp/rosidl_adapter__arguments__smart_home_cpp.json
[0.969s]   --output-dir
[0.969s]   /home/jamshid/Desktop/SME-Lab/week-7-homework/ros2_ws/build/smart_home_cpp/rosidl_adapter/smart_home_cpp
[0.969s]   --output-file
[0.969s]   /home/jamshid/Desktop/SME-Lab/week-7-homework/ros2_ws/build/smart_home_cpp/rosidl_adapter/smart_home_cpp.idls)
[0.969s]   returned error code 1:
[0.969s] 
[0.969s]   Traceback (most recent call last):
[0.969s] 
[0.969s]     File "/usr/lib/python3.10/runpy.py", line 196, in _run_module_as_main
[0.970s]       return _run_code(code, main_globals, None,
[0.970s]     File "/usr/lib/python3.10/runpy.py", line 86, in _run_code
[0.970s]       exec(code, run_globals)
[0.970s]     File "/opt/ros/humble/local/lib/python3.10/dist-packages/rosidl_adapter/__main__.py", line 19, in <module>
[0.970s]       sys.exit(main())
[0.970s]     File "/opt/ros/humble/local/lib/python3.10/dist-packages/rosidl_adapter/main.py", line 53, in main
[0.970s]       abs_idl_file = convert_to_idl(
[0.970s]     File "/opt/ros/humble/local/lib/python3.10/dist-packages/rosidl_adapter/__init__.py", line 29, in convert_to_idl
[0.970s]       return convert_action_to_idl(
[0.970s]     File "/opt/ros/humble/local/lib/python3.10/dist-packages/rosidl_adapter/action/__init__.py", line 28, in convert_action_to_idl
[0.970s]       action = parse_action_string(package_name, input_file.stem, content)
[0.970s]     File "/opt/ros/humble/local/lib/python3.10/dist-packages/rosidl_adapter/parser.py", line 894, in parse_action_string
[0.970s]       raise InvalidActionSpecification(
[0.971s] 
[0.971s]   rosidl_adapter.parser.InvalidActionSpecification: Number of '---'
[0.971s]   separators nonconformant with action definition
[0.971s] 
[0.971s] Call Stack (most recent call first):
[0.971s]   /opt/ros/humble/share/rosidl_cmake/cmake/rosidl_generate_interfaces.cmake:130 (rosidl_adapt_interfaces)
[0.971s]   CMakeLists.txt:12 (rosidl_generate_interfaces)
[0.971s] 
[0.971s] [0m
[0.982s] Invoked command in '/home/jamshid/Desktop/SME-Lab/week-7-homework/ros2_ws/build/smart_home_cpp' returned '1': CMAKE_PREFIX_PATH=/opt/ros/humble /usr/bin/cmake /home/jamshid/Desktop/SME-Lab/week-7-homework/ros2_ws/src/smart_home_cpp -DAMENT_CMAKE_SYMLINK_INSTALL=1 -DCMAKE_INSTALL_PREFIX=/home/jamshid/Desktop/SME-Lab/week-7-homework/ros2_ws/install/smart_home_cpp
