[0.032s] Invoking command in '/home/jamshid/ros2_ws/build/turtlesim': /usr/bin/cmake /home/jamshid/ros2_ws/src/ros_tutorials/turtlesim -DCMAKE_INSTALL_PREFIX=/home/jamshid/ros2_ws/install/turtlesim
[0.276s] -- The C compiler identification is GNU 11.4.0
[0.443s] -- The CXX compiler identification is GNU 11.4.0
[0.467s] -- Detecting C compiler ABI info
[0.563s] -- Detecting C compiler ABI info - done
[0.570s] -- Check for working C compiler: /usr/bin/cc - skipped
[0.572s] -- Detecting C compile features
[0.573s] -- Detecting C compile features - done
[0.580s] -- Detecting CXX compiler ABI info
[0.678s] -- Detecting CXX compiler ABI info - done
[0.685s] -- Check for working CXX compiler: /usr/bin/c++ - skipped
[0.686s] -- Detecting CXX compile features
[0.686s] -- Detecting CXX compile features - done
[0.699s] [31mCMake Error at CMakeLists.txt:12 (find_package):
[0.700s]   By not providing "Findament_cmake.cmake" in CMAKE_MODULE_PATH this project
[0.700s]   has asked CMake to find a package configuration file provided by
[0.700s]   "ament_cmake", but CMake did not find one.
[0.700s] 
[0.700s]   Could not find a package configuration file provided by "ament_cmake" with
[0.700s]   any of the following names:
[0.700s] 
[0.701s]     ament_cmakeConfig.cmake
[0.701s]     ament_cmake-config.cmake
[0.701s] 
[0.701s]   Add the installation prefix of "ament_cmake" to CMAKE_PREFIX_PATH or set
[0.701s]   "ament_cmake_DIR" to a directory containing one of the above files.  If
[0.701s]   "ament_cmake" provides a separate development package or SDK, be sure it
[0.701s]   has been installed.
[0.701s] 
[0.701s] [0m
[0.701s] -- Configuring incomplete, errors occurred!
[0.701s] See also "/home/jamshid/ros2_ws/build/turtlesim/CMakeFiles/CMakeOutput.log".
[0.706s] Invoked command in '/home/jamshid/ros2_ws/build/turtlesim' returned '1': /usr/bin/cmake /home/jamshid/ros2_ws/src/ros_tutorials/turtlesim -DCMAKE_INSTALL_PREFIX=/home/jamshid/ros2_ws/install/turtlesim
