[0.173s] Invoking command in '/home/jamshid/Desktop/SME-Lab/week-6-assignment-Advanced/ros2_ws/build/turtlesim': CMAKE_PREFIX_PATH=${CMAKE_PREFIX_PATH}:/opt/ros/humble /usr/bin/cmake --build /home/jamshid/Desktop/SME-Lab/week-6-assignment-Advanced/ros2_ws/build/turtlesim -- -j2 -l2
[0.294s] [35m[1mConsolidate compiler generated dependencies of target turtlesim__rosidl_generator_c[0m
[0.320s] [  1%] Built target turtlesim__cpp
[0.340s] [ 11%] Built target turtlesim__rosidl_generator_c
[0.388s] [35m[1mConsolidate compiler generated dependencies of target turtlesim__rosidl_typesupport_cpp[0m
[0.432s] [ 11%] Built target ament_cmake_python_copy_turtlesim
[0.463s] [ 21%] Built target turtlesim__rosidl_typesupport_cpp
[0.472s] [35m[1mConsolidate compiler generated dependencies of target turtlesim__rosidl_typesupport_fastrtps_c[0m
[0.524s] [35m[1mConsolidate compiler generated dependencies of target turtlesim__rosidl_typesupport_fastrtps_cpp[0m
[0.541s] [ 31%] Built target turtlesim__rosidl_typesupport_fastrtps_c
[0.575s] [35m[1mConsolidate compiler generated dependencies of target turtlesim__rosidl_typesupport_introspection_c[0m
[0.588s] [ 41%] Built target turtlesim__rosidl_typesupport_fastrtps_cpp
[0.636s] [35m[1mConsolidate compiler generated dependencies of target turtlesim__rosidl_typesupport_c[0m
[0.658s] [ 51%] Built target turtlesim__rosidl_typesupport_introspection_c
[0.672s] [ 61%] Built target turtlesim__rosidl_typesupport_c
[0.694s] [35m[1mConsolidate compiler generated dependencies of target turtlesim__rosidl_typesupport_introspection_cpp[0m
[0.767s] [ 71%] Built target turtlesim__rosidl_typesupport_introspection_cpp
[0.843s] [35m[1mConsolidate compiler generated dependencies of target turtlesim_node[0m
[0.999s] [ 72%] [32mBuilding CXX object CMakeFiles/turtlesim_node.dir/src/turtle_frame.cpp.o[0m
[1.310s] running egg_info
[1.314s] writing turtlesim.egg-info/PKG-INFO
[1.317s] writing dependency_links to turtlesim.egg-info/dependency_links.txt
[1.320s] writing top-level names to turtlesim.egg-info/top_level.txt
[1.329s] reading manifest file 'turtlesim.egg-info/SOURCES.txt'
[1.333s] writing manifest file 'turtlesim.egg-info/SOURCES.txt'
[1.410s] [ 72%] Built target ament_cmake_python_build_turtlesim_egg
[1.447s] [35m[1mConsolidate compiler generated dependencies of target turtle_teleop_key[0m
[1.503s] [ 74%] Built target turtle_teleop_key
[1.533s] [35m[1mConsolidate compiler generated dependencies of target draw_square[0m
[1.588s] [ 76%] Built target draw_square
[1.620s] [35m[1mConsolidate compiler generated dependencies of target mimic[0m
[1.669s] [ 78%] Built target mimic
[1.722s] [ 78%] Built target turtlesim
[1.788s] [ 79%] Built target turtlesim__py
[1.830s] [35m[1mConsolidate compiler generated dependencies of target turtlesim__rosidl_generator_py[0m
[1.884s] [ 88%] Built target turtlesim__rosidl_generator_py
[1.918s] [35m[1mConsolidate compiler generated dependencies of target turtlesim__rosidl_typesupport_fastrtps_c__pyext[0m
[1.956s] [ 90%] Built target turtlesim__rosidl_typesupport_fastrtps_c__pyext
[1.991s] [35m[1mConsolidate compiler generated dependencies of target turtlesim__rosidl_typesupport_introspection_c__pyext[0m
[2.022s] [ 92%] Built target turtlesim__rosidl_typesupport_introspection_c__pyext
[2.068s] [35m[1mConsolidate compiler generated dependencies of target turtlesim__rosidl_typesupport_c__pyext[0m
[2.098s] [ 94%] Built target turtlesim__rosidl_typesupport_c__pyext
[19.362s] [ 95%] [32m[1mLinking CXX executable turtlesim_node[0m
[22.951s] [100%] Built target turtlesim_node
[22.981s] Invoked command in '/home/jamshid/Desktop/SME-Lab/week-6-assignment-Advanced/ros2_ws/build/turtlesim' returned '0': CMAKE_PREFIX_PATH=${CMAKE_PREFIX_PATH}:/opt/ros/humble /usr/bin/cmake --build /home/jamshid/Desktop/SME-Lab/week-6-assignment-Advanced/ros2_ws/build/turtlesim -- -j2 -l2
[23.551s] Invoking command in '/home/jamshid/Desktop/SME-Lab/week-6-assignment-Advanced/ros2_ws/build/turtlesim': CMAKE_PREFIX_PATH=${CMAKE_PREFIX_PATH}:/opt/ros/humble /usr/bin/cmake --install /home/jamshid/Desktop/SME-Lab/week-6-assignment-Advanced/ros2_ws/build/turtlesim
[23.574s] -- Install configuration: ""
[23.574s] -- Up-to-date: /home/jamshid/Desktop/SME-Lab/week-6-assignment-Advanced/ros2_ws/install/turtlesim/share/ament_index/resource_index/rosidl_interfaces/turtlesim
[23.574s] -- Up-to-date: /home/jamshid/Desktop/SME-Lab/week-6-assignment-Advanced/ros2_ws/install/turtlesim/include/turtlesim/turtlesim
[23.574s] -- Up-to-date: /home/jamshid/Desktop/SME-Lab/week-6-assignment-Advanced/ros2_ws/install/turtlesim/include/turtlesim/turtlesim/action
[23.574s] -- Up-to-date: /home/jamshid/Desktop/SME-Lab/week-6-assignment-Advanced/ros2_ws/install/turtlesim/include/turtlesim/turtlesim/action/detail
[23.574s] -- Up-to-date: /home/jamshid/Desktop/SME-Lab/week-6-assignment-Advanced/ros2_ws/install/turtlesim/include/turtlesim/turtlesim/action/detail/rotate_absolute__type_support.h
[23.574s] -- Up-to-date: /home/jamshid/Desktop/SME-Lab/week-6-assignment-Advanced/ros2_ws/install/turtlesim/include/turtlesim/turtlesim/action/detail/rotate_absolute__functions.c
[23.574s] -- Up-to-date: /home/jamshid/Desktop/SME-Lab/week-6-assignment-Advanced/ros2_ws/install/turtlesim/include/turtlesim/turtlesim/action/detail/rotate_absolute__struct.h
[23.574s] -- Up-to-date: /home/jamshid/Desktop/SME-Lab/week-6-assignment-Advanced/ros2_ws/install/turtlesim/include/turtlesim/turtlesim/action/detail/rotate_absolute__functions.h
[23.575s] -- Up-to-date: /home/jamshid/Desktop/SME-Lab/week-6-assignment-Advanced/ros2_ws/install/turtlesim/include/turtlesim/turtlesim/action/rotate_absolute.h
[23.575s] -- Up-to-date: /home/jamshid/Desktop/SME-Lab/week-6-assignment-Advanced/ros2_ws/install/turtlesim/include/turtlesim/turtlesim/srv
[23.575s] -- Up-to-date: /home/jamshid/Desktop/SME-Lab/week-6-assignment-Advanced/ros2_ws/install/turtlesim/include/turtlesim/turtlesim/srv/set_pen.h
[23.575s] -- Up-to-date: /home/jamshid/Desktop/SME-Lab/week-6-assignment-Advanced/ros2_ws/install/turtlesim/include/turtlesim/turtlesim/srv/kill.h
[23.576s] -- Up-to-date: /home/jamshid/Desktop/SME-Lab/week-6-assignment-Advanced/ros2_ws/install/turtlesim/include/turtlesim/turtlesim/srv/detail
[23.576s] -- Up-to-date: /home/jamshid/Desktop/SME-Lab/week-6-assignment-Advanced/ros2_ws/install/turtlesim/include/turtlesim/turtlesim/srv/detail/teleport_relative__struct.h
[23.576s] -- Up-to-date: /home/jamshid/Desktop/SME-Lab/week-6-assignment-Advanced/ros2_ws/install/turtlesim/include/turtlesim/turtlesim/srv/detail/set_pen__type_support.h
[23.576s] -- Up-to-date: /home/jamshid/Desktop/SME-Lab/week-6-assignment-Advanced/ros2_ws/install/turtlesim/include/turtlesim/turtlesim/srv/detail/spawn__type_support.h
[23.576s] -- Up-to-date: /home/jamshid/Desktop/SME-Lab/week-6-assignment-Advanced/ros2_ws/install/turtlesim/include/turtlesim/turtlesim/srv/detail/teleport_absolute__type_support.h
[23.576s] -- Up-to-date: /home/jamshid/Desktop/SME-Lab/week-6-assignment-Advanced/ros2_ws/install/turtlesim/include/turtlesim/turtlesim/srv/detail/spawn__functions.h
[23.576s] -- Up-to-date: /home/jamshid/Desktop/SME-Lab/week-6-assignment-Advanced/ros2_ws/install/turtlesim/include/turtlesim/turtlesim/srv/detail/teleport_absolute__struct.h
[23.576s] -- Up-to-date: /home/jamshid/Desktop/SME-Lab/week-6-assignment-Advanced/ros2_ws/install/turtlesim/include/turtlesim/turtlesim/srv/detail/spawn__struct.h
[23.576s] -- Up-to-date: /home/jamshid/Desktop/SME-Lab/week-6-assignment-Advanced/ros2_ws/install/turtlesim/include/turtlesim/turtlesim/srv/detail/teleport_absolute__functions.c
[23.576s] -- Up-to-date: /home/jamshid/Desktop/SME-Lab/week-6-assignment-Advanced/ros2_ws/install/turtlesim/include/turtlesim/turtlesim/srv/detail/set_pen__struct.h
[23.576s] -- Up-to-date: /home/jamshid/Desktop/SME-Lab/week-6-assignment-Advanced/ros2_ws/install/turtlesim/include/turtlesim/turtlesim/srv/detail/teleport_relative__functions.c
[23.576s] -- Up-to-date: /home/jamshid/Desktop/SME-Lab/week-6-assignment-Advanced/ros2_ws/install/turtlesim/include/turtlesim/turtlesim/srv/detail/kill__functions.c
[23.576s] -- Up-to-date: /home/jamshid/Desktop/SME-Lab/week-6-assignment-Advanced/ros2_ws/install/turtlesim/include/turtlesim/turtlesim/srv/detail/kill__type_support.h
[23.576s] -- Up-to-date: /home/jamshid/Desktop/SME-Lab/week-6-assignment-Advanced/ros2_ws/install/turtlesim/include/turtlesim/turtlesim/srv/detail/kill__struct.h
[23.577s] -- Up-to-date: /home/jamshid/Desktop/SME-Lab/week-6-assignment-Advanced/ros2_ws/install/turtlesim/include/turtlesim/turtlesim/srv/detail/teleport_relative__type_support.h
[23.577s] -- Up-to-date: /home/jamshid/Desktop/SME-Lab/week-6-assignment-Advanced/ros2_ws/install/turtlesim/include/turtlesim/turtlesim/srv/detail/teleport_absolute__functions.h
[23.577s] -- Up-to-date: /home/jamshid/Desktop/SME-Lab/week-6-assignment-Advanced/ros2_ws/install/turtlesim/include/turtlesim/turtlesim/srv/detail/spawn__functions.c
[23.577s] -- Up-to-date: /home/jamshid/Desktop/SME-Lab/week-6-assignment-Advanced/ros2_ws/install/turtlesim/include/turtlesim/turtlesim/srv/detail/set_pen__functions.c
[23.577s] -- Up-to-date: /home/jamshid/Desktop/SME-Lab/week-6-assignment-Advanced/ros2_ws/install/turtlesim/include/turtlesim/turtlesim/srv/detail/kill__functions.h
[23.577s] -- Up-to-date: /home/jamshid/Desktop/SME-Lab/week-6-assignment-Advanced/ros2_ws/install/turtlesim/include/turtlesim/turtlesim/srv/detail/set_pen__functions.h
[23.577s] -- Up-to-date: /home/jamshid/Desktop/SME-Lab/week-6-assignment-Advanced/ros2_ws/install/turtlesim/include/turtlesim/turtlesim/srv/detail/teleport_relative__functions.h
[23.577s] -- Up-to-date: /home/jamshid/Desktop/SME-Lab/week-6-assignment-Advanced/ros2_ws/install/turtlesim/include/turtlesim/turtlesim/srv/spawn.h
[23.577s] -- Up-to-date: /home/jamshid/Desktop/SME-Lab/week-6-assignment-Advanced/ros2_ws/install/turtlesim/include/turtlesim/turtlesim/srv/teleport_absolute.h
[23.577s] -- Up-to-date: /home/jamshid/Desktop/SME-Lab/week-6-assignment-Advanced/ros2_ws/install/turtlesim/include/turtlesim/turtlesim/srv/teleport_relative.h
[23.577s] -- Up-to-date: /home/jamshid/Desktop/SME-Lab/week-6-assignment-Advanced/ros2_ws/install/turtlesim/include/turtlesim/turtlesim/msg
[23.578s] -- Up-to-date: /home/jamshid/Desktop/SME-Lab/week-6-assignment-Advanced/ros2_ws/install/turtlesim/include/turtlesim/turtlesim/msg/detail
[23.578s] -- Up-to-date: /home/jamshid/Desktop/SME-Lab/week-6-assignment-Advanced/ros2_ws/install/turtlesim/include/turtlesim/turtlesim/msg/detail/color__type_support.h
[23.578s] -- Up-to-date: /home/jamshid/Desktop/SME-Lab/week-6-assignment-Advanced/ros2_ws/install/turtlesim/include/turtlesim/turtlesim/msg/detail/color__functions.h
[23.578s] -- Up-to-date: /home/jamshid/Desktop/SME-Lab/week-6-assignment-Advanced/ros2_ws/install/turtlesim/include/turtlesim/turtlesim/msg/detail/pose__functions.c
[23.578s] -- Up-to-date: /home/jamshid/Desktop/SME-Lab/week-6-assignment-Advanced/ros2_ws/install/turtlesim/include/turtlesim/turtlesim/msg/detail/pose__functions.h
[23.578s] -- Up-to-date: /home/jamshid/Desktop/SME-Lab/week-6-assignment-Advanced/ros2_ws/install/turtlesim/include/turtlesim/turtlesim/msg/detail/color__functions.c
[23.578s] -- Up-to-date: /home/jamshid/Desktop/SME-Lab/week-6-assignment-Advanced/ros2_ws/install/turtlesim/include/turtlesim/turtlesim/msg/detail/pose__type_support.h
[23.578s] -- Up-to-date: /home/jamshid/Desktop/SME-Lab/week-6-assignment-Advanced/ros2_ws/install/turtlesim/include/turtlesim/turtlesim/msg/detail/pose__struct.h
[23.578s] -- Up-to-date: /home/jamshid/Desktop/SME-Lab/week-6-assignment-Advanced/ros2_ws/install/turtlesim/include/turtlesim/turtlesim/msg/detail/color__struct.h
[23.578s] -- Up-to-date: /home/jamshid/Desktop/SME-Lab/week-6-assignment-Advanced/ros2_ws/install/turtlesim/include/turtlesim/turtlesim/msg/color.h
[23.578s] -- Up-to-date: /home/jamshid/Desktop/SME-Lab/week-6-assignment-Advanced/ros2_ws/install/turtlesim/include/turtlesim/turtlesim/msg/rosidl_generator_c__visibility_control.h
[23.578s] -- Up-to-date: /home/jamshid/Desktop/SME-Lab/week-6-assignment-Advanced/ros2_ws/install/turtlesim/include/turtlesim/turtlesim/msg/pose.h
[23.578s] -- Up-to-date: /home/jamshid/Desktop/SME-Lab/week-6-assignment-Advanced/ros2_ws/install/turtlesim/share/turtlesim/environment/library_path.sh
[23.578s] -- Up-to-date: /home/jamshid/Desktop/SME-Lab/week-6-assignment-Advanced/ros2_ws/install/turtlesim/share/turtlesim/environment/library_path.dsv
[23.578s] -- Up-to-date: /home/jamshid/Desktop/SME-Lab/week-6-assignment-Advanced/ros2_ws/install/turtlesim/lib/libturtlesim__rosidl_generator_c.so
[23.578s] -- Up-to-date: /home/jamshid/Desktop/SME-Lab/week-6-assignment-Advanced/ros2_ws/install/turtlesim/include/turtlesim/turtlesim
[23.578s] -- Up-to-date: /home/jamshid/Desktop/SME-Lab/week-6-assignment-Advanced/ros2_ws/install/turtlesim/include/turtlesim/turtlesim/action
[23.579s] -- Up-to-date: /home/jamshid/Desktop/SME-Lab/week-6-assignment-Advanced/ros2_ws/install/turtlesim/include/turtlesim/turtlesim/action/detail
[23.579s] -- Up-to-date: /home/jamshid/Desktop/SME-Lab/week-6-assignment-Advanced/ros2_ws/install/turtlesim/include/turtlesim/turtlesim/action/detail/rotate_absolute__rosidl_typesupport_fastrtps_c.h
[23.579s] -- Up-to-date: /home/jamshid/Desktop/SME-Lab/week-6-assignment-Advanced/ros2_ws/install/turtlesim/include/turtlesim/turtlesim/srv
[23.579s] -- Up-to-date: /home/jamshid/Desktop/SME-Lab/week-6-assignment-Advanced/ros2_ws/install/turtlesim/include/turtlesim/turtlesim/srv/detail
[23.579s] -- Up-to-date: /home/jamshid/Desktop/SME-Lab/week-6-assignment-Advanced/ros2_ws/install/turtlesim/include/turtlesim/turtlesim/srv/detail/set_pen__rosidl_typesupport_fastrtps_c.h
[23.579s] -- Up-to-date: /home/jamshid/Desktop/SME-Lab/week-6-assignment-Advanced/ros2_ws/install/turtlesim/include/turtlesim/turtlesim/srv/detail/spawn__rosidl_typesupport_fastrtps_c.h
[23.579s] -- Up-to-date: /home/jamshid/Desktop/SME-Lab/week-6-assignment-Advanced/ros2_ws/install/turtlesim/include/turtlesim/turtlesim/srv/detail/teleport_relative__rosidl_typesupport_fastrtps_c.h
[23.579s] -- Up-to-date: /home/jamshid/Desktop/SME-Lab/week-6-assignment-Advanced/ros2_ws/install/turtlesim/include/turtlesim/turtlesim/srv/detail/kill__rosidl_typesupport_fastrtps_c.h
[23.579s] -- Up-to-date: /home/jamshid/Desktop/SME-Lab/week-6-assignment-Advanced/ros2_ws/install/turtlesim/include/turtlesim/turtlesim/srv/detail/teleport_absolute__rosidl_typesupport_fastrtps_c.h
[23.579s] -- Up-to-date: /home/jamshid/Desktop/SME-Lab/week-6-assignment-Advanced/ros2_ws/install/turtlesim/include/turtlesim/turtlesim/msg
[23.579s] -- Up-to-date: /home/jamshid/Desktop/SME-Lab/week-6-assignment-Advanced/ros2_ws/install/turtlesim/include/turtlesim/turtlesim/msg/detail
[23.579s] -- Up-to-date: /home/jamshid/Desktop/SME-Lab/week-6-assignment-Advanced/ros2_ws/install/turtlesim/include/turtlesim/turtlesim/msg/detail/pose__rosidl_typesupport_fastrtps_c.h
[23.580s] -- Up-to-date: /home/jamshid/Desktop/SME-Lab/week-6-assignment-Advanced/ros2_ws/install/turtlesim/include/turtlesim/turtlesim/msg/detail/color__rosidl_typesupport_fastrtps_c.h
[23.580s] -- Up-to-date: /home/jamshid/Desktop/SME-Lab/week-6-assignment-Advanced/ros2_ws/install/turtlesim/include/turtlesim/turtlesim/msg/rosidl_typesupport_fastrtps_c__visibility_control.h
[23.580s] -- Up-to-date: /home/jamshid/Desktop/SME-Lab/week-6-assignment-Advanced/ros2_ws/install/turtlesim/lib/libturtlesim__rosidl_typesupport_fastrtps_c.so
[23.580s] -- Up-to-date: /home/jamshid/Desktop/SME-Lab/week-6-assignment-Advanced/ros2_ws/install/turtlesim/include/turtlesim/turtlesim
[23.580s] -- Up-to-date: /home/jamshid/Desktop/SME-Lab/week-6-assignment-Advanced/ros2_ws/install/turtlesim/include/turtlesim/turtlesim/action
[23.580s] -- Up-to-date: /home/jamshid/Desktop/SME-Lab/week-6-assignment-Advanced/ros2_ws/install/turtlesim/include/turtlesim/turtlesim/action/detail
[23.580s] -- Up-to-date: /home/jamshid/Desktop/SME-Lab/week-6-assignment-Advanced/ros2_ws/install/turtlesim/include/turtlesim/turtlesim/action/detail/rotate_absolute__struct.hpp
[23.580s] -- Up-to-date: /home/jamshid/Desktop/SME-Lab/week-6-assignment-Advanced/ros2_ws/install/turtlesim/include/turtlesim/turtlesim/action/detail/rotate_absolute__builder.hpp
[23.580s] -- Up-to-date: /home/jamshid/Desktop/SME-Lab/week-6-assignment-Advanced/ros2_ws/install/turtlesim/include/turtlesim/turtlesim/action/detail/rotate_absolute__traits.hpp
[23.580s] -- Up-to-date: /home/jamshid/Desktop/SME-Lab/week-6-assignment-Advanced/ros2_ws/install/turtlesim/include/turtlesim/turtlesim/action/rotate_absolute.hpp
[23.580s] -- Up-to-date: /home/jamshid/Desktop/SME-Lab/week-6-assignment-Advanced/ros2_ws/install/turtlesim/include/turtlesim/turtlesim/srv
[23.580s] -- Up-to-date: /home/jamshid/Desktop/SME-Lab/week-6-assignment-Advanced/ros2_ws/install/turtlesim/include/turtlesim/turtlesim/srv/detail
[23.580s] -- Up-to-date: /home/jamshid/Desktop/SME-Lab/week-6-assignment-Advanced/ros2_ws/install/turtlesim/include/turtlesim/turtlesim/srv/detail/spawn__struct.hpp
[23.580s] -- Up-to-date: /home/jamshid/Desktop/SME-Lab/week-6-assignment-Advanced/ros2_ws/install/turtlesim/include/turtlesim/turtlesim/srv/detail/teleport_absolute__traits.hpp
[23.580s] -- Up-to-date: /home/jamshid/Desktop/SME-Lab/week-6-assignment-Advanced/ros2_ws/install/turtlesim/include/turtlesim/turtlesim/srv/detail/teleport_absolute__struct.hpp
[23.580s] -- Up-to-date: /home/jamshid/Desktop/SME-Lab/week-6-assignment-Advanced/ros2_ws/install/turtlesim/include/turtlesim/turtlesim/srv/detail/teleport_relative__struct.hpp
[23.580s] -- Up-to-date: /home/jamshid/Desktop/SME-Lab/week-6-assignment-Advanced/ros2_ws/install/turtlesim/include/turtlesim/turtlesim/srv/detail/spawn__builder.hpp
[23.581s] -- Up-to-date: /home/jamshid/Desktop/SME-Lab/week-6-assignment-Advanced/ros2_ws/install/turtlesim/include/turtlesim/turtlesim/srv/detail/set_pen__struct.hpp
[23.581s] -- Up-to-date: /home/jamshid/Desktop/SME-Lab/week-6-assignment-Advanced/ros2_ws/install/turtlesim/include/turtlesim/turtlesim/srv/detail/spawn__traits.hpp
[23.581s] -- Up-to-date: /home/jamshid/Desktop/SME-Lab/week-6-assignment-Advanced/ros2_ws/install/turtlesim/include/turtlesim/turtlesim/srv/detail/teleport_relative__traits.hpp
[23.581s] -- Up-to-date: /home/jamshid/Desktop/SME-Lab/week-6-assignment-Advanced/ros2_ws/install/turtlesim/include/turtlesim/turtlesim/srv/detail/set_pen__traits.hpp
[23.581s] -- Up-to-date: /home/jamshid/Desktop/SME-Lab/week-6-assignment-Advanced/ros2_ws/install/turtlesim/include/turtlesim/turtlesim/srv/detail/teleport_relative__builder.hpp
[23.581s] -- Up-to-date: /home/jamshid/Desktop/SME-Lab/week-6-assignment-Advanced/ros2_ws/install/turtlesim/include/turtlesim/turtlesim/srv/detail/teleport_absolute__builder.hpp
[23.581s] -- Up-to-date: /home/jamshid/Desktop/SME-Lab/week-6-assignment-Advanced/ros2_ws/install/turtlesim/include/turtlesim/turtlesim/srv/detail/kill__struct.hpp
[23.581s] -- Up-to-date: /home/jamshid/Desktop/SME-Lab/week-6-assignment-Advanced/ros2_ws/install/turtlesim/include/turtlesim/turtlesim/srv/detail/kill__traits.hpp
[23.581s] -- Up-to-date: /home/jamshid/Desktop/SME-Lab/week-6-assignment-Advanced/ros2_ws/install/turtlesim/include/turtlesim/turtlesim/srv/detail/set_pen__builder.hpp
[23.581s] -- Up-to-date: /home/jamshid/Desktop/SME-Lab/week-6-assignment-Advanced/ros2_ws/install/turtlesim/include/turtlesim/turtlesim/srv/detail/kill__builder.hpp
[23.581s] -- Up-to-date: /home/jamshid/Desktop/SME-Lab/week-6-assignment-Advanced/ros2_ws/install/turtlesim/include/turtlesim/turtlesim/srv/kill.hpp
[23.581s] -- Up-to-date: /home/jamshid/Desktop/SME-Lab/week-6-assignment-Advanced/ros2_ws/install/turtlesim/include/turtlesim/turtlesim/srv/teleport_absolute.hpp
[23.582s] -- Up-to-date: /home/jamshid/Desktop/SME-Lab/week-6-assignment-Advanced/ros2_ws/install/turtlesim/include/turtlesim/turtlesim/srv/teleport_relative.hpp
[23.582s] -- Up-to-date: /home/jamshid/Desktop/SME-Lab/week-6-assignment-Advanced/ros2_ws/install/turtlesim/include/turtlesim/turtlesim/srv/set_pen.hpp
[23.582s] -- Up-to-date: /home/jamshid/Desktop/SME-Lab/week-6-assignment-Advanced/ros2_ws/install/turtlesim/include/turtlesim/turtlesim/srv/spawn.hpp
[23.582s] -- Up-to-date: /home/jamshid/Desktop/SME-Lab/week-6-assignment-Advanced/ros2_ws/install/turtlesim/include/turtlesim/turtlesim/msg
[23.582s] -- Up-to-date: /home/jamshid/Desktop/SME-Lab/week-6-assignment-Advanced/ros2_ws/install/turtlesim/include/turtlesim/turtlesim/msg/detail
[23.582s] -- Up-to-date: /home/jamshid/Desktop/SME-Lab/week-6-assignment-Advanced/ros2_ws/install/turtlesim/include/turtlesim/turtlesim/msg/detail/pose__builder.hpp
[23.582s] -- Up-to-date: /home/jamshid/Desktop/SME-Lab/week-6-assignment-Advanced/ros2_ws/install/turtlesim/include/turtlesim/turtlesim/msg/detail/color__traits.hpp
[23.582s] -- Up-to-date: /home/jamshid/Desktop/SME-Lab/week-6-assignment-Advanced/ros2_ws/install/turtlesim/include/turtlesim/turtlesim/msg/detail/pose__traits.hpp
[23.582s] -- Up-to-date: /home/jamshid/Desktop/SME-Lab/week-6-assignment-Advanced/ros2_ws/install/turtlesim/include/turtlesim/turtlesim/msg/detail/color__builder.hpp
[23.582s] -- Up-to-date: /home/jamshid/Desktop/SME-Lab/week-6-assignment-Advanced/ros2_ws/install/turtlesim/include/turtlesim/turtlesim/msg/detail/color__struct.hpp
[23.582s] -- Up-to-date: /home/jamshid/Desktop/SME-Lab/week-6-assignment-Advanced/ros2_ws/install/turtlesim/include/turtlesim/turtlesim/msg/detail/pose__struct.hpp
[23.582s] -- Up-to-date: /home/jamshid/Desktop/SME-Lab/week-6-assignment-Advanced/ros2_ws/install/turtlesim/include/turtlesim/turtlesim/msg/pose.hpp
[23.582s] -- Up-to-date: /home/jamshid/Desktop/SME-Lab/week-6-assignment-Advanced/ros2_ws/install/turtlesim/include/turtlesim/turtlesim/msg/color.hpp
[23.582s] -- Up-to-date: /home/jamshid/Desktop/SME-Lab/week-6-assignment-Advanced/ros2_ws/install/turtlesim/include/turtlesim/turtlesim
[23.583s] -- Up-to-date: /home/jamshid/Desktop/SME-Lab/week-6-assignment-Advanced/ros2_ws/install/turtlesim/include/turtlesim/turtlesim/action
[23.583s] -- Up-to-date: /home/jamshid/Desktop/SME-Lab/week-6-assignment-Advanced/ros2_ws/install/turtlesim/include/turtlesim/turtlesim/action/detail
[23.584s] -- Up-to-date: /home/jamshid/Desktop/SME-Lab/week-6-assignment-Advanced/ros2_ws/install/turtlesim/include/turtlesim/turtlesim/action/detail/rotate_absolute__rosidl_typesupport_fastrtps_cpp.hpp
[23.584s] -- Up-to-date: /home/jamshid/Desktop/SME-Lab/week-6-assignment-Advanced/ros2_ws/install/turtlesim/include/turtlesim/turtlesim/action/detail/dds_fastrtps
[23.584s] -- Up-to-date: /home/jamshid/Desktop/SME-Lab/week-6-assignment-Advanced/ros2_ws/install/turtlesim/include/turtlesim/turtlesim/srv
[23.584s] -- Up-to-date: /home/jamshid/Desktop/SME-Lab/week-6-assignment-Advanced/ros2_ws/install/turtlesim/include/turtlesim/turtlesim/srv/detail
[23.585s] -- Up-to-date: /home/jamshid/Desktop/SME-Lab/week-6-assignment-Advanced/ros2_ws/install/turtlesim/include/turtlesim/turtlesim/srv/detail/set_pen__rosidl_typesupport_fastrtps_cpp.hpp
[23.585s] -- Up-to-date: /home/jamshid/Desktop/SME-Lab/week-6-assignment-Advanced/ros2_ws/install/turtlesim/include/turtlesim/turtlesim/srv/detail/kill__rosidl_typesupport_fastrtps_cpp.hpp
[23.585s] -- Up-to-date: /home/jamshid/Desktop/SME-Lab/week-6-assignment-Advanced/ros2_ws/install/turtlesim/include/turtlesim/turtlesim/srv/detail/teleport_relative__rosidl_typesupport_fastrtps_cpp.hpp
[23.586s] -- Up-to-date: /home/jamshid/Desktop/SME-Lab/week-6-assignment-Advanced/ros2_ws/install/turtlesim/include/turtlesim/turtlesim/srv/detail/dds_fastrtps
[23.586s] -- Up-to-date: /home/jamshid/Desktop/SME-Lab/week-6-assignment-Advanced/ros2_ws/install/turtlesim/include/turtlesim/turtlesim/srv/detail/teleport_absolute__rosidl_typesupport_fastrtps_cpp.hpp
[23.586s] -- Up-to-date: /home/jamshid/Desktop/SME-Lab/week-6-assignment-Advanced/ros2_ws/install/turtlesim/include/turtlesim/turtlesim/srv/detail/spawn__rosidl_typesupport_fastrtps_cpp.hpp
[23.586s] -- Up-to-date: /home/jamshid/Desktop/SME-Lab/week-6-assignment-Advanced/ros2_ws/install/turtlesim/include/turtlesim/turtlesim/msg
[23.587s] -- Up-to-date: /home/jamshid/Desktop/SME-Lab/week-6-assignment-Advanced/ros2_ws/install/turtlesim/include/turtlesim/turtlesim/msg/detail
[23.587s] -- Up-to-date: /home/jamshid/Desktop/SME-Lab/week-6-assignment-Advanced/ros2_ws/install/turtlesim/include/turtlesim/turtlesim/msg/detail/pose__rosidl_typesupport_fastrtps_cpp.hpp
[23.587s] -- Up-to-date: /home/jamshid/Desktop/SME-Lab/week-6-assignment-Advanced/ros2_ws/install/turtlesim/include/turtlesim/turtlesim/msg/detail/color__rosidl_typesupport_fastrtps_cpp.hpp
[23.589s] -- Up-to-date: /home/jamshid/Desktop/SME-Lab/week-6-assignment-Advanced/ros2_ws/install/turtlesim/include/turtlesim/turtlesim/msg/detail/dds_fastrtps
[23.589s] -- Up-to-date: /home/jamshid/Desktop/SME-Lab/week-6-assignment-Advanced/ros2_ws/install/turtlesim/include/turtlesim/turtlesim/msg/rosidl_typesupport_fastrtps_cpp__visibility_control.h
[23.589s] -- Up-to-date: /home/jamshid/Desktop/SME-Lab/week-6-assignment-Advanced/ros2_ws/install/turtlesim/lib/libturtlesim__rosidl_typesupport_fastrtps_cpp.so
[23.589s] -- Up-to-date: /home/jamshid/Desktop/SME-Lab/week-6-assignment-Advanced/ros2_ws/install/turtlesim/include/turtlesim/turtlesim
[23.589s] -- Up-to-date: /home/jamshid/Desktop/SME-Lab/week-6-assignment-Advanced/ros2_ws/install/turtlesim/include/turtlesim/turtlesim/action
[23.589s] -- Up-to-date: /home/jamshid/Desktop/SME-Lab/week-6-assignment-Advanced/ros2_ws/install/turtlesim/include/turtlesim/turtlesim/action/detail
[23.589s] -- Up-to-date: /home/jamshid/Desktop/SME-Lab/week-6-assignment-Advanced/ros2_ws/install/turtlesim/include/turtlesim/turtlesim/action/detail/rotate_absolute__rosidl_typesupport_introspection_c.h
[23.589s] -- Up-to-date: /home/jamshid/Desktop/SME-Lab/week-6-assignment-Advanced/ros2_ws/install/turtlesim/include/turtlesim/turtlesim/action/detail/rotate_absolute__type_support.c
[23.589s] -- Up-to-date: /home/jamshid/Desktop/SME-Lab/week-6-assignment-Advanced/ros2_ws/install/turtlesim/include/turtlesim/turtlesim/srv
[23.589s] -- Up-to-date: /home/jamshid/Desktop/SME-Lab/week-6-assignment-Advanced/ros2_ws/install/turtlesim/include/turtlesim/turtlesim/srv/detail
[23.589s] -- Up-to-date: /home/jamshid/Desktop/SME-Lab/week-6-assignment-Advanced/ros2_ws/install/turtlesim/include/turtlesim/turtlesim/srv/detail/kill__rosidl_typesupport_introspection_c.h
[23.589s] -- Up-to-date: /home/jamshid/Desktop/SME-Lab/week-6-assignment-Advanced/ros2_ws/install/turtlesim/include/turtlesim/turtlesim/srv/detail/set_pen__rosidl_typesupport_introspection_c.h
[23.589s] -- Up-to-date: /home/jamshid/Desktop/SME-Lab/week-6-assignment-Advanced/ros2_ws/install/turtlesim/include/turtlesim/turtlesim/srv/detail/teleport_relative__rosidl_typesupport_introspection_c.h
[23.589s] -- Up-to-date: /home/jamshid/Desktop/SME-Lab/week-6-assignment-Advanced/ros2_ws/install/turtlesim/include/turtlesim/turtlesim/srv/detail/teleport_absolute__rosidl_typesupport_introspection_c.h
[23.589s] -- Up-to-date: /home/jamshid/Desktop/SME-Lab/week-6-assignment-Advanced/ros2_ws/install/turtlesim/include/turtlesim/turtlesim/srv/detail/spawn__type_support.c
[23.589s] -- Up-to-date: /home/jamshid/Desktop/SME-Lab/week-6-assignment-Advanced/ros2_ws/install/turtlesim/include/turtlesim/turtlesim/srv/detail/spawn__rosidl_typesupport_introspection_c.h
[23.589s] -- Up-to-date: /home/jamshid/Desktop/SME-Lab/week-6-assignment-Advanced/ros2_ws/install/turtlesim/include/turtlesim/turtlesim/srv/detail/kill__type_support.c
[23.590s] -- Up-to-date: /home/jamshid/Desktop/SME-Lab/week-6-assignment-Advanced/ros2_ws/install/turtlesim/include/turtlesim/turtlesim/srv/detail/teleport_absolute__type_support.c
[23.590s] -- Up-to-date: /home/jamshid/Desktop/SME-Lab/week-6-assignment-Advanced/ros2_ws/install/turtlesim/include/turtlesim/turtlesim/srv/detail/set_pen__type_support.c
[23.590s] -- Up-to-date: /home/jamshid/Desktop/SME-Lab/week-6-assignment-Advanced/ros2_ws/install/turtlesim/include/turtlesim/turtlesim/srv/detail/teleport_relative__type_support.c
[23.590s] -- Up-to-date: /home/jamshid/Desktop/SME-Lab/week-6-assignment-Advanced/ros2_ws/install/turtlesim/include/turtlesim/turtlesim/msg
[23.590s] -- Up-to-date: /home/jamshid/Desktop/SME-Lab/week-6-assignment-Advanced/ros2_ws/install/turtlesim/include/turtlesim/turtlesim/msg/detail
[23.590s] -- Up-to-date: /home/jamshid/Desktop/SME-Lab/week-6-assignment-Advanced/ros2_ws/install/turtlesim/include/turtlesim/turtlesim/msg/detail/color__type_support.c
[23.590s] -- Up-to-date: /home/jamshid/Desktop/SME-Lab/week-6-assignment-Advanced/ros2_ws/install/turtlesim/include/turtlesim/turtlesim/msg/detail/pose__type_support.c
[23.590s] -- Up-to-date: /home/jamshid/Desktop/SME-Lab/week-6-assignment-Advanced/ros2_ws/install/turtlesim/include/turtlesim/turtlesim/msg/detail/color__rosidl_typesupport_introspection_c.h
[23.590s] -- Up-to-date: /home/jamshid/Desktop/SME-Lab/week-6-assignment-Advanced/ros2_ws/install/turtlesim/include/turtlesim/turtlesim/msg/detail/pose__rosidl_typesupport_introspection_c.h
[23.590s] -- Up-to-date: /home/jamshid/Desktop/SME-Lab/week-6-assignment-Advanced/ros2_ws/install/turtlesim/include/turtlesim/turtlesim/msg/rosidl_typesupport_introspection_c__visibility_control.h
[23.590s] -- Up-to-date: /home/jamshid/Desktop/SME-Lab/week-6-assignment-Advanced/ros2_ws/install/turtlesim/lib/libturtlesim__rosidl_typesupport_introspection_c.so
[23.590s] -- Up-to-date: /home/jamshid/Desktop/SME-Lab/week-6-assignment-Advanced/ros2_ws/install/turtlesim/lib/libturtlesim__rosidl_typesupport_c.so
[23.590s] -- Up-to-date: /home/jamshid/Desktop/SME-Lab/week-6-assignment-Advanced/ros2_ws/install/turtlesim/include/turtlesim/turtlesim
[23.590s] -- Up-to-date: /home/jamshid/Desktop/SME-Lab/week-6-assignment-Advanced/ros2_ws/install/turtlesim/include/turtlesim/turtlesim/action
[23.590s] -- Up-to-date: /home/jamshid/Desktop/SME-Lab/week-6-assignment-Advanced/ros2_ws/install/turtlesim/include/turtlesim/turtlesim/action/detail
[23.590s] -- Up-to-date: /home/jamshid/Desktop/SME-Lab/week-6-assignment-Advanced/ros2_ws/install/turtlesim/include/turtlesim/turtlesim/action/detail/rotate_absolute__rosidl_typesupport_introspection_cpp.hpp
[23.591s] -- Up-to-date: /home/jamshid/Desktop/SME-Lab/week-6-assignment-Advanced/ros2_ws/install/turtlesim/include/turtlesim/turtlesim/action/detail/rotate_absolute__type_support.cpp
[23.591s] -- Up-to-date: /home/jamshid/Desktop/SME-Lab/week-6-assignment-Advanced/ros2_ws/install/turtlesim/include/turtlesim/turtlesim/srv
[23.591s] -- Up-to-date: /home/jamshid/Desktop/SME-Lab/week-6-assignment-Advanced/ros2_ws/install/turtlesim/include/turtlesim/turtlesim/srv/detail
[23.591s] -- Up-to-date: /home/jamshid/Desktop/SME-Lab/week-6-assignment-Advanced/ros2_ws/install/turtlesim/include/turtlesim/turtlesim/srv/detail/kill__type_support.cpp
[23.591s] -- Up-to-date: /home/jamshid/Desktop/SME-Lab/week-6-assignment-Advanced/ros2_ws/install/turtlesim/include/turtlesim/turtlesim/srv/detail/spawn__rosidl_typesupport_introspection_cpp.hpp
[23.591s] -- Up-to-date: /home/jamshid/Desktop/SME-Lab/week-6-assignment-Advanced/ros2_ws/install/turtlesim/include/turtlesim/turtlesim/srv/detail/teleport_relative__type_support.cpp
[23.591s] -- Up-to-date: /home/jamshid/Desktop/SME-Lab/week-6-assignment-Advanced/ros2_ws/install/turtlesim/include/turtlesim/turtlesim/srv/detail/spawn__type_support.cpp
[23.591s] -- Up-to-date: /home/jamshid/Desktop/SME-Lab/week-6-assignment-Advanced/ros2_ws/install/turtlesim/include/turtlesim/turtlesim/srv/detail/kill__rosidl_typesupport_introspection_cpp.hpp
[23.591s] -- Up-to-date: /home/jamshid/Desktop/SME-Lab/week-6-assignment-Advanced/ros2_ws/install/turtlesim/include/turtlesim/turtlesim/srv/detail/teleport_absolute__rosidl_typesupport_introspection_cpp.hpp
[23.591s] -- Up-to-date: /home/jamshid/Desktop/SME-Lab/week-6-assignment-Advanced/ros2_ws/install/turtlesim/include/turtlesim/turtlesim/srv/detail/teleport_relative__rosidl_typesupport_introspection_cpp.hpp
[23.591s] -- Up-to-date: /home/jamshid/Desktop/SME-Lab/week-6-assignment-Advanced/ros2_ws/install/turtlesim/include/turtlesim/turtlesim/srv/detail/teleport_absolute__type_support.cpp
[23.591s] -- Up-to-date: /home/jamshid/Desktop/SME-Lab/week-6-assignment-Advanced/ros2_ws/install/turtlesim/include/turtlesim/turtlesim/srv/detail/set_pen__type_support.cpp
[23.591s] -- Up-to-date: /home/jamshid/Desktop/SME-Lab/week-6-assignment-Advanced/ros2_ws/install/turtlesim/include/turtlesim/turtlesim/srv/detail/set_pen__rosidl_typesupport_introspection_cpp.hpp
[23.591s] -- Up-to-date: /home/jamshid/Desktop/SME-Lab/week-6-assignment-Advanced/ros2_ws/install/turtlesim/include/turtlesim/turtlesim/msg
[23.592s] -- Up-to-date: /home/jamshid/Desktop/SME-Lab/week-6-assignment-Advanced/ros2_ws/install/turtlesim/include/turtlesim/turtlesim/msg/detail
[23.592s] -- Up-to-date: /home/jamshid/Desktop/SME-Lab/week-6-assignment-Advanced/ros2_ws/install/turtlesim/include/turtlesim/turtlesim/msg/detail/pose__type_support.cpp
[23.592s] -- Up-to-date: /home/jamshid/Desktop/SME-Lab/week-6-assignment-Advanced/ros2_ws/install/turtlesim/include/turtlesim/turtlesim/msg/detail/color__type_support.cpp
[23.592s] -- Up-to-date: /home/jamshid/Desktop/SME-Lab/week-6-assignment-Advanced/ros2_ws/install/turtlesim/include/turtlesim/turtlesim/msg/detail/pose__rosidl_typesupport_introspection_cpp.hpp
[23.592s] -- Up-to-date: /home/jamshid/Desktop/SME-Lab/week-6-assignment-Advanced/ros2_ws/install/turtlesim/include/turtlesim/turtlesim/msg/detail/color__rosidl_typesupport_introspection_cpp.hpp
[23.592s] -- Up-to-date: /home/jamshid/Desktop/SME-Lab/week-6-assignment-Advanced/ros2_ws/install/turtlesim/lib/libturtlesim__rosidl_typesupport_introspection_cpp.so
[23.592s] -- Up-to-date: /home/jamshid/Desktop/SME-Lab/week-6-assignment-Advanced/ros2_ws/install/turtlesim/lib/libturtlesim__rosidl_typesupport_cpp.so
[23.592s] -- Up-to-date: /home/jamshid/Desktop/SME-Lab/week-6-assignment-Advanced/ros2_ws/install/turtlesim/share/turtlesim/environment/pythonpath.sh
[23.592s] -- Up-to-date: /home/jamshid/Desktop/SME-Lab/week-6-assignment-Advanced/ros2_ws/install/turtlesim/share/turtlesim/environment/pythonpath.dsv
[23.592s] -- Up-to-date: /home/jamshid/Desktop/SME-Lab/week-6-assignment-Advanced/ros2_ws/install/turtlesim/local/lib/python3.10/dist-packages/turtlesim-1.4.2-py3.10.egg-info
[23.592s] -- Installing: /home/jamshid/Desktop/SME-Lab/week-6-assignment-Advanced/ros2_ws/install/turtlesim/local/lib/python3.10/dist-packages/turtlesim-1.4.2-py3.10.egg-info/PKG-INFO
[23.592s] -- Installing: /home/jamshid/Desktop/SME-Lab/week-6-assignment-Advanced/ros2_ws/install/turtlesim/local/lib/python3.10/dist-packages/turtlesim-1.4.2-py3.10.egg-info/top_level.txt
[23.592s] -- Installing: /home/jamshid/Desktop/SME-Lab/week-6-assignment-Advanced/ros2_ws/install/turtlesim/local/lib/python3.10/dist-packages/turtlesim-1.4.2-py3.10.egg-info/dependency_links.txt
[23.592s] -- Installing: /home/jamshid/Desktop/SME-Lab/week-6-assignment-Advanced/ros2_ws/install/turtlesim/local/lib/python3.10/dist-packages/turtlesim-1.4.2-py3.10.egg-info/SOURCES.txt
[23.592s] -- Up-to-date: /home/jamshid/Desktop/SME-Lab/week-6-assignment-Advanced/ros2_ws/install/turtlesim/local/lib/python3.10/dist-packages/turtlesim
[23.592s] -- Up-to-date: /home/jamshid/Desktop/SME-Lab/week-6-assignment-Advanced/ros2_ws/install/turtlesim/local/lib/python3.10/dist-packages/turtlesim/turtlesim_s__rosidl_typesupport_c.cpython-310-x86_64-linux-gnu.so
[23.592s] -- Up-to-date: /home/jamshid/Desktop/SME-Lab/week-6-assignment-Advanced/ros2_ws/install/turtlesim/local/lib/python3.10/dist-packages/turtlesim/action
[23.593s] -- Up-to-date: /home/jamshid/Desktop/SME-Lab/week-6-assignment-Advanced/ros2_ws/install/turtlesim/local/lib/python3.10/dist-packages/turtlesim/action/_rotate_absolute_s.c
[23.593s] -- Up-to-date: /home/jamshid/Desktop/SME-Lab/week-6-assignment-Advanced/ros2_ws/install/turtlesim/local/lib/python3.10/dist-packages/turtlesim/action/_rotate_absolute.py
[23.593s] -- Up-to-date: /home/jamshid/Desktop/SME-Lab/week-6-assignment-Advanced/ros2_ws/install/turtlesim/local/lib/python3.10/dist-packages/turtlesim/action/__init__.py
[23.593s] -- Up-to-date: /home/jamshid/Desktop/SME-Lab/week-6-assignment-Advanced/ros2_ws/install/turtlesim/local/lib/python3.10/dist-packages/turtlesim/srv
[23.593s] -- Up-to-date: /home/jamshid/Desktop/SME-Lab/week-6-assignment-Advanced/ros2_ws/install/turtlesim/local/lib/python3.10/dist-packages/turtlesim/srv/_teleport_absolute_s.c
[23.593s] -- Up-to-date: /home/jamshid/Desktop/SME-Lab/week-6-assignment-Advanced/ros2_ws/install/turtlesim/local/lib/python3.10/dist-packages/turtlesim/srv/_teleport_absolute.py
[23.593s] -- Up-to-date: /home/jamshid/Desktop/SME-Lab/week-6-assignment-Advanced/ros2_ws/install/turtlesim/local/lib/python3.10/dist-packages/turtlesim/srv/_spawn_s.c
[23.593s] -- Up-to-date: /home/jamshid/Desktop/SME-Lab/week-6-assignment-Advanced/ros2_ws/install/turtlesim/local/lib/python3.10/dist-packages/turtlesim/srv/_spawn.py
[23.593s] -- Up-to-date: /home/jamshid/Desktop/SME-Lab/week-6-assignment-Advanced/ros2_ws/install/turtlesim/local/lib/python3.10/dist-packages/turtlesim/srv/_kill.py
[23.593s] -- Up-to-date: /home/jamshid/Desktop/SME-Lab/week-6-assignment-Advanced/ros2_ws/install/turtlesim/local/lib/python3.10/dist-packages/turtlesim/srv/_teleport_relative.py
[23.593s] -- Up-to-date: /home/jamshid/Desktop/SME-Lab/week-6-assignment-Advanced/ros2_ws/install/turtlesim/local/lib/python3.10/dist-packages/turtlesim/srv/_set_pen.py
[23.593s] -- Up-to-date: /home/jamshid/Desktop/SME-Lab/week-6-assignment-Advanced/ros2_ws/install/turtlesim/local/lib/python3.10/dist-packages/turtlesim/srv/__init__.py
[23.593s] -- Up-to-date: /home/jamshid/Desktop/SME-Lab/week-6-assignment-Advanced/ros2_ws/install/turtlesim/local/lib/python3.10/dist-packages/turtlesim/srv/_teleport_relative_s.c
[23.593s] -- Up-to-date: /home/jamshid/Desktop/SME-Lab/week-6-assignment-Advanced/ros2_ws/install/turtlesim/local/lib/python3.10/dist-packages/turtlesim/srv/_kill_s.c
[23.593s] -- Up-to-date: /home/jamshid/Desktop/SME-Lab/week-6-assignment-Advanced/ros2_ws/install/turtlesim/local/lib/python3.10/dist-packages/turtlesim/srv/_set_pen_s.c
[23.593s] -- Up-to-date: /home/jamshid/Desktop/SME-Lab/week-6-assignment-Advanced/ros2_ws/install/turtlesim/local/lib/python3.10/dist-packages/turtlesim/_turtlesim_s.ep.rosidl_typesupport_c.c
[23.593s] -- Up-to-date: /home/jamshid/Desktop/SME-Lab/week-6-assignment-Advanced/ros2_ws/install/turtlesim/local/lib/python3.10/dist-packages/turtlesim/turtlesim_s__rosidl_typesupport_introspection_c.cpython-310-x86_64-linux-gnu.so
[23.594s] -- Up-to-date: /home/jamshid/Desktop/SME-Lab/week-6-assignment-Advanced/ros2_ws/install/turtlesim/local/lib/python3.10/dist-packages/turtlesim/turtlesim_s__rosidl_typesupport_fastrtps_c.cpython-310-x86_64-linux-gnu.so
[23.594s] -- Up-to-date: /home/jamshid/Desktop/SME-Lab/week-6-assignment-Advanced/ros2_ws/install/turtlesim/local/lib/python3.10/dist-packages/turtlesim/__init__.py
[23.594s] -- Up-to-date: /home/jamshid/Desktop/SME-Lab/week-6-assignment-Advanced/ros2_ws/install/turtlesim/local/lib/python3.10/dist-packages/turtlesim/_turtlesim_s.ep.rosidl_typesupport_fastrtps_c.c
[23.594s] -- Up-to-date: /home/jamshid/Desktop/SME-Lab/week-6-assignment-Advanced/ros2_ws/install/turtlesim/local/lib/python3.10/dist-packages/turtlesim/_turtlesim_s.ep.rosidl_typesupport_introspection_c.c
[23.594s] -- Up-to-date: /home/jamshid/Desktop/SME-Lab/week-6-assignment-Advanced/ros2_ws/install/turtlesim/local/lib/python3.10/dist-packages/turtlesim/msg
[23.594s] -- Up-to-date: /home/jamshid/Desktop/SME-Lab/week-6-assignment-Advanced/ros2_ws/install/turtlesim/local/lib/python3.10/dist-packages/turtlesim/msg/_pose_s.c
[23.594s] -- Up-to-date: /home/jamshid/Desktop/SME-Lab/week-6-assignment-Advanced/ros2_ws/install/turtlesim/local/lib/python3.10/dist-packages/turtlesim/msg/_color_s.c
[23.594s] -- Up-to-date: /home/jamshid/Desktop/SME-Lab/week-6-assignment-Advanced/ros2_ws/install/turtlesim/local/lib/python3.10/dist-packages/turtlesim/msg/__init__.py
[23.594s] -- Up-to-date: /home/jamshid/Desktop/SME-Lab/week-6-assignment-Advanced/ros2_ws/install/turtlesim/local/lib/python3.10/dist-packages/turtlesim/msg/_color.py
[23.594s] -- Up-to-date: /home/jamshid/Desktop/SME-Lab/week-6-assignment-Advanced/ros2_ws/install/turtlesim/local/lib/python3.10/dist-packages/turtlesim/msg/_pose.py
[23.594s] -- Up-to-date: /home/jamshid/Desktop/SME-Lab/week-6-assignment-Advanced/ros2_ws/install/turtlesim/local/lib/python3.10/dist-packages/turtlesim/libturtlesim__rosidl_generator_py.so
[23.634s] Listing '/home/jamshid/Desktop/SME-Lab/week-6-assignment-Advanced/ros2_ws/install/turtlesim/local/lib/python3.10/dist-packages/turtlesim'...
[23.634s] Listing '/home/jamshid/Desktop/SME-Lab/week-6-assignment-Advanced/ros2_ws/install/turtlesim/local/lib/python3.10/dist-packages/turtlesim/action'...
[23.634s] Listing '/home/jamshid/Desktop/SME-Lab/week-6-assignment-Advanced/ros2_ws/install/turtlesim/local/lib/python3.10/dist-packages/turtlesim/msg'...
[23.635s] Listing '/home/jamshid/Desktop/SME-Lab/week-6-assignment-Advanced/ros2_ws/install/turtlesim/local/lib/python3.10/dist-packages/turtlesim/srv'...
[23.640s] -- Up-to-date: /home/jamshid/Desktop/SME-Lab/week-6-assignment-Advanced/ros2_ws/install/turtlesim/local/lib/python3.10/dist-packages/turtlesim/turtlesim_s__rosidl_typesupport_fastrtps_c.cpython-310-x86_64-linux-gnu.so
[23.641s] -- Up-to-date: /home/jamshid/Desktop/SME-Lab/week-6-assignment-Advanced/ros2_ws/install/turtlesim/local/lib/python3.10/dist-packages/turtlesim/turtlesim_s__rosidl_typesupport_introspection_c.cpython-310-x86_64-linux-gnu.so
[23.641s] -- Up-to-date: /home/jamshid/Desktop/SME-Lab/week-6-assignment-Advanced/ros2_ws/install/turtlesim/local/lib/python3.10/dist-packages/turtlesim/turtlesim_s__rosidl_typesupport_c.cpython-310-x86_64-linux-gnu.so
[23.642s] -- Up-to-date: /home/jamshid/Desktop/SME-Lab/week-6-assignment-Advanced/ros2_ws/install/turtlesim/lib/libturtlesim__rosidl_generator_py.so
[23.642s] -- Up-to-date: /home/jamshid/Desktop/SME-Lab/week-6-assignment-Advanced/ros2_ws/install/turtlesim/share/turtlesim/action/RotateAbsolute.idl
[23.644s] -- Up-to-date: /home/jamshid/Desktop/SME-Lab/week-6-assignment-Advanced/ros2_ws/install/turtlesim/share/turtlesim/msg/Color.idl
[23.644s] -- Up-to-date: /home/jamshid/Desktop/SME-Lab/week-6-assignment-Advanced/ros2_ws/install/turtlesim/share/turtlesim/msg/Pose.idl
[23.644s] -- Up-to-date: /home/jamshid/Desktop/SME-Lab/week-6-assignment-Advanced/ros2_ws/install/turtlesim/share/turtlesim/srv/Kill.idl
[23.644s] -- Up-to-date: /home/jamshid/Desktop/SME-Lab/week-6-assignment-Advanced/ros2_ws/install/turtlesim/share/turtlesim/srv/SetPen.idl
[23.644s] -- Up-to-date: /home/jamshid/Desktop/SME-Lab/week-6-assignment-Advanced/ros2_ws/install/turtlesim/share/turtlesim/srv/Spawn.idl
[23.644s] -- Up-to-date: /home/jamshid/Desktop/SME-Lab/week-6-assignment-Advanced/ros2_ws/install/turtlesim/share/turtlesim/srv/TeleportAbsolute.idl
[23.644s] -- Up-to-date: /home/jamshid/Desktop/SME-Lab/week-6-assignment-Advanced/ros2_ws/install/turtlesim/share/turtlesim/srv/TeleportRelative.idl
[23.644s] -- Up-to-date: /home/jamshid/Desktop/SME-Lab/week-6-assignment-Advanced/ros2_ws/install/turtlesim/share/turtlesim/action/RotateAbsolute.action
[23.644s] -- Up-to-date: /home/jamshid/Desktop/SME-Lab/week-6-assignment-Advanced/ros2_ws/install/turtlesim/share/turtlesim/msg/Color.msg
[23.644s] -- Up-to-date: /home/jamshid/Desktop/SME-Lab/week-6-assignment-Advanced/ros2_ws/install/turtlesim/share/turtlesim/msg/Pose.msg
[23.644s] -- Up-to-date: /home/jamshid/Desktop/SME-Lab/week-6-assignment-Advanced/ros2_ws/install/turtlesim/share/turtlesim/srv/Kill.srv
[23.645s] -- Up-to-date: /home/jamshid/Desktop/SME-Lab/week-6-assignment-Advanced/ros2_ws/install/turtlesim/share/turtlesim/srv/Kill_Request.msg
[23.645s] -- Up-to-date: /home/jamshid/Desktop/SME-Lab/week-6-assignment-Advanced/ros2_ws/install/turtlesim/share/turtlesim/srv/Kill_Response.msg
[23.645s] -- Up-to-date: /home/jamshid/Desktop/SME-Lab/week-6-assignment-Advanced/ros2_ws/install/turtlesim/share/turtlesim/srv/SetPen.srv
[23.645s] -- Up-to-date: /home/jamshid/Desktop/SME-Lab/week-6-assignment-Advanced/ros2_ws/install/turtlesim/share/turtlesim/srv/SetPen_Request.msg
[23.645s] -- Up-to-date: /home/jamshid/Desktop/SME-Lab/week-6-assignment-Advanced/ros2_ws/install/turtlesim/share/turtlesim/srv/SetPen_Response.msg
[23.645s] -- Up-to-date: /home/jamshid/Desktop/SME-Lab/week-6-assignment-Advanced/ros2_ws/install/turtlesim/share/turtlesim/srv/Spawn.srv
[23.645s] -- Up-to-date: /home/jamshid/Desktop/SME-Lab/week-6-assignment-Advanced/ros2_ws/install/turtlesim/share/turtlesim/srv/Spawn_Request.msg
[23.646s] -- Up-to-date: /home/jamshid/Desktop/SME-Lab/week-6-assignment-Advanced/ros2_ws/install/turtlesim/share/turtlesim/srv/Spawn_Response.msg
[23.646s] -- Up-to-date: /home/jamshid/Desktop/SME-Lab/week-6-assignment-Advanced/ros2_ws/install/turtlesim/share/turtlesim/srv/TeleportAbsolute.srv
[23.646s] -- Up-to-date: /home/jamshid/Desktop/SME-Lab/week-6-assignment-Advanced/ros2_ws/install/turtlesim/share/turtlesim/srv/TeleportAbsolute_Request.msg
[23.646s] -- Up-to-date: /home/jamshid/Desktop/SME-Lab/week-6-assignment-Advanced/ros2_ws/install/turtlesim/share/turtlesim/srv/TeleportAbsolute_Response.msg
[23.646s] -- Up-to-date: /home/jamshid/Desktop/SME-Lab/week-6-assignment-Advanced/ros2_ws/install/turtlesim/share/turtlesim/srv/TeleportRelative.srv
[23.646s] -- Up-to-date: /home/jamshid/Desktop/SME-Lab/week-6-assignment-Advanced/ros2_ws/install/turtlesim/share/turtlesim/srv/TeleportRelative_Request.msg
[23.646s] -- Up-to-date: /home/jamshid/Desktop/SME-Lab/week-6-assignment-Advanced/ros2_ws/install/turtlesim/share/turtlesim/srv/TeleportRelative_Response.msg
[23.646s] -- Installing: /home/jamshid/Desktop/SME-Lab/week-6-assignment-Advanced/ros2_ws/install/turtlesim/lib/turtlesim/turtlesim_node
[23.664s] -- Set runtime path of "/home/jamshid/Desktop/SME-Lab/week-6-assignment-Advanced/ros2_ws/install/turtlesim/lib/turtlesim/turtlesim_node" to ""
[23.665s] -- Up-to-date: /home/jamshid/Desktop/SME-Lab/week-6-assignment-Advanced/ros2_ws/install/turtlesim/lib/turtlesim/turtle_teleop_key
[23.665s] -- Up-to-date: /home/jamshid/Desktop/SME-Lab/week-6-assignment-Advanced/ros2_ws/install/turtlesim/lib/turtlesim/draw_square
[23.666s] -- Up-to-date: /home/jamshid/Desktop/SME-Lab/week-6-assignment-Advanced/ros2_ws/install/turtlesim/lib/turtlesim/mimic
[23.666s] -- Up-to-date: /home/jamshid/Desktop/SME-Lab/week-6-assignment-Advanced/ros2_ws/install/turtlesim/share/turtlesim/images
[23.666s] -- Up-to-date: /home/jamshid/Desktop/SME-Lab/week-6-assignment-Advanced/ros2_ws/install/turtlesim/share/turtlesim/images/eloquent.png
[23.667s] -- Up-to-date: /home/jamshid/Desktop/SME-Lab/week-6-assignment-Advanced/ros2_ws/install/turtlesim/share/turtlesim/images/dashing.png
[23.667s] -- Up-to-date: /home/jamshid/Desktop/SME-Lab/week-6-assignment-Advanced/ros2_ws/install/turtlesim/share/turtlesim/images/bouncy.png
[23.667s] -- Up-to-date: /home/jamshid/Desktop/SME-Lab/week-6-assignment-Advanced/ros2_ws/install/turtlesim/share/turtlesim/images/galactic.png
[23.667s] -- Up-to-date: /home/jamshid/Desktop/SME-Lab/week-6-assignment-Advanced/ros2_ws/install/turtlesim/share/turtlesim/images/rolling.png
[23.667s] -- Up-to-date: /home/jamshid/Desktop/SME-Lab/week-6-assignment-Advanced/ros2_ws/install/turtlesim/share/turtlesim/images/humble.png
[23.667s] -- Up-to-date: /home/jamshid/Desktop/SME-Lab/week-6-assignment-Advanced/ros2_ws/install/turtlesim/share/turtlesim/images/crystal.png
[23.668s] -- Up-to-date: /home/jamshid/Desktop/SME-Lab/week-6-assignment-Advanced/ros2_ws/install/turtlesim/share/turtlesim/images/foxy.png
[23.668s] -- Up-to-date: /home/jamshid/Desktop/SME-Lab/week-6-assignment-Advanced/ros2_ws/install/turtlesim/share/turtlesim/images/ardent.png
[23.668s] -- Up-to-date: /home/jamshid/Desktop/SME-Lab/week-6-assignment-Advanced/ros2_ws/install/turtlesim/share/turtlesim/launch
[23.668s] -- Up-to-date: /home/jamshid/Desktop/SME-Lab/week-6-assignment-Advanced/ros2_ws/install/turtlesim/share/turtlesim/launch/multisim.launch.py
[23.668s] -- Up-to-date: /home/jamshid/Desktop/SME-Lab/week-6-assignment-Advanced/ros2_ws/install/turtlesim/share/ament_index/resource_index/package_run_dependencies/turtlesim
[23.669s] -- Up-to-date: /home/jamshid/Desktop/SME-Lab/week-6-assignment-Advanced/ros2_ws/install/turtlesim/share/ament_index/resource_index/parent_prefix_path/turtlesim
[23.669s] -- Up-to-date: /home/jamshid/Desktop/SME-Lab/week-6-assignment-Advanced/ros2_ws/install/turtlesim/share/turtlesim/environment/ament_prefix_path.sh
[23.669s] -- Up-to-date: /home/jamshid/Desktop/SME-Lab/week-6-assignment-Advanced/ros2_ws/install/turtlesim/share/turtlesim/environment/ament_prefix_path.dsv
[23.669s] -- Up-to-date: /home/jamshid/Desktop/SME-Lab/week-6-assignment-Advanced/ros2_ws/install/turtlesim/share/turtlesim/environment/path.sh
[23.670s] -- Up-to-date: /home/jamshid/Desktop/SME-Lab/week-6-assignment-Advanced/ros2_ws/install/turtlesim/share/turtlesim/environment/path.dsv
[23.670s] -- Up-to-date: /home/jamshid/Desktop/SME-Lab/week-6-assignment-Advanced/ros2_ws/install/turtlesim/share/turtlesim/local_setup.bash
[23.670s] -- Up-to-date: /home/jamshid/Desktop/SME-Lab/week-6-assignment-Advanced/ros2_ws/install/turtlesim/share/turtlesim/local_setup.sh
[23.670s] -- Up-to-date: /home/jamshid/Desktop/SME-Lab/week-6-assignment-Advanced/ros2_ws/install/turtlesim/share/turtlesim/local_setup.zsh
[23.671s] -- Up-to-date: /home/jamshid/Desktop/SME-Lab/week-6-assignment-Advanced/ros2_ws/install/turtlesim/share/turtlesim/local_setup.dsv
[23.671s] -- Installing: /home/jamshid/Desktop/SME-Lab/week-6-assignment-Advanced/ros2_ws/install/turtlesim/share/turtlesim/package.dsv
[23.672s] -- Up-to-date: /home/jamshid/Desktop/SME-Lab/week-6-assignment-Advanced/ros2_ws/install/turtlesim/share/ament_index/resource_index/packages/turtlesim
[23.672s] -- Up-to-date: /home/jamshid/Desktop/SME-Lab/week-6-assignment-Advanced/ros2_ws/install/turtlesim/share/turtlesim/cmake/export_turtlesim__rosidl_generator_cExport.cmake
[23.673s] -- Up-to-date: /home/jamshid/Desktop/SME-Lab/week-6-assignment-Advanced/ros2_ws/install/turtlesim/share/turtlesim/cmake/export_turtlesim__rosidl_generator_cExport-noconfig.cmake
[23.673s] -- Up-to-date: /home/jamshid/Desktop/SME-Lab/week-6-assignment-Advanced/ros2_ws/install/turtlesim/share/turtlesim/cmake/export_turtlesim__rosidl_typesupport_fastrtps_cExport.cmake
[23.674s] -- Up-to-date: /home/jamshid/Desktop/SME-Lab/week-6-assignment-Advanced/ros2_ws/install/turtlesim/share/turtlesim/cmake/export_turtlesim__rosidl_typesupport_fastrtps_cExport-noconfig.cmake
[23.674s] -- Up-to-date: /home/jamshid/Desktop/SME-Lab/week-6-assignment-Advanced/ros2_ws/install/turtlesim/share/turtlesim/cmake/export_turtlesim__rosidl_generator_cppExport.cmake
[23.674s] -- Up-to-date: /home/jamshid/Desktop/SME-Lab/week-6-assignment-Advanced/ros2_ws/install/turtlesim/share/turtlesim/cmake/export_turtlesim__rosidl_typesupport_fastrtps_cppExport.cmake
[23.675s] -- Up-to-date: /home/jamshid/Desktop/SME-Lab/week-6-assignment-Advanced/ros2_ws/install/turtlesim/share/turtlesim/cmake/export_turtlesim__rosidl_typesupport_fastrtps_cppExport-noconfig.cmake
[23.675s] -- Up-to-date: /home/jamshid/Desktop/SME-Lab/week-6-assignment-Advanced/ros2_ws/install/turtlesim/share/turtlesim/cmake/turtlesim__rosidl_typesupport_introspection_cExport.cmake
[23.675s] -- Up-to-date: /home/jamshid/Desktop/SME-Lab/week-6-assignment-Advanced/ros2_ws/install/turtlesim/share/turtlesim/cmake/turtlesim__rosidl_typesupport_introspection_cExport-noconfig.cmake
[23.676s] -- Up-to-date: /home/jamshid/Desktop/SME-Lab/week-6-assignment-Advanced/ros2_ws/install/turtlesim/share/turtlesim/cmake/turtlesim__rosidl_typesupport_cExport.cmake
[23.676s] -- Up-to-date: /home/jamshid/Desktop/SME-Lab/week-6-assignment-Advanced/ros2_ws/install/turtlesim/share/turtlesim/cmake/turtlesim__rosidl_typesupport_cExport-noconfig.cmake
[23.676s] -- Up-to-date: /home/jamshid/Desktop/SME-Lab/week-6-assignment-Advanced/ros2_ws/install/turtlesim/share/turtlesim/cmake/turtlesim__rosidl_typesupport_introspection_cppExport.cmake
[23.677s] -- Up-to-date: /home/jamshid/Desktop/SME-Lab/week-6-assignment-Advanced/ros2_ws/install/turtlesim/share/turtlesim/cmake/turtlesim__rosidl_typesupport_introspection_cppExport-noconfig.cmake
[23.677s] -- Up-to-date: /home/jamshid/Desktop/SME-Lab/week-6-assignment-Advanced/ros2_ws/install/turtlesim/share/turtlesim/cmake/turtlesim__rosidl_typesupport_cppExport.cmake
[23.677s] -- Up-to-date: /home/jamshid/Desktop/SME-Lab/week-6-assignment-Advanced/ros2_ws/install/turtlesim/share/turtlesim/cmake/turtlesim__rosidl_typesupport_cppExport-noconfig.cmake
[23.678s] -- Up-to-date: /home/jamshid/Desktop/SME-Lab/week-6-assignment-Advanced/ros2_ws/install/turtlesim/share/turtlesim/cmake/export_turtlesim__rosidl_generator_pyExport.cmake
[23.678s] -- Up-to-date: /home/jamshid/Desktop/SME-Lab/week-6-assignment-Advanced/ros2_ws/install/turtlesim/share/turtlesim/cmake/export_turtlesim__rosidl_generator_pyExport-noconfig.cmake
[23.687s] -- Up-to-date: /home/jamshid/Desktop/SME-Lab/week-6-assignment-Advanced/ros2_ws/install/turtlesim/share/turtlesim/cmake/rosidl_cmake-extras.cmake
[23.688s] -- Up-to-date: /home/jamshid/Desktop/SME-Lab/week-6-assignment-Advanced/ros2_ws/install/turtlesim/share/turtlesim/cmake/ament_cmake_export_dependencies-extras.cmake
[23.688s] -- Up-to-date: /home/jamshid/Desktop/SME-Lab/week-6-assignment-Advanced/ros2_ws/install/turtlesim/share/turtlesim/cmake/ament_cmake_export_include_directories-extras.cmake
[23.688s] -- Up-to-date: /home/jamshid/Desktop/SME-Lab/week-6-assignment-Advanced/ros2_ws/install/turtlesim/share/turtlesim/cmake/ament_cmake_export_libraries-extras.cmake
[23.689s] -- Up-to-date: /home/jamshid/Desktop/SME-Lab/week-6-assignment-Advanced/ros2_ws/install/turtlesim/share/turtlesim/cmake/ament_cmake_export_targets-extras.cmake
[23.689s] -- Up-to-date: /home/jamshid/Desktop/SME-Lab/week-6-assignment-Advanced/ros2_ws/install/turtlesim/share/turtlesim/cmake/rosidl_cmake_export_typesupport_targets-extras.cmake
[23.689s] -- Up-to-date: /home/jamshid/Desktop/SME-Lab/week-6-assignment-Advanced/ros2_ws/install/turtlesim/share/turtlesim/cmake/rosidl_cmake_export_typesupport_libraries-extras.cmake
[23.689s] -- Up-to-date: /home/jamshid/Desktop/SME-Lab/week-6-assignment-Advanced/ros2_ws/install/turtlesim/share/turtlesim/cmake/turtlesimConfig.cmake
[23.690s] -- Up-to-date: /home/jamshid/Desktop/SME-Lab/week-6-assignment-Advanced/ros2_ws/install/turtlesim/share/turtlesim/cmake/turtlesimConfig-version.cmake
[23.690s] -- Up-to-date: /home/jamshid/Desktop/SME-Lab/week-6-assignment-Advanced/ros2_ws/install/turtlesim/share/turtlesim/package.xml
[23.699s] Invoked command in '/home/jamshid/Desktop/SME-Lab/week-6-assignment-Advanced/ros2_ws/build/turtlesim' returned '0': CMAKE_PREFIX_PATH=${CMAKE_PREFIX_PATH}:/opt/ros/humble /usr/bin/cmake --install /home/jamshid/Desktop/SME-Lab/week-6-assignment-Advanced/ros2_ws/build/turtlesim
