[0.056s] Invoking command in '/home/jamshid/Desktop/SME-Lab/week-7-homework/ros2_ws/build/smart_home_cpp': CMAKE_PREFIX_PATH=/opt/ros/humble /usr/bin/cmake /home/jamshid/Desktop/SME-Lab/week-7-homework/ros2_ws/src/smart_home_cpp -DAMENT_CMAKE_SYMLINK_INSTALL=1 -DCMAKE_INSTALL_PREFIX=/home/jamshid/Desktop/SME-Lab/week-7-homework/ros2_ws/install/smart_home_cpp
[0.076s] -- Found ament_cmake: 1.3.5 (/opt/ros/humble/share/ament_cmake/cmake)
[0.209s] -- Override CMake install command with custom implementation using symlinks instead of copying resources
[0.215s] -- Found rclcpp: 16.0.6 (/opt/ros/humble/share/rclcpp/cmake)
[0.256s] -- Found rosidl_generator_c: 3.1.5 (/opt/ros/humble/share/rosidl_generator_c/cmake)
[0.259s] -- Found rosidl_adapter: 3.1.5 (/opt/ros/humble/share/rosidl_adapter/cmake)
[0.265s] -- Found rosidl_generator_cpp: 3.1.5 (/opt/ros/humble/share/rosidl_generator_cpp/cmake)
[0.283s] -- Using all available rosidl_typesupport_c: rosidl_typesupport_fastrtps_c;rosidl_typesupport_introspection_c
[0.305s] -- Using all available rosidl_typesupport_cpp: rosidl_typesupport_fastrtps_cpp;rosidl_typesupport_introspection_cpp
[0.369s] -- Found rmw_implementation_cmake: 6.1.1 (/opt/ros/humble/share/rmw_implementation_cmake/cmake)
[0.371s] -- Found rmw_fastrtps_cpp: 6.2.4 (/opt/ros/humble/share/rmw_fastrtps_cpp/cmake)
[0.492s] -- Using RMW implementation 'rmw_fastrtps_cpp' as default
[0.655s] -- Found rclcpp_action: 16.0.6 (/opt/ros/humble/share/rclcpp_action/cmake)
[0.950s] [31mCMake Error at /opt/ros/humble/share/rosidl_cmake/cmake/rosidl_generate_interfaces.cmake:229 (message):
[0.950s]   Packages installing interfaces must include
[0.950s]   '<member_of_group>rosidl_interface_packages</member_of_group>' in their
[0.950s]   package.xml
[0.950s] Call Stack (most recent call first):
[0.950s]   CMakeLists.txt:12 (rosidl_generate_interfaces)
[0.950s] 
[0.950s] [0m
[0.950s] -- Configuring incomplete, errors occurred!
[0.950s] See also "/home/jamshid/Desktop/SME-Lab/week-7-homework/ros2_ws/build/smart_home_cpp/CMakeFiles/CMakeOutput.log".
[0.961s] Invoked command in '/home/jamshid/Desktop/SME-Lab/week-7-homework/ros2_ws/build/smart_home_cpp' returned '1': CMAKE_PREFIX_PATH=/opt/ros/humble /usr/bin/cmake /home/jamshid/Desktop/SME-Lab/week-7-homework/ros2_ws/src/smart_home_cpp -DAMENT_CMAKE_SYMLINK_INSTALL=1 -DCMAKE_INSTALL_PREFIX=/home/jamshid/Desktop/SME-Lab/week-7-homework/ros2_ws/install/smart_home_cpp
