[0.056s] Invoking command in '/home/jamshid/Desktop/SME-Lab/week-7-homework/ros2_ws/build/smart_home_cpp': CMAKE_PREFIX_PATH=/opt/ros/humble /usr/bin/cmake /home/jamshid/Desktop/SME-Lab/week-7-homework/ros2_ws/src/smart_home_cpp -DCMAKE_INSTALL_PREFIX=/home/jamshid/Desktop/SME-Lab/week-7-homework/ros2_ws/install/smart_home_cpp
[0.074s] -- Found ament_cmake: 1.3.5 (/opt/ros/humble/share/ament_cmake/cmake)
[0.225s] -- Override CMake install command with custom implementation using symlinks instead of copying resources
[0.238s] -- Found rclcpp: 16.0.6 (/opt/ros/humble/share/rclcpp/cmake)
[0.276s] -- Found rosidl_generator_c: 3.1.5 (/opt/ros/humble/share/rosidl_generator_c/cmake)
[0.283s] -- Found rosidl_adapter: 3.1.5 (/opt/ros/humble/share/rosidl_adapter/cmake)
[0.303s] -- Found rosidl_generator_cpp: 3.1.5 (/opt/ros/humble/share/rosidl_generator_cpp/cmake)
[0.315s] -- Using all available rosidl_typesupport_c: rosidl_typesupport_fastrtps_c;rosidl_typesupport_introspection_c
[0.335s] -- Using all available rosidl_typesupport_cpp: rosidl_typesupport_fastrtps_cpp;rosidl_typesupport_introspection_cpp
[0.401s] -- Found rmw_implementation_cmake: 6.1.1 (/opt/ros/humble/share/rmw_implementation_cmake/cmake)
[0.402s] -- Found rmw_fastrtps_cpp: 6.2.4 (/opt/ros/humble/share/rmw_fastrtps_cpp/cmake)
[0.524s] -- Using RMW implementation 'rmw_fastrtps_cpp' as default
[0.684s] -- Found rclcpp_action: 16.0.6 (/opt/ros/humble/share/rclcpp_action/cmake)
[0.975s] [31mCMake Error at /opt/ros/humble/share/rosidl_cmake/cmake/rosidl_generate_interfaces.cmake:229 (message):
[0.977s]   Packages installing interfaces must include
[0.978s]   '<member_of_group>rosidl_interface_packages</member_of_group>' in their
[0.978s]   package.xml
[0.978s] Call Stack (most recent call first):
[0.979s]   CMakeLists.txt:12 (rosidl_generate_interfaces)
[0.980s] 
[0.980s] [0m
[0.981s] -- Configuring incomplete, errors occurred!
[0.981s] See also "/home/jamshid/Desktop/SME-Lab/week-7-homework/ros2_ws/build/smart_home_cpp/CMakeFiles/CMakeOutput.log".
[0.986s] Invoked command in '/home/jamshid/Desktop/SME-Lab/week-7-homework/ros2_ws/build/smart_home_cpp' returned '1': CMAKE_PREFIX_PATH=/opt/ros/humble /usr/bin/cmake /home/jamshid/Desktop/SME-Lab/week-7-homework/ros2_ws/src/smart_home_cpp -DCMAKE_INSTALL_PREFIX=/home/jamshid/Desktop/SME-Lab/week-7-homework/ros2_ws/install/smart_home_cpp
