[0.090s] Invoking command in '/home/jamshid/Desktop/SME-Lab/week-7-homework/ros2_ws/build/smart_home_cpp': CMAKE_PREFIX_PATH=${CMAKE_PREFIX_PATH}:/opt/ros/humble /usr/bin/cmake --build /home/jamshid/Desktop/SME-Lab/week-7-homework/ros2_ws/build/smart_home_cpp -- -j2 -l2
[0.130s] -- Found ament_cmake: 1.3.5 (/opt/ros/humble/share/ament_cmake/cmake)
[0.326s] -- Override CMake install command with custom implementation using symlinks instead of copying resources
[0.337s] -- Found rclcpp: 16.0.6 (/opt/ros/humble/share/rclcpp/cmake)
[0.369s] -- Found rosidl_generator_c: 3.1.5 (/opt/ros/humble/share/rosidl_generator_c/cmake)
[0.375s] -- Found rosidl_adapter: 3.1.5 (/opt/ros/humble/share/rosidl_adapter/cmake)
[0.383s] -- Found rosidl_generator_cpp: 3.1.5 (/opt/ros/humble/share/rosidl_generator_cpp/cmake)
[0.399s] -- Using all available rosidl_typesupport_c: rosidl_typesupport_fastrtps_c;rosidl_typesupport_introspection_c
[0.421s] -- Using all available rosidl_typesupport_cpp: rosidl_typesupport_fastrtps_cpp;rosidl_typesupport_introspection_cpp
[0.502s] -- Found rmw_implementation_cmake: 6.1.1 (/opt/ros/humble/share/rmw_implementation_cmake/cmake)
[0.504s] -- Found rmw_fastrtps_cpp: 6.2.4 (/opt/ros/humble/share/rmw_fastrtps_cpp/cmake)
[0.629s] -- Using RMW implementation 'rmw_fastrtps_cpp' as default
[0.810s] -- Found rclcpp_action: 16.0.6 (/opt/ros/humble/share/rclcpp_action/cmake)
[0.982s] [31mCMake Error at /opt/ros/humble/share/rosidl_cmake/cmake/rosidl_generate_interfaces.cmake:64 (message):
[0.982s]   rosidl_generate_interfaces() must be called before ament_package()
[0.982s] Call Stack (most recent call first):
[0.983s]   CMakeLists.txt:32 (rosidl_generate_interfaces)
[0.983s] 
[0.983s] [0m
[0.984s] -- Configuring incomplete, errors occurred!
[0.984s] See also "/home/jamshid/Desktop/SME-Lab/week-7-homework/ros2_ws/build/smart_home_cpp/CMakeFiles/CMakeOutput.log".
[0.996s] gmake: *** [Makefile:623: cmake_check_build_system] Error 1
[1.001s] Invoked command in '/home/jamshid/Desktop/SME-Lab/week-7-homework/ros2_ws/build/smart_home_cpp' returned '2': CMAKE_PREFIX_PATH=${CMAKE_PREFIX_PATH}:/opt/ros/humble /usr/bin/cmake --build /home/jamshid/Desktop/SME-Lab/week-7-homework/ros2_ws/build/smart_home_cpp -- -j2 -l2
