[0.090s] Invoking command in '/home/jamshid/Desktop/SME-Lab/week-6-assignment-Advanced/ros2_ws_new/build/sync_async_node_example_cpp': CMAKE_PREFIX_PATH=${CMAKE_PREFIX_PATH}:/home/jamshid/Desktop/SME-Lab/week-6-assignment-Advanced/ros2_ws/install/py_pubsub:/opt/ros/humble /usr/bin/cmake --build /home/jamshid/Desktop/SME-Lab/week-6-assignment-Advanced/ros2_ws_new/build/sync_async_node_example_cpp -- -j2 -l2
[0.132s] -- Found ament_cmake: 1.3.5 (/opt/ros/humble/share/ament_cmake/cmake)
[0.306s] -- Found rclcpp: 16.0.6 (/opt/ros/humble/share/rclcpp/cmake)
[0.336s] -- Found rosidl_generator_c: 3.1.5 (/opt/ros/humble/share/rosidl_generator_c/cmake)
[0.339s] -- Found rosidl_adapter: 3.1.5 (/opt/ros/humble/share/rosidl_adapter/cmake)
[0.346s] -- Found rosidl_generator_cpp: 3.1.5 (/opt/ros/humble/share/rosidl_generator_cpp/cmake)
[0.359s] -- Using all available rosidl_typesupport_c: rosidl_typesupport_fastrtps_c;rosidl_typesupport_introspection_c
[0.375s] -- Using all available rosidl_typesupport_cpp: rosidl_typesupport_fastrtps_cpp;rosidl_typesupport_introspection_cpp
[0.437s] -- Found rmw_implementation_cmake: 6.1.1 (/opt/ros/humble/share/rmw_implementation_cmake/cmake)
[0.439s] -- Found rmw_fastrtps_cpp: 6.2.4 (/opt/ros/humble/share/rmw_fastrtps_cpp/cmake)
[0.568s] -- Using RMW implementation 'rmw_fastrtps_cpp' as default
[0.734s] [31mCMake Error at /opt/ros/humble/share/ament_cmake_target_dependencies/cmake/ament_target_dependencies.cmake:77 (message):
[0.734s]   ament_target_dependencies() the passed package name 'example_interfaces'
[0.734s]   was not found before
[0.734s] Call Stack (most recent call first):
[0.734s]   CMakeLists.txt:21 (ament_target_dependencies)
[0.734s] 
[0.734s] [0m
[0.734s] -- Configuring incomplete, errors occurred!
[0.734s] See also "/home/jamshid/Desktop/SME-Lab/week-6-assignment-Advanced/ros2_ws_new/build/sync_async_node_example_cpp/CMakeFiles/CMakeOutput.log".
[0.744s] gmake: *** [Makefile:308: cmake_check_build_system] Error 1
[0.748s] Invoked command in '/home/jamshid/Desktop/SME-Lab/week-6-assignment-Advanced/ros2_ws_new/build/sync_async_node_example_cpp' returned '2': CMAKE_PREFIX_PATH=${CMAKE_PREFIX_PATH}:/home/jamshid/Desktop/SME-Lab/week-6-assignment-Advanced/ros2_ws/install/py_pubsub:/opt/ros/humble /usr/bin/cmake --build /home/jamshid/Desktop/SME-Lab/week-6-assignment-Advanced/ros2_ws_new/build/sync_async_node_example_cpp -- -j2 -l2
