[0.937s] DEBUG:colcon:Command line arguments: ['/usr/bin/colcon', 'build']
[0.937s] DEBUG:colcon:Parsed command line arguments: Namespace(log_base=None, log_level=None, verb_name='build', build_base='build', install_base='install', merge_install=False, symlink_install=False, test_result_base=None, continue_on_error=False, executor='parallel', parallel_workers=2, event_handlers=None, ignore_user_meta=False, metas=['./colcon.meta'], base_paths=['.'], packages_ignore=None, packages_ignore_regex=None, paths=None, packages_up_to=None, packages_up_to_regex=None, packages_above=None, packages_above_and_dependencies=None, packages_above_depth=None, packages_select_by_dep=None, packages_skip_by_dep=None, packages_skip_up_to=None, packages_select_build_failed=False, packages_skip_build_finished=False, packages_select_test_failures=False, packages_skip_test_passed=False, packages_select=None, packages_skip=None, packages_select_regex=None, packages_skip_regex=None, packages_start=None, packages_end=None, allow_overriding=[], cmake_args=None, cmake_target=None, cmake_target_skip_unavailable=False, cmake_clean_cache=False, cmake_clean_first=False, cmake_force_configure=False, ament_cmake_args=None, catkin_cmake_args=None, catkin_skip_building_tests=False, verb_parser=<colcon_defaults.argument_parser.defaults.DefaultArgumentsDecorator object at 0x7f9e79124820>, verb_extension=<colcon_core.verb.build.BuildVerb object at 0x7f9e79124100>, main=<bound method BuildVerb.main of <colcon_core.verb.build.BuildVerb object at 0x7f9e79124100>>)
[0.981s] Level 1:colcon.colcon_core.package_discovery:discover_packages(colcon_meta) check parameters
[0.981s] Level 1:colcon.colcon_core.package_discovery:discover_packages(recursive) check parameters
[0.981s] Level 1:colcon.colcon_core.package_discovery:discover_packages(ignore) check parameters
[0.981s] Level 1:colcon.colcon_core.package_discovery:discover_packages(path) check parameters
[0.981s] Level 1:colcon.colcon_core.package_discovery:discover_packages(colcon_meta) discover
[0.981s] Level 1:colcon.colcon_core.package_discovery:discover_packages(recursive) discover
[0.981s] INFO:colcon.colcon_core.package_discovery:Crawling recursively for packages in '/home/jamshid/Desktop/SME-Lab/week-6-assignment-Advanced/ros2_ws_new'
[0.981s] Level 1:colcon.colcon_core.package_identification:_identify(.) by extensions ['ignore', 'ignore_ament_install']
[0.982s] Level 1:colcon.colcon_core.package_identification:_identify(.) by extension 'ignore'
[0.982s] Level 1:colcon.colcon_core.package_identification:_identify(.) by extension 'ignore_ament_install'
[0.983s] Level 1:colcon.colcon_core.package_identification:_identify(.) by extensions ['colcon_pkg']
[0.983s] Level 1:colcon.colcon_core.package_identification:_identify(.) by extension 'colcon_pkg'
[0.983s] Level 1:colcon.colcon_core.package_identification:_identify(.) by extensions ['colcon_meta']
[0.983s] Level 1:colcon.colcon_core.package_identification:_identify(.) by extension 'colcon_meta'
[0.984s] Level 1:colcon.colcon_core.package_identification:_identify(.) by extensions ['ros']
[0.984s] Level 1:colcon.colcon_core.package_identification:_identify(.) by extension 'ros'
[0.996s] Level 1:colcon.colcon_core.package_identification:_identify(.) by extensions ['cmake', 'python']
[0.996s] Level 1:colcon.colcon_core.package_identification:_identify(.) by extension 'cmake'
[0.996s] Level 1:colcon.colcon_core.package_identification:_identify(.) by extension 'python'
[0.996s] Level 1:colcon.colcon_core.package_identification:_identify(.) by extensions ['python_setup_py']
[0.996s] Level 1:colcon.colcon_core.package_identification:_identify(.) by extension 'python_setup_py'
[0.996s] Level 1:colcon.colcon_core.package_identification:_identify(build) by extensions ['ignore', 'ignore_ament_install']
[0.996s] Level 1:colcon.colcon_core.package_identification:_identify(build) by extension 'ignore'
[0.997s] Level 1:colcon.colcon_core.package_identification:_identify(build) ignored
[0.997s] Level 1:colcon.colcon_core.package_identification:_identify(install) by extensions ['ignore', 'ignore_ament_install']
[0.997s] Level 1:colcon.colcon_core.package_identification:_identify(install) by extension 'ignore'
[0.997s] Level 1:colcon.colcon_core.package_identification:_identify(install) ignored
[0.997s] Level 1:colcon.colcon_core.package_identification:_identify(log) by extensions ['ignore', 'ignore_ament_install']
[0.997s] Level 1:colcon.colcon_core.package_identification:_identify(log) by extension 'ignore'
[0.997s] Level 1:colcon.colcon_core.package_identification:_identify(log) ignored
[0.998s] Level 1:colcon.colcon_core.package_identification:_identify(src) by extensions ['ignore', 'ignore_ament_install']
[0.998s] Level 1:colcon.colcon_core.package_identification:_identify(src) by extension 'ignore'
[0.998s] Level 1:colcon.colcon_core.package_identification:_identify(src) by extension 'ignore_ament_install'
[0.998s] Level 1:colcon.colcon_core.package_identification:_identify(src) by extensions ['colcon_pkg']
[0.998s] Level 1:colcon.colcon_core.package_identification:_identify(src) by extension 'colcon_pkg'
[0.998s] Level 1:colcon.colcon_core.package_identification:_identify(src) by extensions ['colcon_meta']
[0.998s] Level 1:colcon.colcon_core.package_identification:_identify(src) by extension 'colcon_meta'
[0.999s] Level 1:colcon.colcon_core.package_identification:_identify(src) by extensions ['ros']
[0.999s] Level 1:colcon.colcon_core.package_identification:_identify(src) by extension 'ros'
[0.999s] Level 1:colcon.colcon_core.package_identification:_identify(src) by extensions ['cmake', 'python']
[0.999s] Level 1:colcon.colcon_core.package_identification:_identify(src) by extension 'cmake'
[0.999s] Level 1:colcon.colcon_core.package_identification:_identify(src) by extension 'python'
[0.999s] Level 1:colcon.colcon_core.package_identification:_identify(src) by extensions ['python_setup_py']
[0.999s] Level 1:colcon.colcon_core.package_identification:_identify(src) by extension 'python_setup_py'
[0.999s] Level 1:colcon.colcon_core.package_identification:_identify(src/bag_recorder_nodes) by extensions ['ignore', 'ignore_ament_install']
[1.000s] Level 1:colcon.colcon_core.package_identification:_identify(src/bag_recorder_nodes) by extension 'ignore'
[1.000s] Level 1:colcon.colcon_core.package_identification:_identify(src/bag_recorder_nodes) by extension 'ignore_ament_install'
[1.000s] Level 1:colcon.colcon_core.package_identification:_identify(src/bag_recorder_nodes) by extensions ['colcon_pkg']
[1.000s] Level 1:colcon.colcon_core.package_identification:_identify(src/bag_recorder_nodes) by extension 'colcon_pkg'
[1.000s] Level 1:colcon.colcon_core.package_identification:_identify(src/bag_recorder_nodes) by extensions ['colcon_meta']
[1.000s] Level 1:colcon.colcon_core.package_identification:_identify(src/bag_recorder_nodes) by extension 'colcon_meta'
[1.000s] Level 1:colcon.colcon_core.package_identification:_identify(src/bag_recorder_nodes) by extensions ['ros']
[1.000s] Level 1:colcon.colcon_core.package_identification:_identify(src/bag_recorder_nodes) by extension 'ros'
[1.003s] DEBUG:colcon.colcon_core.package_identification:Package 'src/bag_recorder_nodes' with type 'ros.ament_cmake' and name 'bag_recorder_nodes'
[1.003s] Level 1:colcon.colcon_core.package_identification:_identify(src/sync_async_node_example_cpp) by extensions ['ignore', 'ignore_ament_install']
[1.004s] Level 1:colcon.colcon_core.package_identification:_identify(src/sync_async_node_example_cpp) by extension 'ignore'
[1.004s] Level 1:colcon.colcon_core.package_identification:_identify(src/sync_async_node_example_cpp) by extension 'ignore_ament_install'
[1.004s] Level 1:colcon.colcon_core.package_identification:_identify(src/sync_async_node_example_cpp) by extensions ['colcon_pkg']
[1.004s] Level 1:colcon.colcon_core.package_identification:_identify(src/sync_async_node_example_cpp) by extension 'colcon_pkg'
[1.004s] Level 1:colcon.colcon_core.package_identification:_identify(src/sync_async_node_example_cpp) by extensions ['colcon_meta']
[1.004s] Level 1:colcon.colcon_core.package_identification:_identify(src/sync_async_node_example_cpp) by extension 'colcon_meta'
[1.004s] Level 1:colcon.colcon_core.package_identification:_identify(src/sync_async_node_example_cpp) by extensions ['ros']
[1.004s] Level 1:colcon.colcon_core.package_identification:_identify(src/sync_async_node_example_cpp) by extension 'ros'
[1.005s] DEBUG:colcon.colcon_core.package_identification:Package 'src/sync_async_node_example_cpp' with type 'ros.ament_cmake' and name 'sync_async_node_example_cpp'
[1.005s] Level 1:colcon.colcon_core.package_discovery:discover_packages(recursive) using defaults
[1.005s] Level 1:colcon.colcon_core.package_discovery:discover_packages(ignore) discover
[1.006s] Level 1:colcon.colcon_core.package_discovery:discover_packages(ignore) using defaults
[1.006s] Level 1:colcon.colcon_core.package_discovery:discover_packages(path) discover
[1.006s] Level 1:colcon.colcon_core.package_discovery:discover_packages(path) using defaults
[1.093s] Level 1:colcon.colcon_core.package_discovery:discover_packages(prefix_path) check parameters
[1.094s] Level 1:colcon.colcon_core.package_discovery:discover_packages(prefix_path) discover
[1.122s] DEBUG:colcon.colcon_installed_package_information.package_discovery:Found 1 installed packages in /home/jamshid/Desktop/SME-Lab/week-6-assignment-Advanced/ros2_ws_new/install
[1.138s] DEBUG:colcon.colcon_installed_package_information.package_discovery:Found 4 installed packages in /home/jamshid/Desktop/SME-Lab/week-6-assignment-Advanced/ros2_ws/install
[1.154s] DEBUG:colcon.colcon_installed_package_information.package_discovery:Found 284 installed packages in /opt/ros/humble
[1.156s] Level 1:colcon.colcon_core.package_discovery:discover_packages(prefix_path) using defaults
[1.255s] Level 5:colcon.colcon_core.verb:set package 'bag_recorder_nodes' build argument 'cmake_args' from command line to 'None'
[1.255s] Level 5:colcon.colcon_core.verb:set package 'bag_recorder_nodes' build argument 'cmake_target' from command line to 'None'
[1.256s] Level 5:colcon.colcon_core.verb:set package 'bag_recorder_nodes' build argument 'cmake_target_skip_unavailable' from command line to 'False'
[1.256s] Level 5:colcon.colcon_core.verb:set package 'bag_recorder_nodes' build argument 'cmake_clean_cache' from command line to 'False'
[1.256s] Level 5:colcon.colcon_core.verb:set package 'bag_recorder_nodes' build argument 'cmake_clean_first' from command line to 'False'
[1.256s] Level 5:colcon.colcon_core.verb:set package 'bag_recorder_nodes' build argument 'cmake_force_configure' from command line to 'False'
[1.256s] Level 5:colcon.colcon_core.verb:set package 'bag_recorder_nodes' build argument 'ament_cmake_args' from command line to 'None'
[1.256s] Level 5:colcon.colcon_core.verb:set package 'bag_recorder_nodes' build argument 'catkin_cmake_args' from command line to 'None'
[1.256s] Level 5:colcon.colcon_core.verb:set package 'bag_recorder_nodes' build argument 'catkin_skip_building_tests' from command line to 'False'
[1.256s] DEBUG:colcon.colcon_core.verb:Building package 'bag_recorder_nodes' with the following arguments: {'ament_cmake_args': None, 'build_base': '/home/jamshid/Desktop/SME-Lab/week-6-assignment-Advanced/ros2_ws_new/build/bag_recorder_nodes', 'catkin_cmake_args': None, 'catkin_skip_building_tests': False, 'cmake_args': None, 'cmake_clean_cache': False, 'cmake_clean_first': False, 'cmake_force_configure': False, 'cmake_target': None, 'cmake_target_skip_unavailable': False, 'install_base': '/home/jamshid/Desktop/SME-Lab/week-6-assignment-Advanced/ros2_ws_new/install/bag_recorder_nodes', 'merge_install': False, 'path': '/home/jamshid/Desktop/SME-Lab/week-6-assignment-Advanced/ros2_ws_new/src/bag_recorder_nodes', 'symlink_install': False, 'test_result_base': None}
[1.272s] Level 5:colcon.colcon_core.verb:set package 'sync_async_node_example_cpp' build argument 'cmake_args' from command line to 'None'
[1.272s] Level 5:colcon.colcon_core.verb:set package 'sync_async_node_example_cpp' build argument 'cmake_target' from command line to 'None'
[1.272s] Level 5:colcon.colcon_core.verb:set package 'sync_async_node_example_cpp' build argument 'cmake_target_skip_unavailable' from command line to 'False'
[1.272s] Level 5:colcon.colcon_core.verb:set package 'sync_async_node_example_cpp' build argument 'cmake_clean_cache' from command line to 'False'
[1.272s] Level 5:colcon.colcon_core.verb:set package 'sync_async_node_example_cpp' build argument 'cmake_clean_first' from command line to 'False'
[1.272s] Level 5:colcon.colcon_core.verb:set package 'sync_async_node_example_cpp' build argument 'cmake_force_configure' from command line to 'False'
[1.272s] Level 5:colcon.colcon_core.verb:set package 'sync_async_node_example_cpp' build argument 'ament_cmake_args' from command line to 'None'
[1.272s] Level 5:colcon.colcon_core.verb:set package 'sync_async_node_example_cpp' build argument 'catkin_cmake_args' from command line to 'None'
[1.272s] Level 5:colcon.colcon_core.verb:set package 'sync_async_node_example_cpp' build argument 'catkin_skip_building_tests' from command line to 'False'
[1.272s] DEBUG:colcon.colcon_core.verb:Building package 'sync_async_node_example_cpp' with the following arguments: {'ament_cmake_args': None, 'build_base': '/home/jamshid/Desktop/SME-Lab/week-6-assignment-Advanced/ros2_ws_new/build/sync_async_node_example_cpp', 'catkin_cmake_args': None, 'catkin_skip_building_tests': False, 'cmake_args': None, 'cmake_clean_cache': False, 'cmake_clean_first': False, 'cmake_force_configure': False, 'cmake_target': None, 'cmake_target_skip_unavailable': False, 'install_base': '/home/jamshid/Desktop/SME-Lab/week-6-assignment-Advanced/ros2_ws_new/install/sync_async_node_example_cpp', 'merge_install': False, 'path': '/home/jamshid/Desktop/SME-Lab/week-6-assignment-Advanced/ros2_ws_new/src/sync_async_node_example_cpp', 'symlink_install': False, 'test_result_base': None}
[1.287s] INFO:colcon.colcon_core.executor:Executing jobs using 'parallel' executor
[1.301s] DEBUG:colcon.colcon_parallel_executor.executor.parallel:run_until_complete
[1.302s] INFO:colcon.colcon_ros.task.ament_cmake.build:Building ROS package in '/home/jamshid/Desktop/SME-Lab/week-6-assignment-Advanced/ros2_ws_new/src/bag_recorder_nodes' with build type 'ament_cmake'
[1.303s] INFO:colcon.colcon_cmake.task.cmake.build:Building CMake package in '/home/jamshid/Desktop/SME-Lab/week-6-assignment-Advanced/ros2_ws_new/src/bag_recorder_nodes'
[1.323s] INFO:colcon.colcon_core.plugin_system:Skipping extension 'colcon_core.shell.bat': Not used on non-Windows systems
[1.323s] INFO:colcon.colcon_core.shell:Skip shell extension 'powershell' for command environment: Not usable outside of PowerShell
[1.323s] DEBUG:colcon.colcon_core.shell:Skip shell extension 'dsv' for command environment
[1.390s] INFO:colcon.colcon_ros.task.ament_cmake.build:Building ROS package in '/home/jamshid/Desktop/SME-Lab/week-6-assignment-Advanced/ros2_ws_new/src/sync_async_node_example_cpp' with build type 'ament_cmake'
[1.391s] INFO:colcon.colcon_cmake.task.cmake.build:Building CMake package in '/home/jamshid/Desktop/SME-Lab/week-6-assignment-Advanced/ros2_ws_new/src/sync_async_node_example_cpp'
[1.413s] INFO:colcon.colcon_core.shell:Skip shell extension 'powershell' for command environment: Not usable outside of PowerShell
[1.415s] DEBUG:colcon.colcon_core.shell:Skip shell extension 'dsv' for command environment
[1.494s] DEBUG:colcon.colcon_core.event_handler.log_command:Invoking command in '/home/jamshid/Desktop/SME-Lab/week-6-assignment-Advanced/ros2_ws_new/build/bag_recorder_nodes': CMAKE_PREFIX_PATH=${CMAKE_PREFIX_PATH}:/home/jamshid/Desktop/SME-Lab/week-6-assignment-Advanced/ros2_ws/install/py_pubsub:/opt/ros/humble /usr/bin/cmake /home/jamshid/Desktop/SME-Lab/week-6-assignment-Advanced/ros2_ws_new/src/bag_recorder_nodes -DCMAKE_INSTALL_PREFIX=/home/jamshid/Desktop/SME-Lab/week-6-assignment-Advanced/ros2_ws_new/install/bag_recorder_nodes
[1.512s] DEBUG:colcon.colcon_core.event_handler.log_command:Invoking command in '/home/jamshid/Desktop/SME-Lab/week-6-assignment-Advanced/ros2_ws_new/build/sync_async_node_example_cpp': CMAKE_PREFIX_PATH=${CMAKE_PREFIX_PATH}:/home/jamshid/Desktop/SME-Lab/week-6-assignment-Advanced/ros2_ws/install/py_pubsub:/opt/ros/humble /usr/bin/cmake --build /home/jamshid/Desktop/SME-Lab/week-6-assignment-Advanced/ros2_ws_new/build/sync_async_node_example_cpp -- -j2 -l2
[2.471s] DEBUG:colcon.colcon_core.event_handler.log_command:Invoked command in '/home/jamshid/Desktop/SME-Lab/week-6-assignment-Advanced/ros2_ws_new/build/sync_async_node_example_cpp' returned '2': CMAKE_PREFIX_PATH=${CMAKE_PREFIX_PATH}:/home/jamshid/Desktop/SME-Lab/week-6-assignment-Advanced/ros2_ws/install/py_pubsub:/opt/ros/humble /usr/bin/cmake --build /home/jamshid/Desktop/SME-Lab/week-6-assignment-Advanced/ros2_ws_new/build/sync_async_node_example_cpp -- -j2 -l2
[2.550s] Level 1:colcon.colcon_core.environment:create_environment_scripts_only(sync_async_node_example_cpp)
[2.575s] Level 1:colcon.colcon_core.environment:checking '/home/jamshid/Desktop/SME-Lab/week-6-assignment-Advanced/ros2_ws_new/install/sync_async_node_example_cpp' for CMake module files
[2.576s] Level 1:colcon.colcon_core.environment:checking '/home/jamshid/Desktop/SME-Lab/week-6-assignment-Advanced/ros2_ws_new/install/sync_async_node_example_cpp' for CMake config files
[2.576s] Level 1:colcon.colcon_core.shell:create_environment_hook('sync_async_node_example_cpp', 'cmake_prefix_path')
[2.601s] INFO:colcon.colcon_core.shell:Creating environment hook '/home/jamshid/Desktop/SME-Lab/week-6-assignment-Advanced/ros2_ws_new/install/sync_async_node_example_cpp/share/sync_async_node_example_cpp/hook/cmake_prefix_path.ps1'
[2.602s] INFO:colcon.colcon_core.shell:Creating environment descriptor '/home/jamshid/Desktop/SME-Lab/week-6-assignment-Advanced/ros2_ws_new/install/sync_async_node_example_cpp/share/sync_async_node_example_cpp/hook/cmake_prefix_path.dsv'
[2.604s] INFO:colcon.colcon_core.shell:Creating environment hook '/home/jamshid/Desktop/SME-Lab/week-6-assignment-Advanced/ros2_ws_new/install/sync_async_node_example_cpp/share/sync_async_node_example_cpp/hook/cmake_prefix_path.sh'
[2.607s] Level 1:colcon.colcon_core.environment:checking '/home/jamshid/Desktop/SME-Lab/week-6-assignment-Advanced/ros2_ws_new/install/sync_async_node_example_cpp/lib'
[2.608s] Level 1:colcon.colcon_core.environment:checking '/home/jamshid/Desktop/SME-Lab/week-6-assignment-Advanced/ros2_ws_new/install/sync_async_node_example_cpp/bin'
[2.608s] Level 1:colcon.colcon_core.environment:checking '/home/jamshid/Desktop/SME-Lab/week-6-assignment-Advanced/ros2_ws_new/install/sync_async_node_example_cpp/lib/pkgconfig/sync_async_node_example_cpp.pc'
[2.608s] Level 1:colcon.colcon_core.environment:checking '/home/jamshid/Desktop/SME-Lab/week-6-assignment-Advanced/ros2_ws_new/install/sync_async_node_example_cpp/lib/python3.10/site-packages'
[2.609s] Level 1:colcon.colcon_core.environment:checking '/home/jamshid/Desktop/SME-Lab/week-6-assignment-Advanced/ros2_ws_new/install/sync_async_node_example_cpp/bin'
[2.636s] INFO:colcon.colcon_core.shell:Creating package script '/home/jamshid/Desktop/SME-Lab/week-6-assignment-Advanced/ros2_ws_new/install/sync_async_node_example_cpp/share/sync_async_node_example_cpp/package.ps1'
[2.638s] INFO:colcon.colcon_core.shell:Creating package descriptor '/home/jamshid/Desktop/SME-Lab/week-6-assignment-Advanced/ros2_ws_new/install/sync_async_node_example_cpp/share/sync_async_node_example_cpp/package.dsv'
[2.639s] INFO:colcon.colcon_core.shell:Creating package script '/home/jamshid/Desktop/SME-Lab/week-6-assignment-Advanced/ros2_ws_new/install/sync_async_node_example_cpp/share/sync_async_node_example_cpp/package.sh'
[2.641s] INFO:colcon.colcon_core.shell:Creating package script '/home/jamshid/Desktop/SME-Lab/week-6-assignment-Advanced/ros2_ws_new/install/sync_async_node_example_cpp/share/sync_async_node_example_cpp/package.bash'
[2.644s] INFO:colcon.colcon_core.shell:Creating package script '/home/jamshid/Desktop/SME-Lab/week-6-assignment-Advanced/ros2_ws_new/install/sync_async_node_example_cpp/share/sync_async_node_example_cpp/package.zsh'
[2.647s] Level 1:colcon.colcon_core.environment:create_file_with_runtime_dependencies(/home/jamshid/Desktop/SME-Lab/week-6-assignment-Advanced/ros2_ws_new/install/sync_async_node_example_cpp/share/colcon-core/packages/sync_async_node_example_cpp)
[3.803s] DEBUG:colcon.colcon_parallel_executor.executor.parallel:closing loop
[3.803s] DEBUG:colcon.colcon_parallel_executor.executor.parallel:loop closed
[3.803s] DEBUG:colcon.colcon_parallel_executor.executor.parallel:run_until_complete finished with '2'
[3.804s] DEBUG:colcon.colcon_core.event_reactor:joining thread
[3.836s] INFO:colcon.colcon_core.plugin_system:Skipping extension 'colcon_notification.desktop_notification.terminal_notifier': Not used on non-Darwin systems
[3.837s] INFO:colcon.colcon_core.plugin_system:Skipping extension 'colcon_notification.desktop_notification.win32': Not used on non-Windows systems
[3.837s] INFO:colcon.colcon_notification.desktop_notification:Sending desktop notification using 'notify2'
[3.856s] DEBUG:colcon.colcon_core.event_reactor:joined thread
[3.880s] INFO:colcon.colcon_core.shell:Creating prefix script '/home/jamshid/Desktop/SME-Lab/week-6-assignment-Advanced/ros2_ws_new/install/local_setup.ps1'
[3.882s] INFO:colcon.colcon_core.shell:Creating prefix util module '/home/jamshid/Desktop/SME-Lab/week-6-assignment-Advanced/ros2_ws_new/install/_local_setup_util_ps1.py'
[3.884s] INFO:colcon.colcon_core.shell:Creating prefix chain script '/home/jamshid/Desktop/SME-Lab/week-6-assignment-Advanced/ros2_ws_new/install/setup.ps1'
[3.908s] INFO:colcon.colcon_core.shell:Creating prefix script '/home/jamshid/Desktop/SME-Lab/week-6-assignment-Advanced/ros2_ws_new/install/local_setup.sh'
[3.910s] INFO:colcon.colcon_core.shell:Creating prefix util module '/home/jamshid/Desktop/SME-Lab/week-6-assignment-Advanced/ros2_ws_new/install/_local_setup_util_sh.py'
[3.912s] INFO:colcon.colcon_core.shell:Creating prefix chain script '/home/jamshid/Desktop/SME-Lab/week-6-assignment-Advanced/ros2_ws_new/install/setup.sh'
[3.932s] INFO:colcon.colcon_core.shell:Creating prefix script '/home/jamshid/Desktop/SME-Lab/week-6-assignment-Advanced/ros2_ws_new/install/local_setup.bash'
[3.934s] INFO:colcon.colcon_core.shell:Creating prefix chain script '/home/jamshid/Desktop/SME-Lab/week-6-assignment-Advanced/ros2_ws_new/install/setup.bash'
[3.954s] INFO:colcon.colcon_core.shell:Creating prefix script '/home/jamshid/Desktop/SME-Lab/week-6-assignment-Advanced/ros2_ws_new/install/local_setup.zsh'
[3.956s] INFO:colcon.colcon_core.shell:Creating prefix chain script '/home/jamshid/Desktop/SME-Lab/week-6-assignment-Advanced/ros2_ws_new/install/setup.zsh'
