[0.103s] Invoking command in '/home/jamshid/Desktop/SME-Lab/week-6-assignment-Advanced/ros2_ws/build/cpp_pubsub': CMAKE_PREFIX_PATH=${CMAKE_PREFIX_PATH}:/opt/ros/humble /usr/bin/cmake /home/jamshid/Desktop/SME-Lab/week-6-assignment-Advanced/ros2_ws/src/cpp_pubsub -DCMAKE_INSTALL_PREFIX=/home/jamshid/Desktop/SME-Lab/week-6-assignment-Advanced/ros2_ws/install/cpp_pubsub
[0.183s] -- The C compiler identification is GNU 11.4.0
[0.250s] -- The CXX compiler identification is GNU 11.4.0
[0.258s] -- Detecting C compiler ABI info
[0.356s] -- Detecting C compiler ABI info - done
[0.364s] -- Check for working C compiler: /usr/bin/cc - skipped
[0.365s] -- Detecting C compile features
[0.366s] -- Detecting C compile features - done
[0.371s] -- Detecting CXX compiler ABI info
[0.478s] -- Detecting CXX compiler ABI info - done
[0.486s] -- Check for working CXX compiler: /usr/bin/c++ - skipped
[0.487s] -- Detecting CXX compile features
[0.488s] -- Detecting CXX compile features - done
[0.493s] -- Found ament_cmake: 1.3.5 (/opt/ros/humble/share/ament_cmake/cmake)
[0.672s] -- Found Python3: /usr/bin/python3.10 (found version "3.10.12") found components: Interpreter 
[0.759s] -- Found ament_lint_auto: 0.12.8 (/opt/ros/humble/share/ament_lint_auto/cmake)
[0.842s] -- Added test 'cppcheck' to perform static code analysis on C / C++ code
[0.843s] -- Configured cppcheck include dirs: 
[0.844s] -- Configured cppcheck exclude dirs and/or files: 
[0.848s] -- Added test 'lint_cmake' to check CMake code style
[0.848s] -- Added test 'uncrustify' to check C / C++ code style
[0.848s] -- Configured uncrustify additional arguments: 
[0.848s] -- Added test 'xmllint' to check XML markup files
[0.848s] -- Configuring done
[0.854s] -- Generating done
[0.855s] -- Build files have been written to: /home/jamshid/Desktop/SME-Lab/week-6-assignment-Advanced/ros2_ws/build/cpp_pubsub
[0.864s] Invoked command in '/home/jamshid/Desktop/SME-Lab/week-6-assignment-Advanced/ros2_ws/build/cpp_pubsub' returned '0': CMAKE_PREFIX_PATH=${CMAKE_PREFIX_PATH}:/opt/ros/humble /usr/bin/cmake /home/jamshid/Desktop/SME-Lab/week-6-assignment-Advanced/ros2_ws/src/cpp_pubsub -DCMAKE_INSTALL_PREFIX=/home/jamshid/Desktop/SME-Lab/week-6-assignment-Advanced/ros2_ws/install/cpp_pubsub
[0.865s] Invoking command in '/home/jamshid/Desktop/SME-Lab/week-6-assignment-Advanced/ros2_ws/build/cpp_pubsub': CMAKE_PREFIX_PATH=${CMAKE_PREFIX_PATH}:/opt/ros/humble /usr/bin/cmake --build /home/jamshid/Desktop/SME-Lab/week-6-assignment-Advanced/ros2_ws/build/cpp_pubsub -- -j2 -l2
[0.922s] Invoked command in '/home/jamshid/Desktop/SME-Lab/week-6-assignment-Advanced/ros2_ws/build/cpp_pubsub' returned '0': CMAKE_PREFIX_PATH=${CMAKE_PREFIX_PATH}:/opt/ros/humble /usr/bin/cmake --build /home/jamshid/Desktop/SME-Lab/week-6-assignment-Advanced/ros2_ws/build/cpp_pubsub -- -j2 -l2
[0.979s] Invoking command in '/home/jamshid/Desktop/SME-Lab/week-6-assignment-Advanced/ros2_ws/build/cpp_pubsub': CMAKE_PREFIX_PATH=${CMAKE_PREFIX_PATH}:/opt/ros/humble /usr/bin/cmake --install /home/jamshid/Desktop/SME-Lab/week-6-assignment-Advanced/ros2_ws/build/cpp_pubsub
[0.988s] -- Install configuration: ""
[0.990s] -- Installing: /home/jamshid/Desktop/SME-Lab/week-6-assignment-Advanced/ros2_ws/install/cpp_pubsub/share/ament_index/resource_index/package_run_dependencies/cpp_pubsub
[0.992s] -- Installing: /home/jamshid/Desktop/SME-Lab/week-6-assignment-Advanced/ros2_ws/install/cpp_pubsub/share/ament_index/resource_index/parent_prefix_path/cpp_pubsub
[0.993s] -- Installing: /home/jamshid/Desktop/SME-Lab/week-6-assignment-Advanced/ros2_ws/install/cpp_pubsub/share/cpp_pubsub/environment/ament_prefix_path.sh
[0.995s] -- Installing: /home/jamshid/Desktop/SME-Lab/week-6-assignment-Advanced/ros2_ws/install/cpp_pubsub/share/cpp_pubsub/environment/ament_prefix_path.dsv
[0.996s] -- Installing: /home/jamshid/Desktop/SME-Lab/week-6-assignment-Advanced/ros2_ws/install/cpp_pubsub/share/cpp_pubsub/environment/path.sh
[0.998s] -- Installing: /home/jamshid/Desktop/SME-Lab/week-6-assignment-Advanced/ros2_ws/install/cpp_pubsub/share/cpp_pubsub/environment/path.dsv
[0.999s] -- Installing: /home/jamshid/Desktop/SME-Lab/week-6-assignment-Advanced/ros2_ws/install/cpp_pubsub/share/cpp_pubsub/local_setup.bash
[0.999s] -- Installing: /home/jamshid/Desktop/SME-Lab/week-6-assignment-Advanced/ros2_ws/install/cpp_pubsub/share/cpp_pubsub/local_setup.sh
[1.000s] -- Installing: /home/jamshid/Desktop/SME-Lab/week-6-assignment-Advanced/ros2_ws/install/cpp_pubsub/share/cpp_pubsub/local_setup.zsh
[1.000s] -- Installing: /home/jamshid/Desktop/SME-Lab/week-6-assignment-Advanced/ros2_ws/install/cpp_pubsub/share/cpp_pubsub/local_setup.dsv
[1.001s] -- Installing: /home/jamshid/Desktop/SME-Lab/week-6-assignment-Advanced/ros2_ws/install/cpp_pubsub/share/cpp_pubsub/package.dsv
[1.001s] -- Installing: /home/jamshid/Desktop/SME-Lab/week-6-assignment-Advanced/ros2_ws/install/cpp_pubsub/share/ament_index/resource_index/packages/cpp_pubsub
[1.001s] -- Installing: /home/jamshid/Desktop/SME-Lab/week-6-assignment-Advanced/ros2_ws/install/cpp_pubsub/share/cpp_pubsub/cmake/cpp_pubsubConfig.cmake
[1.002s] -- Installing: /home/jamshid/Desktop/SME-Lab/week-6-assignment-Advanced/ros2_ws/install/cpp_pubsub/share/cpp_pubsub/cmake/cpp_pubsubConfig-version.cmake
[1.002s] -- Installing: /home/jamshid/Desktop/SME-Lab/week-6-assignment-Advanced/ros2_ws/install/cpp_pubsub/share/cpp_pubsub/package.xml
[1.007s] Invoked command in '/home/jamshid/Desktop/SME-Lab/week-6-assignment-Advanced/ros2_ws/build/cpp_pubsub' returned '0': CMAKE_PREFIX_PATH=${CMAKE_PREFIX_PATH}:/opt/ros/humble /usr/bin/cmake --install /home/jamshid/Desktop/SME-Lab/week-6-assignment-Advanced/ros2_ws/build/cpp_pubsub
